{"C:\\Users\\manik\\OneDrive\\Desktop\\Desktop\\skillshpere\\src\\App.tsx": {"path":"C:\\Users\\manik\\OneDrive\\Desktop\\Desktop\\skillshpere\\src\\App.tsx","statementMap":{"0":{"start":{"line":1,"column":0},"end":{"line":1,"column":50}},"1":{"start":{"line":2,"column":0},"end":{"line":2,"column":59}},"2":{"start":{"line":3,"column":0},"end":{"line":3,"column":58}},"3":{"start":{"line":4,"column":0},"end":{"line":4,"column":73}},"4":{"start":{"line":5,"column":0},"end":{"line":5,"column":64}},"5":{"start":{"line":6,"column":0},"end":{"line":6,"column":54}},"6":{"start":{"line":7,"column":0},"end":{"line":7,"column":61}},"7":{"start":{"line":8,"column":0},"end":{"line":8,"column":34}},"8":{"start":{"line":9,"column":0},"end":{"line":9,"column":42}},"9":{"start":{"line":10,"column":0},"end":{"line":10,"column":34}},"10":{"start":{"line":11,"column":0},"end":{"line":11,"column":40}},"11":{"start":{"line":12,"column":0},"end":{"line":12,"column":38}},"12":{"start":{"line":13,"column":0},"end":{"line":13,"column":40}},"13":{"start":{"line":14,"column":0},"end":{"line":14,"column":38}},"14":{"start":{"line":15,"column":0},"end":{"line":15,"column":38}},"15":{"start":{"line":16,"column":0},"end":{"line":16,"column":40}},"16":{"start":{"line":17,"column":0},"end":{"line":17,"column":32}},"17":{"start":{"line":19,"column":20},"end":{"line":19,"column":37}},"18":{"start":{"line":21,"column":12},"end":{"line":61,"column":null}},"19":{"start":{"line":22,"column":2},"end":{"line":60,"column":null}},"20":{"start":{"line":64,"column":0},"end":{"line":64,"column":19}}},"fnMap":{"0":{"name":"(anonymous_1)","decl":{"start":{"line":21,"column":12},"end":{"line":21,"column":15}},"loc":{"start":{"line":22,"column":2},"end":{"line":60,"column":null}}}},"branchMap":{},"s":{"0":0,"1":0,"2":0,"3":0,"4":0,"5":0,"6":0,"7":0,"8":0,"9":0,"10":0,"11":0,"12":0,"13":0,"14":0,"15":0,"16":0,"17":0,"18":0,"19":0,"20":0},"f":{"0":0},"b":{}}
,"C:\\Users\\manik\\OneDrive\\Desktop\\Desktop\\skillshpere\\src\\components\\Footer.tsx": {"path":"C:\\Users\\manik\\OneDrive\\Desktop\\Desktop\\skillshpere\\src\\components\\Footer.tsx","statementMap":{"0":{"start":{"line":1,"column":0},"end":{"line":1,"column":39}},"1":{"start":{"line":3,"column":22},"end":{"line":116,"column":1}},"2":{"start":{"line":4,"column":22},"end":{"line":9,"column":4}},"3":{"start":{"line":11,"column":2},"end":{"line":115,"column":4}},"4":{"start":{"line":40,"column":16},"end":{"line":41,"column":null}},"5":{"start":{"line":58,"column":12},"end":{"line":59,"column":null}},"6":{"start":{"line":68,"column":18},"end":{"line":69,"column":null}},"7":{"start":{"line":3,"column":13},"end":{"line":3,"column":22}}},"fnMap":{"0":{"name":"(anonymous_0)","decl":{"start":{"line":3,"column":22},"end":{"line":3,"column":25}},"loc":{"start":{"line":3,"column":27},"end":{"line":116,"column":1}}},"1":{"name":"(anonymous_1)","decl":{"start":{"line":39,"column":53},"end":{"line":39,"column":54}},"loc":{"start":{"line":40,"column":16},"end":{"line":41,"column":null}}},"2":{"name":"(anonymous_2)","decl":{"start":{"line":57,"column":43},"end":{"line":57,"column":44}},"loc":{"start":{"line":58,"column":12},"end":{"line":59,"column":null}}},"3":{"name":"(anonymous_3)","decl":{"start":{"line":67,"column":27},"end":{"line":67,"column":28}},"loc":{"start":{"line":68,"column":18},"end":{"line":69,"column":null}}}},"branchMap":{},"s":{"0":0,"1":0,"2":0,"3":0,"4":0,"5":0,"6":0,"7":0},"f":{"0":0,"1":0,"2":0,"3":0},"b":{}}
,"C:\\Users\\manik\\OneDrive\\Desktop\\Desktop\\skillshpere\\src\\components\\Hero.tsx": {"path":"C:\\Users\\manik\\OneDrive\\Desktop\\Desktop\\skillshpere\\src\\components\\Hero.tsx","statementMap":{"0":{"start":{"line":1,"column":0},"end":{"line":1,"column":39}},"1":{"start":{"line":2,"column":0},"end":{"line":2,"column":48}},"2":{"start":{"line":3,"column":0},"end":{"line":3,"column":42}},"3":{"start":{"line":4,"column":0},"end":{"line":4,"column":40}},"4":{"start":{"line":6,"column":20},"end":{"line":113,"column":1}},"5":{"start":{"line":7,"column":2},"end":{"line":112,"column":4}},"6":{"start":{"line":6,"column":13},"end":{"line":6,"column":20}}},"fnMap":{"0":{"name":"(anonymous_0)","decl":{"start":{"line":6,"column":20},"end":{"line":6,"column":23}},"loc":{"start":{"line":6,"column":25},"end":{"line":113,"column":1}}}},"branchMap":{},"s":{"0":0,"1":0,"2":0,"3":0,"4":0,"5":0,"6":0},"f":{"0":0},"b":{}}
,"C:\\Users\\manik\\OneDrive\\Desktop\\Desktop\\skillshpere\\src\\components\\Navigation.tsx": {"path":"C:\\Users\\manik\\OneDrive\\Desktop\\Desktop\\skillshpere\\src\\components\\Navigation.tsx","statementMap":{"0":{"start":{"line":1,"column":0},"end":{"line":1,"column":39}},"1":{"start":{"line":2,"column":0},"end":{"line":2,"column":48}},"2":{"start":{"line":3,"column":0},"end":{"line":3,"column":53}},"3":{"start":{"line":4,"column":0},"end":{"line":4,"column":50}},"4":{"start":{"line":5,"column":0},"end":{"line":5,"column":47}},"5":{"start":{"line":6,"column":0},"end":{"line":6,"column":33}},"6":{"start":{"line":8,"column":26},"end":{"line":193,"column":1}},"7":{"start":{"line":9,"column":19},"end":{"line":9,"column":32}},"8":{"start":{"line":10,"column":44},"end":{"line":10,"column":53}},"9":{"start":{"line":11,"column":50},"end":{"line":11,"column":65}},"10":{"start":{"line":13,"column":19},"end":{"line":19,"column":4}},"11":{"start":{"line":21,"column":21},"end":{"line":21,"column":88}},"12":{"start":{"line":23,"column":2},"end":{"line":25,"column":3}},"13":{"start":{"line":24,"column":4},"end":{"line":24,"column":16}},"14":{"start":{"line":27,"column":2},"end":{"line":192,"column":4}},"15":{"start":{"line":54,"column":14},"end":{"line":55,"column":null}},"16":{"start":{"line":118,"column":29},"end":{"line":118,"column":67}},"17":{"start":{"line":137,"column":16},"end":{"line":138,"column":null}},"18":{"start":{"line":140,"column":33},"end":{"line":140,"column":59}},"19":{"start":{"line":156,"column":53},"end":{"line":156,"column":79}},"20":{"start":{"line":165,"column":22},"end":{"line":165,"column":31}},"21":{"start":{"line":166,"column":22},"end":{"line":166,"column":49}},"22":{"start":{"line":175,"column":51},"end":{"line":175,"column":77}},"23":{"start":{"line":180,"column":54},"end":{"line":180,"column":80}},"24":{"start":{"line":8,"column":13},"end":{"line":8,"column":26}}},"fnMap":{"0":{"name":"(anonymous_0)","decl":{"start":{"line":8,"column":26},"end":{"line":8,"column":29}},"loc":{"start":{"line":8,"column":31},"end":{"line":193,"column":1}}},"1":{"name":"(anonymous_1)","decl":{"start":{"line":53,"column":26},"end":{"line":53,"column":27}},"loc":{"start":{"line":54,"column":14},"end":{"line":55,"column":null}}},"2":{"name":"(anonymous_2)","decl":{"start":{"line":118,"column":23},"end":{"line":118,"column":26}},"loc":{"start":{"line":118,"column":29},"end":{"line":118,"column":67}}},"3":{"name":"(anonymous_3)","decl":{"start":{"line":136,"column":28},"end":{"line":136,"column":29}},"loc":{"start":{"line":137,"column":16},"end":{"line":138,"column":null}}},"4":{"name":"(anonymous_4)","decl":{"start":{"line":140,"column":27},"end":{"line":140,"column":30}},"loc":{"start":{"line":140,"column":33},"end":{"line":140,"column":59}}},"5":{"name":"(anonymous_5)","decl":{"start":{"line":156,"column":47},"end":{"line":156,"column":50}},"loc":{"start":{"line":156,"column":53},"end":{"line":156,"column":79}}},"6":{"name":"(anonymous_6)","decl":{"start":{"line":164,"column":29},"end":{"line":164,"column":32}},"loc":{"start":{"line":164,"column":34},"end":{"line":167,"column":21}}},"7":{"name":"(anonymous_7)","decl":{"start":{"line":175,"column":45},"end":{"line":175,"column":48}},"loc":{"start":{"line":175,"column":51},"end":{"line":175,"column":77}}},"8":{"name":"(anonymous_8)","decl":{"start":{"line":180,"column":48},"end":{"line":180,"column":51}},"loc":{"start":{"line":180,"column":54},"end":{"line":180,"column":80}}}},"branchMap":{"0":{"loc":{"start":{"line":21,"column":21},"end":{"line":21,"column":88}},"type":"binary-expr","locations":[{"start":{"line":21,"column":21},"end":{"line":21,"column":51}},{"start":{"line":21,"column":55},"end":{"line":21,"column":88}}]},"1":{"loc":{"start":{"line":23,"column":2},"end":{"line":25,"column":3}},"type":"if","locations":[{"start":{"line":23,"column":2},"end":{"line":25,"column":3}},{"start":{},"end":{}}]},"2":{"loc":{"start":{"line":63,"column":20},"end":{"line":65,"column":null}},"type":"cond-expr","locations":[{"start":{"line":64,"column":24},"end":{"line":64,"column":48}},{"start":{"line":65,"column":24},"end":{"line":65,"column":null}}]},"3":{"loc":{"start":{"line":81,"column":13},"end":{"line":109,"column":null}},"type":"cond-expr","locations":[{"start":{"line":82,"column":14},"end":{"line":95,"column":null}},{"start":{"line":98,"column":14},"end":{"line":108,"column":null}}]},"4":{"loc":{"start":{"line":121,"column":15},"end":{"line":121,"column":90}},"type":"cond-expr","locations":[{"start":{"line":121,"column":34},"end":{"line":121,"column":59}},{"start":{"line":121,"column":62},"end":{"line":121,"column":90}}]},"5":{"loc":{"start":{"line":127,"column":9},"end":{"line":188,"column":null}},"type":"binary-expr","locations":[{"start":{"line":127,"column":9},"end":{"line":127,"column":25}},{"start":{"line":128,"column":10},"end":{"line":187,"column":null}}]},"6":{"loc":{"start":{"line":142,"column":20},"end":{"line":144,"column":null}},"type":"cond-expr","locations":[{"start":{"line":143,"column":24},"end":{"line":143,"column":60}},{"start":{"line":144,"column":24},"end":{"line":144,"column":null}}]},"7":{"loc":{"start":{"line":154,"column":15},"end":{"line":185,"column":null}},"type":"cond-expr","locations":[{"start":{"line":155,"column":16},"end":{"line":171,"column":null}},{"start":{"line":174,"column":16},"end":{"line":184,"column":null}}]}},"s":{"0":0,"1":0,"2":0,"3":0,"4":0,"5":0,"6":0,"7":0,"8":0,"9":0,"10":0,"11":0,"12":0,"13":0,"14":0,"15":0,"16":0,"17":0,"18":0,"19":0,"20":0,"21":0,"22":0,"23":0,"24":0},"f":{"0":0,"1":0,"2":0,"3":0,"4":0,"5":0,"6":0,"7":0,"8":0},"b":{"0":[0,0],"1":[0,0],"2":[0,0],"3":[0,0],"4":[0,0],"5":[0,0],"6":[0,0],"7":[0,0]}}
,"C:\\Users\\manik\\OneDrive\\Desktop\\Desktop\\skillshpere\\src\\components\\ProtectedRoute.tsx": {"path":"C:\\Users\\manik\\OneDrive\\Desktop\\Desktop\\skillshpere\\src\\components\\ProtectedRoute.tsx","statementMap":{"0":{"start":{"line":1,"column":0},"end":{"line":1,"column":41}},"1":{"start":{"line":2,"column":0},"end":{"line":2,"column":57}},"2":{"start":{"line":3,"column":0},"end":{"line":3,"column":50}},"3":{"start":{"line":10,"column":61},"end":{"line":34,"column":1}},"4":{"start":{"line":11,"column":41},"end":{"line":11,"column":50}},"5":{"start":{"line":12,"column":19},"end":{"line":12,"column":32}},"6":{"start":{"line":14,"column":2},"end":{"line":23,"column":3}},"7":{"start":{"line":15,"column":4},"end":{"line":22,"column":6}},"8":{"start":{"line":25,"column":2},"end":{"line":27,"column":3}},"9":{"start":{"line":26,"column":4},"end":{"line":26,"column":71}},"10":{"start":{"line":29,"column":2},"end":{"line":31,"column":3}},"11":{"start":{"line":30,"column":4},"end":{"line":30,"column":27}},"12":{"start":{"line":33,"column":2},"end":{"line":33,"column":25}},"13":{"start":{"line":10,"column":13},"end":{"line":10,"column":61}}},"fnMap":{"0":{"name":"(anonymous_1)","decl":{"start":{"line":10,"column":61},"end":{"line":10,"column":62}},"loc":{"start":{"line":10,"column":88},"end":{"line":34,"column":1}}}},"branchMap":{"0":{"loc":{"start":{"line":14,"column":2},"end":{"line":23,"column":3}},"type":"if","locations":[{"start":{"line":14,"column":2},"end":{"line":23,"column":3}},{"start":{},"end":{}}]},"1":{"loc":{"start":{"line":25,"column":2},"end":{"line":27,"column":3}},"type":"if","locations":[{"start":{"line":25,"column":2},"end":{"line":27,"column":3}},{"start":{},"end":{}}]},"2":{"loc":{"start":{"line":29,"column":2},"end":{"line":31,"column":3}},"type":"if","locations":[{"start":{"line":29,"column":2},"end":{"line":31,"column":3}},{"start":{},"end":{}}]}},"s":{"0":0,"1":0,"2":0,"3":0,"4":0,"5":0,"6":0,"7":0,"8":0,"9":0,"10":0,"11":0,"12":0,"13":0},"f":{"0":0},"b":{"0":[0,0],"1":[0,0],"2":[0,0]}}
,"C:\\Users\\manik\\OneDrive\\Desktop\\Desktop\\skillshpere\\src\\components\\SkillCard.tsx": {"path":"C:\\Users\\manik\\OneDrive\\Desktop\\Desktop\\skillshpere\\src\\components\\SkillCard.tsx","statementMap":{"0":{"start":{"line":1,"column":0},"end":{"line":1,"column":39}},"1":{"start":{"line":2,"column":0},"end":{"line":2,"column":42}},"2":{"start":{"line":3,"column":0},"end":{"line":3,"column":25}},"3":{"start":{"line":13,"column":25},"end":{"line":146,"column":1}},"4":{"start":{"line":14,"column":23},"end":{"line":14,"column":50}},"5":{"start":{"line":16,"column":2},"end":{"line":76,"column":25}},"6":{"start":{"line":17,"column":16},"end":{"line":17,"column":47}},"7":{"start":{"line":18,"column":19},"end":{"line":18,"column":63}},"8":{"start":{"line":19,"column":18},"end":{"line":19,"column":50}},"9":{"start":{"line":20,"column":19},"end":{"line":20,"column":50}},"10":{"start":{"line":22,"column":4},"end":{"line":22,"column":32}},"11":{"start":{"line":24,"column":14},"end":{"line":26,"column":24}},"12":{"start":{"line":28,"column":14},"end":{"line":30,"column":25}},"13":{"start":{"line":32,"column":17},"end":{"line":35,"column":30}},"14":{"start":{"line":33,"column":19},"end":{"line":33,"column":23}},"15":{"start":{"line":34,"column":14},"end":{"line":34,"column":18}},"16":{"start":{"line":38,"column":17},"end":{"line":38,"column":35}},"17":{"start":{"line":39,"column":21},"end":{"line":43,"column":38}},"18":{"start":{"line":45,"column":4},"end":{"line":48,"column":33}},"19":{"start":{"line":50,"column":4},"end":{"line":53,"column":33}},"20":{"start":{"line":55,"column":14},"end":{"line":56,"column":67}},"21":{"start":{"line":59,"column":4},"end":{"line":64,"column":23}},"22":{"start":{"line":67,"column":4},"end":{"line":74,"column":23}},"23":{"start":{"line":78,"column":2},"end":{"line":145,"column":4}},"24":{"start":{"line":13,"column":13},"end":{"line":13,"column":25}}},"fnMap":{"0":{"name":"(anonymous_6)","decl":{"start":{"line":13,"column":25},"end":{"line":13,"column":26}},"loc":{"start":{"line":13,"column":93},"end":{"line":146,"column":1}}},"1":{"name":"(anonymous_7)","decl":{"start":{"line":16,"column":12},"end":{"line":16,"column":15}},"loc":{"start":{"line":16,"column":17},"end":{"line":76,"column":3}}},"2":{"name":"(anonymous_8)","decl":{"start":{"line":33,"column":9},"end":{"line":33,"column":10}},"loc":{"start":{"line":33,"column":19},"end":{"line":33,"column":23}}},"3":{"name":"(anonymous_9)","decl":{"start":{"line":34,"column":9},"end":{"line":34,"column":10}},"loc":{"start":{"line":34,"column":14},"end":{"line":34,"column":18}}}},"branchMap":{"0":{"loc":{"start":{"line":13,"column":62},"end":{"line":13,"column":71}},"type":"default-arg","locations":[{"start":{"line":13,"column":70},"end":{"line":13,"column":71}}]},"1":{"loc":{"start":{"line":104,"column":54},"end":{"line":104,"column":105}},"type":"cond-expr","locations":[{"start":{"line":104,"column":68},"end":{"line":104,"column":84}},{"start":{"line":104,"column":87},"end":{"line":104,"column":105}}]},"2":{"loc":{"start":{"line":105,"column":15},"end":{"line":105,"column":38}},"type":"cond-expr","locations":[{"start":{"line":105,"column":29},"end":{"line":105,"column":32}},{"start":{"line":105,"column":35},"end":{"line":105,"column":38}}]}},"s":{"0":0,"1":0,"2":0,"3":0,"4":0,"5":0,"6":0,"7":0,"8":0,"9":0,"10":0,"11":0,"12":0,"13":0,"14":0,"15":0,"16":0,"17":0,"18":0,"19":0,"20":0,"21":0,"22":0,"23":0,"24":0},"f":{"0":0,"1":0,"2":0,"3":0},"b":{"0":[0],"1":[0,0],"2":[0,0]}}
,"C:\\Users\\manik\\OneDrive\\Desktop\\Desktop\\skillshpere\\src\\components\\SkillGauge.tsx": {"path":"C:\\Users\\manik\\OneDrive\\Desktop\\Desktop\\skillshpere\\src\\components\\SkillGauge.tsx","statementMap":{"0":{"start":{"line":1,"column":0},"end":{"line":1,"column":42}},"1":{"start":{"line":2,"column":0},"end":{"line":2,"column":39}},"2":{"start":{"line":3,"column":0},"end":{"line":3,"column":25}},"3":{"start":{"line":11,"column":26},"end":{"line":127,"column":1}},"4":{"start":{"line":12,"column":17},"end":{"line":12,"column":44}},"5":{"start":{"line":13,"column":20},"end":{"line":13,"column":48}},"6":{"start":{"line":15,"column":2},"end":{"line":91,"column":24}},"7":{"start":{"line":16,"column":16},"end":{"line":16,"column":41}},"8":{"start":{"line":17,"column":19},"end":{"line":17,"column":47}},"9":{"start":{"line":20,"column":18},"end":{"line":20,"column":21}},"10":{"start":{"line":21,"column":19},"end":{"line":21,"column":22}},"11":{"start":{"line":22,"column":19},"end":{"line":22,"column":21}},"12":{"start":{"line":23,"column":20},"end":{"line":23,"column":29}},"13":{"start":{"line":24,"column":20},"end":{"line":24,"column":30}},"14":{"start":{"line":26,"column":4},"end":{"line":26,"column":32}},"15":{"start":{"line":29,"column":16},"end":{"line":33,"column":31}},"16":{"start":{"line":35,"column":4},"end":{"line":39,"column":41}},"17":{"start":{"line":42,"column":23},"end":{"line":42,"column":77}},"18":{"start":{"line":43,"column":21},"end":{"line":47,"column":27}},"19":{"start":{"line":49,"column":4},"end":{"line":53,"column":73}},"20":{"start":{"line":56,"column":17},"end":{"line":56,"column":35}},"21":{"start":{"line":57,"column":21},"end":{"line":59,"column":46}},"22":{"start":{"line":61,"column":4},"end":{"line":63,"column":49}},"23":{"start":{"line":65,"column":4},"end":{"line":67,"column":51}},"24":{"start":{"line":70,"column":24},"end":{"line":70,"column":78}},"25":{"start":{"line":71,"column":20},"end":{"line":71,"column":66}},"26":{"start":{"line":72,"column":20},"end":{"line":72,"column":66}},"27":{"start":{"line":74,"column":4},"end":{"line":81,"column":39}},"28":{"start":{"line":84,"column":4},"end":{"line":89,"column":72}},"29":{"start":{"line":93,"column":2},"end":{"line":126,"column":4}},"30":{"start":{"line":11,"column":13},"end":{"line":11,"column":26}}},"fnMap":{"0":{"name":"(anonymous_6)","decl":{"start":{"line":11,"column":26},"end":{"line":11,"column":27}},"loc":{"start":{"line":11,"column":80},"end":{"line":127,"column":1}}},"1":{"name":"(anonymous_7)","decl":{"start":{"line":15,"column":12},"end":{"line":15,"column":15}},"loc":{"start":{"line":15,"column":17},"end":{"line":91,"column":3}}}},"branchMap":{"0":{"loc":{"start":{"line":11,"column":43},"end":{"line":11,"column":57}},"type":"default-arg","locations":[{"start":{"line":11,"column":54},"end":{"line":11,"column":57}}]}},"s":{"0":0,"1":0,"2":0,"3":0,"4":0,"5":0,"6":0,"7":0,"8":0,"9":0,"10":0,"11":0,"12":0,"13":0,"14":0,"15":0,"16":0,"17":0,"18":0,"19":0,"20":0,"21":0,"22":0,"23":0,"24":0,"25":0,"26":0,"27":0,"28":0,"29":0,"30":0},"f":{"0":0,"1":0},"b":{"0":[0]}}
,"C:\\Users\\manik\\OneDrive\\Desktop\\Desktop\\skillshpere\\src\\components\\SkillsSection.tsx": {"path":"C:\\Users\\manik\\OneDrive\\Desktop\\Desktop\\skillshpere\\src\\components\\SkillsSection.tsx","statementMap":{"0":{"start":{"line":1,"column":0},"end":{"line":1,"column":39}},"1":{"start":{"line":2,"column":0},"end":{"line":2,"column":40}},"2":{"start":{"line":4,"column":29},"end":{"line":110,"column":1}},"3":{"start":{"line":5,"column":21},"end":{"line":30,"column":4}},"4":{"start":{"line":32,"column":2},"end":{"line":109,"column":4}},"5":{"start":{"line":75,"column":12},"end":{"line":76,"column":null}},"6":{"start":{"line":4,"column":13},"end":{"line":4,"column":29}}},"fnMap":{"0":{"name":"(anonymous_0)","decl":{"start":{"line":4,"column":29},"end":{"line":4,"column":32}},"loc":{"start":{"line":4,"column":34},"end":{"line":110,"column":1}}},"1":{"name":"(anonymous_1)","decl":{"start":{"line":74,"column":26},"end":{"line":74,"column":27}},"loc":{"start":{"line":75,"column":12},"end":{"line":76,"column":null}}}},"branchMap":{},"s":{"0":0,"1":0,"2":0,"3":0,"4":0,"5":0,"6":0},"f":{"0":0,"1":0},"b":{}}
,"C:\\Users\\manik\\OneDrive\\Desktop\\Desktop\\skillshpere\\src\\components\\ai\\LearningRecommendations.tsx": {"path":"C:\\Users\\manik\\OneDrive\\Desktop\\Desktop\\skillshpere\\src\\components\\ai\\LearningRecommendations.tsx","statementMap":{"0":{"start":{"line":1,"column":0},"end":{"line":1,"column":51}},"1":{"start":{"line":2,"column":0},"end":{"line":2,"column":39}},"2":{"start":{"line":3,"column":0},"end":{"line":3,"column":80}},"3":{"start":{"line":4,"column":0},"end":{"line":4,"column":48}},"4":{"start":{"line":5,"column":0},"end":{"line":5,"column":46}},"5":{"start":{"line":6,"column":0},"end":{"line":6,"column":52}},"6":{"start":{"line":7,"column":0},"end":{"line":7,"column":null}},"7":{"start":{"line":19,"column":0},"end":{"line":19,"column":46}},"8":{"start":{"line":22,"column":39},"end":{"line":310,"column":1}},"9":{"start":{"line":23,"column":48},"end":{"line":23,"column":83}},"10":{"start":{"line":24,"column":44},"end":{"line":24,"column":72}},"11":{"start":{"line":25,"column":36},"end":{"line":25,"column":50}},"12":{"start":{"line":26,"column":42},"end":{"line":26,"column":124}},"13":{"start":{"line":28,"column":2},"end":{"line":31,"column":9}},"14":{"start":{"line":29,"column":4},"end":{"line":29,"column":27}},"15":{"start":{"line":30,"column":4},"end":{"line":30,"column":25}},"16":{"start":{"line":33,"column":31},"end":{"line":40,"column":3}},"17":{"start":{"line":34,"column":4},"end":{"line":39,"column":5}},"18":{"start":{"line":35,"column":19},"end":{"line":35,"column":74}},"19":{"start":{"line":36,"column":6},"end":{"line":36,"column":31}},"20":{"start":{"line":38,"column":6},"end":{"line":38,"column":62}},"21":{"start":{"line":42,"column":29},"end":{"line":51,"column":3}},"22":{"start":{"line":43,"column":4},"end":{"line":50,"column":5}},"23":{"start":{"line":44,"column":20},"end":{"line":44,"column":71}},"24":{"start":{"line":45,"column":6},"end":{"line":45,"column":30}},"25":{"start":{"line":47,"column":6},"end":{"line":47,"column":61}},"26":{"start":{"line":49,"column":6},"end":{"line":49,"column":26}},"27":{"start":{"line":53,"column":25},"end":{"line":65,"column":3}},"28":{"start":{"line":54,"column":4},"end":{"line":64,"column":5}},"29":{"start":{"line":55,"column":6},"end":{"line":55,"column":79}},"30":{"start":{"line":57,"column":6},"end":{"line":61,"column":9}},"31":{"start":{"line":57,"column":33},"end":{"line":60,"column":null}},"32":{"start":{"line":58,"column":8},"end":{"line":60,"column":15}},"33":{"start":{"line":63,"column":6},"end":{"line":63,"column":55}},"34":{"start":{"line":67,"column":22},"end":{"line":82,"column":3}},"35":{"start":{"line":68,"column":4},"end":{"line":81,"column":5}},"36":{"start":{"line":70,"column":8},"end":{"line":70,"column":48}},"37":{"start":{"line":72,"column":8},"end":{"line":72,"column":44}},"38":{"start":{"line":74,"column":8},"end":{"line":74,"column":46}},"39":{"start":{"line":76,"column":8},"end":{"line":76,"column":44}},"40":{"start":{"line":78,"column":8},"end":{"line":78,"column":50}},"41":{"start":{"line":80,"column":8},"end":{"line":80,"column":45}},"42":{"start":{"line":84,"column":29},"end":{"line":95,"column":3}},"43":{"start":{"line":85,"column":4},"end":{"line":94,"column":5}},"44":{"start":{"line":87,"column":8},"end":{"line":87,"column":45}},"45":{"start":{"line":89,"column":8},"end":{"line":89,"column":47}},"46":{"start":{"line":91,"column":8},"end":{"line":91,"column":41}},"47":{"start":{"line":93,"column":8},"end":{"line":93,"column":43}},"48":{"start":{"line":97,"column":34},"end":{"line":98,"column":null}},"49":{"start":{"line":98,"column":4},"end":{"line":98,"column":55}},"50":{"start":{"line":101,"column":2},"end":{"line":118,"column":3}},"51":{"start":{"line":102,"column":4},"end":{"line":117,"column":6}},"52":{"start":{"line":106,"column":12},"end":{"line":106,"column":26}},"53":{"start":{"line":120,"column":2},"end":{"line":309,"column":4}},"54":{"start":{"line":143,"column":10},"end":{"line":144,"column":null}},"55":{"start":{"line":147,"column":27},"end":{"line":147,"column":60}},"56":{"start":{"line":162,"column":14},"end":{"line":163,"column":null}},"57":{"start":{"line":217,"column":12},"end":{"line":218,"column":null}},"58":{"start":{"line":266,"column":24},"end":{"line":266,"column":41}},"59":{"start":{"line":278,"column":37},"end":{"line":278,"column":70}},"60":{"start":{"line":286,"column":37},"end":{"line":286,"column":74}},"61":{"start":{"line":22,"column":13},"end":{"line":22,"column":39}}},"fnMap":{"0":{"name":"(anonymous_6)","decl":{"start":{"line":22,"column":39},"end":{"line":22,"column":42}},"loc":{"start":{"line":22,"column":44},"end":{"line":310,"column":1}}},"1":{"name":"(anonymous_7)","decl":{"start":{"line":28,"column":12},"end":{"line":28,"column":15}},"loc":{"start":{"line":28,"column":17},"end":{"line":31,"column":3}}},"2":{"name":"(anonymous_8)","decl":{"start":{"line":33,"column":31},"end":{"line":33,"column":36}},"loc":{"start":{"line":33,"column":42},"end":{"line":40,"column":3}}},"3":{"name":"(anonymous_9)","decl":{"start":{"line":42,"column":29},"end":{"line":42,"column":34}},"loc":{"start":{"line":42,"column":40},"end":{"line":51,"column":3}}},"4":{"name":"(anonymous_10)","decl":{"start":{"line":53,"column":25},"end":{"line":53,"column":30}},"loc":{"start":{"line":53,"column":97},"end":{"line":65,"column":3}}},"5":{"name":"(anonymous_11)","decl":{"start":{"line":57,"column":25},"end":{"line":57,"column":29}},"loc":{"start":{"line":57,"column":33},"end":{"line":60,"column":null}}},"6":{"name":"(anonymous_12)","decl":{"start":{"line":57,"column":42},"end":{"line":57,"column":45}},"loc":{"start":{"line":58,"column":8},"end":{"line":60,"column":15}}},"7":{"name":"(anonymous_13)","decl":{"start":{"line":67,"column":22},"end":{"line":67,"column":23}},"loc":{"start":{"line":67,"column":39},"end":{"line":82,"column":3}}},"8":{"name":"(anonymous_14)","decl":{"start":{"line":84,"column":29},"end":{"line":84,"column":30}},"loc":{"start":{"line":84,"column":52},"end":{"line":95,"column":3}}},"9":{"name":"(anonymous_15)","decl":{"start":{"line":97,"column":57},"end":{"line":97,"column":60}},"loc":{"start":{"line":98,"column":4},"end":{"line":98,"column":55}}},"10":{"name":"(anonymous_16)","decl":{"start":{"line":105,"column":29},"end":{"line":105,"column":30}},"loc":{"start":{"line":106,"column":12},"end":{"line":106,"column":26}}},"11":{"name":"(anonymous_17)","decl":{"start":{"line":142,"column":14},"end":{"line":142,"column":15}},"loc":{"start":{"line":143,"column":10},"end":{"line":144,"column":null}}},"12":{"name":"(anonymous_18)","decl":{"start":{"line":147,"column":21},"end":{"line":147,"column":24}},"loc":{"start":{"line":147,"column":27},"end":{"line":147,"column":60}}},"13":{"name":"(anonymous_19)","decl":{"start":{"line":161,"column":31},"end":{"line":161,"column":32}},"loc":{"start":{"line":162,"column":14},"end":{"line":163,"column":null}}},"14":{"name":"(anonymous_20)","decl":{"start":{"line":216,"column":39},"end":{"line":216,"column":40}},"loc":{"start":{"line":217,"column":12},"end":{"line":218,"column":null}}},"15":{"name":"(anonymous_21)","decl":{"start":{"line":265,"column":36},"end":{"line":265,"column":37}},"loc":{"start":{"line":266,"column":24},"end":{"line":266,"column":41}}},"16":{"name":"(anonymous_22)","decl":{"start":{"line":278,"column":31},"end":{"line":278,"column":34}},"loc":{"start":{"line":278,"column":37},"end":{"line":278,"column":70}}},"17":{"name":"(anonymous_23)","decl":{"start":{"line":286,"column":31},"end":{"line":286,"column":34}},"loc":{"start":{"line":286,"column":37},"end":{"line":286,"column":74}}}},"branchMap":{"0":{"loc":{"start":{"line":58,"column":8},"end":{"line":60,"column":15}},"type":"cond-expr","locations":[{"start":{"line":59,"column":12},"end":{"line":59,"column":46}},{"start":{"line":60,"column":12},"end":{"line":60,"column":15}}]},"1":{"loc":{"start":{"line":68,"column":4},"end":{"line":81,"column":5}},"type":"switch","locations":[{"start":{"line":69,"column":6},"end":{"line":70,"column":48}},{"start":{"line":71,"column":6},"end":{"line":72,"column":44}},{"start":{"line":73,"column":6},"end":{"line":74,"column":46}},{"start":{"line":75,"column":6},"end":{"line":76,"column":44}},{"start":{"line":77,"column":6},"end":{"line":78,"column":50}},{"start":{"line":79,"column":6},"end":{"line":80,"column":45}}]},"2":{"loc":{"start":{"line":85,"column":4},"end":{"line":94,"column":5}},"type":"switch","locations":[{"start":{"line":86,"column":6},"end":{"line":87,"column":45}},{"start":{"line":88,"column":6},"end":{"line":89,"column":47}},{"start":{"line":90,"column":6},"end":{"line":91,"column":41}},{"start":{"line":92,"column":6},"end":{"line":93,"column":43}}]},"3":{"loc":{"start":{"line":98,"column":4},"end":{"line":98,"column":55}},"type":"binary-expr","locations":[{"start":{"line":98,"column":4},"end":{"line":98,"column":26}},{"start":{"line":98,"column":30},"end":{"line":98,"column":55}}]},"4":{"loc":{"start":{"line":101,"column":2},"end":{"line":118,"column":3}},"type":"if","locations":[{"start":{"line":101,"column":2},"end":{"line":118,"column":3}},{"start":{},"end":{}}]},"5":{"loc":{"start":{"line":145,"column":21},"end":{"line":145,"column":71}},"type":"cond-expr","locations":[{"start":{"line":145,"column":50},"end":{"line":145,"column":59}},{"start":{"line":145,"column":62},"end":{"line":145,"column":71}}]},"6":{"loc":{"start":{"line":157,"column":7},"end":{"line":210,"column":14}},"type":"cond-expr","locations":[{"start":{"line":158,"column":8},"end":{"line":208,"column":null}},{"start":{"line":210,"column":10},"end":{"line":210,"column":14}}]},"7":{"loc":{"start":{"line":157,"column":7},"end":{"line":157,"column":56}},"type":"binary-expr","locations":[{"start":{"line":157,"column":7},"end":{"line":157,"column":29}},{"start":{"line":157,"column":33},"end":{"line":157,"column":56}}]},"8":{"loc":{"start":{"line":279,"column":33},"end":{"line":279,"column":99}},"type":"cond-expr","locations":[{"start":{"line":279,"column":66},"end":{"line":279,"column":94}},{"start":{"line":279,"column":97},"end":{"line":279,"column":99}}]},"9":{"loc":{"start":{"line":287,"column":33},"end":{"line":287,"column":99}},"type":"cond-expr","locations":[{"start":{"line":287,"column":70},"end":{"line":287,"column":94}},{"start":{"line":287,"column":97},"end":{"line":287,"column":99}}]},"10":{"loc":{"start":{"line":299,"column":7},"end":{"line":306,"column":null}},"type":"binary-expr","locations":[{"start":{"line":299,"column":7},"end":{"line":299,"column":43}},{"start":{"line":299,"column":47},"end":{"line":299,"column":57}},{"start":{"line":300,"column":8},"end":{"line":305,"column":null}}]}},"s":{"0":1,"1":1,"2":1,"3":1,"4":1,"5":1,"6":1,"7":1,"8":1,"9":16,"10":16,"11":16,"12":16,"13":16,"14":8,"15":8,"16":16,"17":8,"18":8,"19":7,"20":0,"21":16,"22":8,"23":8,"24":7,"25":0,"26":7,"27":16,"28":0,"29":0,"30":0,"31":0,"32":0,"33":0,"34":16,"35":7,"36":4,"37":2,"38":1,"39":0,"40":0,"41":0,"42":16,"43":9,"44":2,"45":6,"46":1,"47":0,"48":16,"49":8,"50":16,"51":8,"52":48,"53":8,"54":48,"55":1,"56":2,"57":7,"58":10,"59":0,"60":0,"61":1},"f":{"0":16,"1":8,"2":8,"3":8,"4":0,"5":0,"6":0,"7":7,"8":9,"9":8,"10":48,"11":48,"12":1,"13":2,"14":7,"15":10,"16":0,"17":0},"b":{"0":[0,0],"1":[4,2,1,0,0,0],"2":[2,6,1,0],"3":[8,2],"4":[8,8],"5":[8,40],"6":[7,1],"7":[8,1],"8":[0,7],"9":[0,7],"10":[8,2,2]}}
,"C:\\Users\\manik\\OneDrive\\Desktop\\Desktop\\skillshpere\\src\\components\\analytics\\LearningAnalytics.tsx": {"path":"C:\\Users\\manik\\OneDrive\\Desktop\\Desktop\\skillshpere\\src\\components\\analytics\\LearningAnalytics.tsx","statementMap":{"0":{"start":{"line":1,"column":0},"end":{"line":1,"column":51}},"1":{"start":{"line":2,"column":0},"end":{"line":2,"column":39}},"2":{"start":{"line":3,"column":0},"end":{"line":3,"column":80}},"3":{"start":{"line":4,"column":0},"end":{"line":4,"column":46}},"4":{"start":{"line":5,"column":0},"end":{"line":5,"column":52}},"5":{"start":{"line":6,"column":0},"end":{"line":6,"column":103}},"6":{"start":{"line":7,"column":0},"end":{"line":7,"column":null}},"7":{"start":{"line":19,"column":0},"end":{"line":19,"column":60}},"8":{"start":{"line":22,"column":33},"end":{"line":325,"column":1}},"9":{"start":{"line":23,"column":36},"end":{"line":23,"column":76}},"10":{"start":{"line":24,"column":36},"end":{"line":24,"column":50}},"11":{"start":{"line":25,"column":36},"end":{"line":25,"column":51}},"12":{"start":{"line":27,"column":2},"end":{"line":29,"column":18}},"13":{"start":{"line":28,"column":4},"end":{"line":28,"column":21}},"14":{"start":{"line":31,"column":25},"end":{"line":41,"column":3}},"15":{"start":{"line":32,"column":4},"end":{"line":40,"column":5}},"16":{"start":{"line":33,"column":6},"end":{"line":33,"column":25}},"17":{"start":{"line":34,"column":19},"end":{"line":34,"column":78}},"18":{"start":{"line":35,"column":6},"end":{"line":35,"column":25}},"19":{"start":{"line":37,"column":6},"end":{"line":37,"column":56}},"20":{"start":{"line":39,"column":6},"end":{"line":39,"column":26}},"21":{"start":{"line":43,"column":25},"end":{"line":48,"column":3}},"22":{"start":{"line":44,"column":4},"end":{"line":44,"column":47}},"23":{"start":{"line":44,"column":22},"end":{"line":44,"column":47}},"24":{"start":{"line":45,"column":4},"end":{"line":45,"column":47}},"25":{"start":{"line":45,"column":22},"end":{"line":45,"column":47}},"26":{"start":{"line":46,"column":4},"end":{"line":46,"column":45}},"27":{"start":{"line":46,"column":21},"end":{"line":46,"column":45}},"28":{"start":{"line":47,"column":4},"end":{"line":47,"column":27}},"29":{"start":{"line":50,"column":27},"end":{"line":54,"column":3}},"30":{"start":{"line":51,"column":4},"end":{"line":51,"column":48}},"31":{"start":{"line":51,"column":24},"end":{"line":51,"column":48}},"32":{"start":{"line":52,"column":4},"end":{"line":52,"column":48}},"33":{"start":{"line":52,"column":23},"end":{"line":52,"column":48}},"34":{"start":{"line":53,"column":4},"end":{"line":53,"column":26}},"35":{"start":{"line":56,"column":2},"end":{"line":73,"column":3}},"36":{"start":{"line":57,"column":4},"end":{"line":72,"column":6}},"37":{"start":{"line":61,"column":12},"end":{"line":61,"column":26}},"38":{"start":{"line":75,"column":2},"end":{"line":83,"column":3}},"39":{"start":{"line":76,"column":4},"end":{"line":82,"column":6}},"40":{"start":{"line":85,"column":2},"end":{"line":324,"column":4}},"41":{"start":{"line":192,"column":16},"end":{"line":192,"column":41}},"42":{"start":{"line":222,"column":16},"end":{"line":222,"column":41}},"43":{"start":{"line":257,"column":16},"end":{"line":257,"column":39}},"44":{"start":{"line":306,"column":18},"end":{"line":306,"column":47}},"45":{"start":{"line":22,"column":13},"end":{"line":22,"column":33}}},"fnMap":{"0":{"name":"(anonymous_6)","decl":{"start":{"line":22,"column":33},"end":{"line":22,"column":36}},"loc":{"start":{"line":22,"column":38},"end":{"line":325,"column":1}}},"1":{"name":"(anonymous_7)","decl":{"start":{"line":27,"column":12},"end":{"line":27,"column":15}},"loc":{"start":{"line":27,"column":17},"end":{"line":29,"column":3}}},"2":{"name":"(anonymous_8)","decl":{"start":{"line":31,"column":25},"end":{"line":31,"column":30}},"loc":{"start":{"line":31,"column":36},"end":{"line":41,"column":3}}},"3":{"name":"(anonymous_9)","decl":{"start":{"line":43,"column":25},"end":{"line":43,"column":26}},"loc":{"start":{"line":43,"column":44},"end":{"line":48,"column":3}}},"4":{"name":"(anonymous_10)","decl":{"start":{"line":50,"column":27},"end":{"line":50,"column":28}},"loc":{"start":{"line":50,"column":48},"end":{"line":54,"column":3}}},"5":{"name":"(anonymous_11)","decl":{"start":{"line":60,"column":29},"end":{"line":60,"column":30}},"loc":{"start":{"line":61,"column":12},"end":{"line":61,"column":26}}},"6":{"name":"(anonymous_12)","decl":{"start":{"line":191,"column":44},"end":{"line":191,"column":45}},"loc":{"start":{"line":192,"column":16},"end":{"line":192,"column":41}}},"7":{"name":"(anonymous_13)","decl":{"start":{"line":221,"column":47},"end":{"line":221,"column":48}},"loc":{"start":{"line":222,"column":16},"end":{"line":222,"column":41}}},"8":{"name":"(anonymous_14)","decl":{"start":{"line":256,"column":39},"end":{"line":256,"column":40}},"loc":{"start":{"line":257,"column":16},"end":{"line":257,"column":39}}},"9":{"name":"(anonymous_15)","decl":{"start":{"line":305,"column":64},"end":{"line":305,"column":65}},"loc":{"start":{"line":306,"column":18},"end":{"line":306,"column":47}}}},"branchMap":{"0":{"loc":{"start":{"line":44,"column":4},"end":{"line":44,"column":47}},"type":"if","locations":[{"start":{"line":44,"column":4},"end":{"line":44,"column":47}},{"start":{},"end":{}}]},"1":{"loc":{"start":{"line":45,"column":4},"end":{"line":45,"column":47}},"type":"if","locations":[{"start":{"line":45,"column":4},"end":{"line":45,"column":47}},{"start":{},"end":{}}]},"2":{"loc":{"start":{"line":46,"column":4},"end":{"line":46,"column":45}},"type":"if","locations":[{"start":{"line":46,"column":4},"end":{"line":46,"column":45}},{"start":{},"end":{}}]},"3":{"loc":{"start":{"line":51,"column":4},"end":{"line":51,"column":48}},"type":"if","locations":[{"start":{"line":51,"column":4},"end":{"line":51,"column":48}},{"start":{},"end":{}}]},"4":{"loc":{"start":{"line":52,"column":4},"end":{"line":52,"column":48}},"type":"if","locations":[{"start":{"line":52,"column":4},"end":{"line":52,"column":48}},{"start":{},"end":{}}]},"5":{"loc":{"start":{"line":56,"column":2},"end":{"line":73,"column":3}},"type":"if","locations":[{"start":{"line":56,"column":2},"end":{"line":73,"column":3}},{"start":{},"end":{}}]},"6":{"loc":{"start":{"line":75,"column":2},"end":{"line":83,"column":3}},"type":"if","locations":[{"start":{"line":75,"column":2},"end":{"line":83,"column":3}},{"start":{},"end":{}}]},"7":{"loc":{"start":{"line":227,"column":33},"end":{"line":227,"column":132}},"type":"cond-expr","locations":[{"start":{"line":227,"column":63},"end":{"line":227,"column":72}},{"start":{"line":227,"column":75},"end":{"line":227,"column":132}}]},"8":{"loc":{"start":{"line":227,"column":75},"end":{"line":227,"column":132}},"type":"cond-expr","locations":[{"start":{"line":227,"column":105},"end":{"line":227,"column":118}},{"start":{"line":227,"column":121},"end":{"line":227,"column":132}}]},"9":{"loc":{"start":{"line":261,"column":31},"end":{"line":261,"column":124}},"type":"cond-expr","locations":[{"start":{"line":261,"column":57},"end":{"line":261,"column":70}},{"start":{"line":261,"column":73},"end":{"line":261,"column":124}}]},"10":{"loc":{"start":{"line":261,"column":73},"end":{"line":261,"column":124}},"type":"cond-expr","locations":[{"start":{"line":261,"column":101},"end":{"line":261,"column":110}},{"start":{"line":261,"column":113},"end":{"line":261,"column":124}}]}},"s":{"0":1,"1":1,"2":1,"3":1,"4":1,"5":1,"6":1,"7":1,"8":1,"9":34,"10":33,"11":33,"12":33,"13":8,"14":33,"15":8,"16":8,"17":8,"18":7,"19":0,"20":7,"21":33,"22":24,"23":0,"24":24,"25":4,"26":20,"27":20,"28":0,"29":33,"30":24,"31":0,"32":24,"33":0,"34":24,"35":33,"36":8,"37":32,"38":25,"39":1,"40":24,"41":4,"42":8,"43":8,"44":0,"45":1},"f":{"0":34,"1":8,"2":8,"3":24,"4":24,"5":32,"6":4,"7":8,"8":8,"9":0},"b":{"0":[0,24],"1":[4,20],"2":[20,0],"3":[0,24],"4":[0,24],"5":[8,25],"6":[1,24],"7":[0,8],"8":[0,8],"9":[4,4],"10":[4,0]}}
,"C:\\Users\\manik\\OneDrive\\Desktop\\Desktop\\skillshpere\\src\\components\\collaboration\\LiveSession.tsx": {"path":"C:\\Users\\manik\\OneDrive\\Desktop\\Desktop\\skillshpere\\src\\components\\collaboration\\LiveSession.tsx","statementMap":{"0":{"start":{"line":1,"column":0},"end":{"line":1,"column":51}},"1":{"start":{"line":2,"column":0},"end":{"line":2,"column":39}},"2":{"start":{"line":3,"column":0},"end":{"line":3,"column":84}},"3":{"start":{"line":4,"column":0},"end":{"line":4,"column":52}},"4":{"start":{"line":5,"column":0},"end":{"line":5,"column":50}},"5":{"start":{"line":6,"column":0},"end":{"line":6,"column":81}},"6":{"start":{"line":7,"column":0},"end":{"line":7,"column":50}},"7":{"start":{"line":8,"column":0},"end":{"line":8,"column":56}},"8":{"start":{"line":9,"column":0},"end":{"line":9,"column":107}},"9":{"start":{"line":10,"column":0},"end":{"line":10,"column":null}},"10":{"start":{"line":27,"column":0},"end":{"line":27,"column":68}},"11":{"start":{"line":30,"column":27},"end":{"line":494,"column":1}},"12":{"start":{"line":31,"column":34},"end":{"line":31,"column":61}},"13":{"start":{"line":32,"column":36},"end":{"line":32,"column":50}},"14":{"start":{"line":33,"column":46},"end":{"line":33,"column":61}},"15":{"start":{"line":34,"column":46},"end":{"line":34,"column":80}},"16":{"start":{"line":35,"column":40},"end":{"line":35,"column":55}},"17":{"start":{"line":36,"column":38},"end":{"line":43,"column":4}},"18":{"start":{"line":45,"column":2},"end":{"line":47,"column":9}},"19":{"start":{"line":46,"column":4},"end":{"line":46,"column":24}},"20":{"start":{"line":49,"column":28},"end":{"line":59,"column":3}},"21":{"start":{"line":50,"column":4},"end":{"line":58,"column":5}},"22":{"start":{"line":51,"column":6},"end":{"line":51,"column":25}},"23":{"start":{"line":52,"column":27},"end":{"line":52,"column":71}},"24":{"start":{"line":53,"column":6},"end":{"line":53,"column":32}},"25":{"start":{"line":55,"column":6},"end":{"line":55,"column":60}},"26":{"start":{"line":57,"column":6},"end":{"line":57,"column":26}},"27":{"start":{"line":61,"column":30},"end":{"line":77,"column":3}},"28":{"start":{"line":62,"column":4},"end":{"line":76,"column":5}},"29":{"start":{"line":63,"column":29},"end":{"line":63,"column":85}},"30":{"start":{"line":64,"column":6},"end":{"line":64,"column":53}},"31":{"start":{"line":64,"column":26},"end":{"line":64,"column":51}},"32":{"start":{"line":65,"column":6},"end":{"line":65,"column":31}},"33":{"start":{"line":66,"column":6},"end":{"line":73,"column":9}},"34":{"start":{"line":75,"column":6},"end":{"line":75,"column":59}},"35":{"start":{"line":79,"column":28},"end":{"line":90,"column":3}},"36":{"start":{"line":80,"column":4},"end":{"line":89,"column":5}},"37":{"start":{"line":81,"column":6},"end":{"line":81,"column":76}},"38":{"start":{"line":82,"column":22},"end":{"line":82,"column":60}},"39":{"start":{"line":82,"column":41},"end":{"line":82,"column":59}},"40":{"start":{"line":83,"column":6},"end":{"line":86,"column":7}},"41":{"start":{"line":84,"column":8},"end":{"line":84,"column":35}},"42":{"start":{"line":85,"column":8},"end":{"line":85,"column":29}},"43":{"start":{"line":88,"column":6},"end":{"line":88,"column":58}},"44":{"start":{"line":92,"column":27},"end":{"line":101,"column":3}},"45":{"start":{"line":93,"column":4},"end":{"line":100,"column":5}},"46":{"start":{"line":94,"column":6},"end":{"line":94,"column":59}},"47":{"start":{"line":95,"column":6},"end":{"line":95,"column":30}},"48":{"start":{"line":96,"column":6},"end":{"line":96,"column":28}},"49":{"start":{"line":97,"column":6},"end":{"line":97,"column":26}},"50":{"start":{"line":99,"column":6},"end":{"line":99,"column":57}},"51":{"start":{"line":103,"column":29},"end":{"line":116,"column":3}},"52":{"start":{"line":104,"column":4},"end":{"line":115,"column":5}},"53":{"start":{"line":106,"column":8},"end":{"line":106,"column":45}},"54":{"start":{"line":108,"column":8},"end":{"line":108,"column":53}},"55":{"start":{"line":110,"column":8},"end":{"line":110,"column":45}},"56":{"start":{"line":112,"column":8},"end":{"line":112,"column":45}},"57":{"start":{"line":114,"column":8},"end":{"line":114,"column":45}},"58":{"start":{"line":118,"column":30},"end":{"line":131,"column":3}},"59":{"start":{"line":119,"column":4},"end":{"line":130,"column":5}},"60":{"start":{"line":121,"column":8},"end":{"line":121,"column":43}},"61":{"start":{"line":123,"column":8},"end":{"line":123,"column":45}},"62":{"start":{"line":125,"column":8},"end":{"line":125,"column":47}},"63":{"start":{"line":127,"column":8},"end":{"line":127,"column":47}},"64":{"start":{"line":129,"column":8},"end":{"line":129,"column":43}},"65":{"start":{"line":133,"column":2},"end":{"line":150,"column":3}},"66":{"start":{"line":134,"column":4},"end":{"line":149,"column":6}},"67":{"start":{"line":138,"column":12},"end":{"line":138,"column":26}},"68":{"start":{"line":152,"column":2},"end":{"line":288,"column":3}},"69":{"start":{"line":153,"column":4},"end":{"line":287,"column":6}},"70":{"start":{"line":169,"column":53},"end":{"line":169,"column":88}},"71":{"start":{"line":205,"column":20},"end":{"line":205,"column":50}},"72":{"start":{"line":209,"column":64},"end":{"line":209,"column":68}},"73":{"start":{"line":290,"column":2},"end":{"line":493,"column":4}},"74":{"start":{"line":301,"column":31},"end":{"line":301,"column":54}},"75":{"start":{"line":323,"column":35},"end":{"line":323,"column":94}},"76":{"start":{"line":323,"column":58},"end":{"line":323,"column":92}},"77":{"start":{"line":331,"column":35},"end":{"line":331,"column":94}},"78":{"start":{"line":331,"column":58},"end":{"line":331,"column":92}},"79":{"start":{"line":341,"column":37},"end":{"line":341,"column":109}},"80":{"start":{"line":341,"column":60},"end":{"line":341,"column":107}},"81":{"start":{"line":351,"column":37},"end":{"line":351,"column":116}},"82":{"start":{"line":351,"column":60},"end":{"line":351,"column":114}},"83":{"start":{"line":361,"column":49},"end":{"line":361,"column":105}},"84":{"start":{"line":361,"column":72},"end":{"line":361,"column":103}},"85":{"start":{"line":379,"column":35},"end":{"line":379,"column":98}},"86":{"start":{"line":379,"column":58},"end":{"line":379,"column":96}},"87":{"start":{"line":388,"column":33},"end":{"line":388,"column":57}},"88":{"start":{"line":402,"column":10},"end":{"line":403,"column":null}},"89":{"start":{"line":449,"column":22},"end":{"line":449,"column":55}},"90":{"start":{"line":452,"column":64},"end":{"line":452,"column":68}},"91":{"start":{"line":467,"column":35},"end":{"line":467,"column":64}},"92":{"start":{"line":30,"column":13},"end":{"line":30,"column":27}}},"fnMap":{"0":{"name":"(anonymous_6)","decl":{"start":{"line":30,"column":27},"end":{"line":30,"column":30}},"loc":{"start":{"line":30,"column":32},"end":{"line":494,"column":1}}},"1":{"name":"(anonymous_7)","decl":{"start":{"line":45,"column":12},"end":{"line":45,"column":15}},"loc":{"start":{"line":45,"column":17},"end":{"line":47,"column":3}}},"2":{"name":"(anonymous_8)","decl":{"start":{"line":49,"column":28},"end":{"line":49,"column":33}},"loc":{"start":{"line":49,"column":39},"end":{"line":59,"column":3}}},"3":{"name":"(anonymous_9)","decl":{"start":{"line":61,"column":30},"end":{"line":61,"column":35}},"loc":{"start":{"line":61,"column":41},"end":{"line":77,"column":3}}},"4":{"name":"(anonymous_10)","decl":{"start":{"line":64,"column":18},"end":{"line":64,"column":22}},"loc":{"start":{"line":64,"column":26},"end":{"line":64,"column":51}}},"5":{"name":"(anonymous_11)","decl":{"start":{"line":79,"column":28},"end":{"line":79,"column":33}},"loc":{"start":{"line":79,"column":56},"end":{"line":90,"column":3}}},"6":{"name":"(anonymous_12)","decl":{"start":{"line":82,"column":36},"end":{"line":82,"column":37}},"loc":{"start":{"line":82,"column":41},"end":{"line":82,"column":59}}},"7":{"name":"(anonymous_13)","decl":{"start":{"line":92,"column":27},"end":{"line":92,"column":32}},"loc":{"start":{"line":92,"column":55},"end":{"line":101,"column":3}}},"8":{"name":"(anonymous_14)","decl":{"start":{"line":103,"column":29},"end":{"line":103,"column":30}},"loc":{"start":{"line":103,"column":46},"end":{"line":116,"column":3}}},"9":{"name":"(anonymous_15)","decl":{"start":{"line":118,"column":30},"end":{"line":118,"column":31}},"loc":{"start":{"line":118,"column":47},"end":{"line":131,"column":3}}},"10":{"name":"(anonymous_16)","decl":{"start":{"line":137,"column":29},"end":{"line":137,"column":30}},"loc":{"start":{"line":138,"column":12},"end":{"line":138,"column":26}}},"11":{"name":"(anonymous_17)","decl":{"start":{"line":169,"column":47},"end":{"line":169,"column":50}},"loc":{"start":{"line":169,"column":53},"end":{"line":169,"column":88}}},"12":{"name":"(anonymous_18)","decl":{"start":{"line":204,"column":51},"end":{"line":204,"column":52}},"loc":{"start":{"line":205,"column":20},"end":{"line":205,"column":50}}},"13":{"name":"(anonymous_19)","decl":{"start":{"line":209,"column":59},"end":{"line":209,"column":60}},"loc":{"start":{"line":209,"column":64},"end":{"line":209,"column":68}}},"14":{"name":"(anonymous_20)","decl":{"start":{"line":301,"column":25},"end":{"line":301,"column":28}},"loc":{"start":{"line":301,"column":31},"end":{"line":301,"column":54}}},"15":{"name":"(anonymous_21)","decl":{"start":{"line":323,"column":28},"end":{"line":323,"column":29}},"loc":{"start":{"line":323,"column":35},"end":{"line":323,"column":94}}},"16":{"name":"(anonymous_22)","decl":{"start":{"line":323,"column":49},"end":{"line":323,"column":53}},"loc":{"start":{"line":323,"column":58},"end":{"line":323,"column":92}}},"17":{"name":"(anonymous_23)","decl":{"start":{"line":331,"column":28},"end":{"line":331,"column":29}},"loc":{"start":{"line":331,"column":35},"end":{"line":331,"column":94}}},"18":{"name":"(anonymous_24)","decl":{"start":{"line":331,"column":49},"end":{"line":331,"column":53}},"loc":{"start":{"line":331,"column":58},"end":{"line":331,"column":92}}},"19":{"name":"(anonymous_25)","decl":{"start":{"line":341,"column":30},"end":{"line":341,"column":31}},"loc":{"start":{"line":341,"column":37},"end":{"line":341,"column":109}}},"20":{"name":"(anonymous_26)","decl":{"start":{"line":341,"column":51},"end":{"line":341,"column":55}},"loc":{"start":{"line":341,"column":60},"end":{"line":341,"column":107}}},"21":{"name":"(anonymous_27)","decl":{"start":{"line":351,"column":30},"end":{"line":351,"column":31}},"loc":{"start":{"line":351,"column":37},"end":{"line":351,"column":116}}},"22":{"name":"(anonymous_28)","decl":{"start":{"line":351,"column":51},"end":{"line":351,"column":55}},"loc":{"start":{"line":351,"column":60},"end":{"line":351,"column":114}}},"23":{"name":"(anonymous_29)","decl":{"start":{"line":361,"column":33},"end":{"line":361,"column":34}},"loc":{"start":{"line":361,"column":49},"end":{"line":361,"column":105}}},"24":{"name":"(anonymous_30)","decl":{"start":{"line":361,"column":63},"end":{"line":361,"column":67}},"loc":{"start":{"line":361,"column":72},"end":{"line":361,"column":103}}},"25":{"name":"(anonymous_31)","decl":{"start":{"line":379,"column":28},"end":{"line":379,"column":29}},"loc":{"start":{"line":379,"column":35},"end":{"line":379,"column":98}}},"26":{"name":"(anonymous_32)","decl":{"start":{"line":379,"column":49},"end":{"line":379,"column":53}},"loc":{"start":{"line":379,"column":58},"end":{"line":379,"column":96}}},"27":{"name":"(anonymous_33)","decl":{"start":{"line":388,"column":27},"end":{"line":388,"column":30}},"loc":{"start":{"line":388,"column":33},"end":{"line":388,"column":57}}},"28":{"name":"(anonymous_34)","decl":{"start":{"line":401,"column":22},"end":{"line":401,"column":23}},"loc":{"start":{"line":402,"column":10},"end":{"line":403,"column":null}}},"29":{"name":"(anonymous_35)","decl":{"start":{"line":448,"column":58},"end":{"line":448,"column":59}},"loc":{"start":{"line":449,"column":22},"end":{"line":449,"column":55}}},"30":{"name":"(anonymous_36)","decl":{"start":{"line":452,"column":59},"end":{"line":452,"column":60}},"loc":{"start":{"line":452,"column":64},"end":{"line":452,"column":68}}},"31":{"name":"(anonymous_37)","decl":{"start":{"line":467,"column":29},"end":{"line":467,"column":32}},"loc":{"start":{"line":467,"column":35},"end":{"line":467,"column":64}}}},"branchMap":{"0":{"loc":{"start":{"line":83,"column":6},"end":{"line":86,"column":7}},"type":"if","locations":[{"start":{"line":83,"column":6},"end":{"line":86,"column":7}},{"start":{},"end":{}}]},"1":{"loc":{"start":{"line":104,"column":4},"end":{"line":115,"column":5}},"type":"switch","locations":[{"start":{"line":105,"column":6},"end":{"line":106,"column":45}},{"start":{"line":107,"column":6},"end":{"line":108,"column":53}},{"start":{"line":109,"column":6},"end":{"line":110,"column":45}},{"start":{"line":111,"column":6},"end":{"line":112,"column":45}},{"start":{"line":113,"column":6},"end":{"line":114,"column":45}}]},"2":{"loc":{"start":{"line":119,"column":4},"end":{"line":130,"column":5}},"type":"switch","locations":[{"start":{"line":120,"column":6},"end":{"line":121,"column":43}},{"start":{"line":122,"column":6},"end":{"line":123,"column":45}},{"start":{"line":124,"column":6},"end":{"line":125,"column":47}},{"start":{"line":126,"column":6},"end":{"line":127,"column":47}},{"start":{"line":128,"column":6},"end":{"line":129,"column":43}}]},"3":{"loc":{"start":{"line":133,"column":2},"end":{"line":150,"column":3}},"type":"if","locations":[{"start":{"line":133,"column":2},"end":{"line":150,"column":3}},{"start":{},"end":{}}]},"4":{"loc":{"start":{"line":152,"column":2},"end":{"line":288,"column":3}},"type":"if","locations":[{"start":{"line":152,"column":2},"end":{"line":288,"column":3}},{"start":{},"end":{}}]},"5":{"loc":{"start":{"line":152,"column":6},"end":{"line":152,"column":35}},"type":"binary-expr","locations":[{"start":{"line":152,"column":6},"end":{"line":152,"column":17}},{"start":{"line":152,"column":21},"end":{"line":152,"column":35}}]},"6":{"loc":{"start":{"line":218,"column":23},"end":{"line":219,"column":null}},"type":"binary-expr","locations":[{"start":{"line":218,"column":23},"end":{"line":218,"column":43}},{"start":{"line":219,"column":24},"end":{"line":219,"column":81}}]},"7":{"loc":{"start":{"line":308,"column":7},"end":{"line":396,"column":null}},"type":"binary-expr","locations":[{"start":{"line":308,"column":7},"end":{"line":308,"column":21}},{"start":{"line":309,"column":8},"end":{"line":395,"column":null}}]},"8":{"loc":{"start":{"line":456,"column":21},"end":{"line":459,"column":null}},"type":"binary-expr","locations":[{"start":{"line":456,"column":21},"end":{"line":456,"column":52}},{"start":{"line":457,"column":22},"end":{"line":458,"column":null}}]},"9":{"loc":{"start":{"line":471,"column":21},"end":{"line":471,"column":70}},"type":"cond-expr","locations":[{"start":{"line":471,"column":40},"end":{"line":471,"column":53}},{"start":{"line":471,"column":56},"end":{"line":471,"column":70}}]},"10":{"loc":{"start":{"line":483,"column":7},"end":{"line":490,"column":null}},"type":"binary-expr","locations":[{"start":{"line":483,"column":7},"end":{"line":483,"column":28}},{"start":{"line":483,"column":32},"end":{"line":483,"column":42}},{"start":{"line":484,"column":8},"end":{"line":489,"column":null}}]}},"s":{"0":0,"1":0,"2":0,"3":0,"4":0,"5":0,"6":0,"7":0,"8":0,"9":0,"10":0,"11":0,"12":0,"13":0,"14":0,"15":0,"16":0,"17":0,"18":0,"19":0,"20":0,"21":0,"22":0,"23":0,"24":0,"25":0,"26":0,"27":0,"28":0,"29":0,"30":0,"31":0,"32":0,"33":0,"34":0,"35":0,"36":0,"37":0,"38":0,"39":0,"40":0,"41":0,"42":0,"43":0,"44":0,"45":0,"46":0,"47":0,"48":0,"49":0,"50":0,"51":0,"52":0,"53":0,"54":0,"55":0,"56":0,"57":0,"58":0,"59":0,"60":0,"61":0,"62":0,"63":0,"64":0,"65":0,"66":0,"67":0,"68":0,"69":0,"70":0,"71":0,"72":0,"73":0,"74":0,"75":0,"76":0,"77":0,"78":0,"79":0,"80":0,"81":0,"82":0,"83":0,"84":0,"85":0,"86":0,"87":0,"88":0,"89":0,"90":0,"91":0,"92":0},"f":{"0":0,"1":0,"2":0,"3":0,"4":0,"5":0,"6":0,"7":0,"8":0,"9":0,"10":0,"11":0,"12":0,"13":0,"14":0,"15":0,"16":0,"17":0,"18":0,"19":0,"20":0,"21":0,"22":0,"23":0,"24":0,"25":0,"26":0,"27":0,"28":0,"29":0,"30":0,"31":0},"b":{"0":[0,0],"1":[0,0,0,0,0],"2":[0,0,0,0,0],"3":[0,0],"4":[0,0],"5":[0,0],"6":[0,0],"7":[0,0],"8":[0,0],"9":[0,0],"10":[0,0,0]}}
,"C:\\Users\\manik\\OneDrive\\Desktop\\Desktop\\skillshpere\\src\\components\\collaboration\\StudyGroup.tsx": {"path":"C:\\Users\\manik\\OneDrive\\Desktop\\Desktop\\skillshpere\\src\\components\\collaboration\\StudyGroup.tsx","statementMap":{"0":{"start":{"line":1,"column":0},"end":{"line":1,"column":51}},"1":{"start":{"line":2,"column":0},"end":{"line":2,"column":39}},"2":{"start":{"line":3,"column":0},"end":{"line":3,"column":80}},"3":{"start":{"line":4,"column":0},"end":{"line":4,"column":48}},"4":{"start":{"line":5,"column":0},"end":{"line":5,"column":46}},"5":{"start":{"line":6,"column":0},"end":{"line":6,"column":77}},"6":{"start":{"line":7,"column":0},"end":{"line":7,"column":46}},"7":{"start":{"line":8,"column":0},"end":{"line":8,"column":52}},"8":{"start":{"line":9,"column":0},"end":{"line":9,"column":103}},"9":{"start":{"line":10,"column":0},"end":{"line":10,"column":null}},"10":{"start":{"line":20,"column":0},"end":{"line":20,"column":68}},"11":{"start":{"line":23,"column":26},"end":{"line":346,"column":1}},"12":{"start":{"line":24,"column":30},"end":{"line":24,"column":56}},"13":{"start":{"line":25,"column":46},"end":{"line":25,"column":72}},"14":{"start":{"line":26,"column":36},"end":{"line":26,"column":50}},"15":{"start":{"line":27,"column":38},"end":{"line":27,"column":50}},"16":{"start":{"line":28,"column":50},"end":{"line":28,"column":65}},"17":{"start":{"line":29,"column":46},"end":{"line":29,"column":61}},"18":{"start":{"line":30,"column":34},"end":{"line":36,"column":4}},"19":{"start":{"line":38,"column":2},"end":{"line":40,"column":9}},"20":{"start":{"line":39,"column":4},"end":{"line":39,"column":23}},"21":{"start":{"line":42,"column":2},"end":{"line":44,"column":45}},"22":{"start":{"line":43,"column":4},"end":{"line":43,"column":19}},"23":{"start":{"line":46,"column":27},"end":{"line":56,"column":3}},"24":{"start":{"line":47,"column":4},"end":{"line":55,"column":5}},"25":{"start":{"line":48,"column":6},"end":{"line":48,"column":25}},"26":{"start":{"line":49,"column":26},"end":{"line":49,"column":69}},"27":{"start":{"line":50,"column":6},"end":{"line":50,"column":29}},"28":{"start":{"line":52,"column":6},"end":{"line":52,"column":59}},"29":{"start":{"line":54,"column":6},"end":{"line":54,"column":26}},"30":{"start":{"line":58,"column":23},"end":{"line":74,"column":3}},"31":{"start":{"line":59,"column":19},"end":{"line":59,"column":25}},"32":{"start":{"line":61,"column":4},"end":{"line":67,"column":5}},"33":{"start":{"line":62,"column":6},"end":{"line":66,"column":8}},"34":{"start":{"line":63,"column":8},"end":{"line":65,"column":84}},"35":{"start":{"line":65,"column":31},"end":{"line":65,"column":83}},"36":{"start":{"line":69,"column":4},"end":{"line":71,"column":5}},"37":{"start":{"line":70,"column":6},"end":{"line":70,"column":79}},"38":{"start":{"line":70,"column":42},"end":{"line":70,"column":77}},"39":{"start":{"line":73,"column":4},"end":{"line":73,"column":32}},"40":{"start":{"line":76,"column":28},"end":{"line":91,"column":3}},"41":{"start":{"line":77,"column":4},"end":{"line":90,"column":5}},"42":{"start":{"line":78,"column":27},"end":{"line":78,"column":80}},"43":{"start":{"line":79,"column":6},"end":{"line":79,"column":49}},"44":{"start":{"line":79,"column":24},"end":{"line":79,"column":47}},"45":{"start":{"line":80,"column":6},"end":{"line":80,"column":31}},"46":{"start":{"line":81,"column":6},"end":{"line":87,"column":9}},"47":{"start":{"line":89,"column":6},"end":{"line":89,"column":58}},"48":{"start":{"line":93,"column":26},"end":{"line":115,"column":3}},"49":{"start":{"line":94,"column":4},"end":{"line":114,"column":5}},"50":{"start":{"line":95,"column":6},"end":{"line":95,"column":73}},"51":{"start":{"line":97,"column":6},"end":{"line":111,"column":9}},"52":{"start":{"line":97,"column":24},"end":{"line":110,"column":null}},"53":{"start":{"line":98,"column":8},"end":{"line":110,"column":17}},"54":{"start":{"line":113,"column":6},"end":{"line":113,"column":57}},"55":{"start":{"line":117,"column":27},"end":{"line":126,"column":3}},"56":{"start":{"line":118,"column":4},"end":{"line":125,"column":7}},"57":{"start":{"line":119,"column":6},"end":{"line":119,"column":34}},"58":{"start":{"line":122,"column":43},"end":{"line":122,"column":47}},"59":{"start":{"line":128,"column":2},"end":{"line":145,"column":3}},"60":{"start":{"line":129,"column":4},"end":{"line":144,"column":6}},"61":{"start":{"line":133,"column":12},"end":{"line":133,"column":26}},"62":{"start":{"line":147,"column":2},"end":{"line":345,"column":4}},"63":{"start":{"line":155,"column":31},"end":{"line":155,"column":54}},"64":{"start":{"line":168,"column":29},"end":{"line":168,"column":58}},"65":{"start":{"line":202,"column":35},"end":{"line":202,"column":91}},"66":{"start":{"line":202,"column":56},"end":{"line":202,"column":89}},"67":{"start":{"line":210,"column":35},"end":{"line":210,"column":98}},"68":{"start":{"line":210,"column":56},"end":{"line":210,"column":96}},"69":{"start":{"line":219,"column":46},"end":{"line":219,"column":97}},"70":{"start":{"line":219,"column":67},"end":{"line":219,"column":95}},"71":{"start":{"line":237,"column":37},"end":{"line":237,"column":109}},"72":{"start":{"line":237,"column":58},"end":{"line":237,"column":107}},"73":{"start":{"line":249,"column":33},"end":{"line":249,"column":57}},"74":{"start":{"line":263,"column":10},"end":{"line":264,"column":null}},"75":{"start":{"line":291,"column":20},"end":{"line":291,"column":37}},"76":{"start":{"line":316,"column":35},"end":{"line":316,"column":60}},"77":{"start":{"line":318,"column":54},"end":{"line":318,"column":81}},"78":{"start":{"line":320,"column":45},"end":{"line":320,"column":72}},"79":{"start":{"line":23,"column":13},"end":{"line":23,"column":26}}},"fnMap":{"0":{"name":"(anonymous_6)","decl":{"start":{"line":23,"column":26},"end":{"line":23,"column":29}},"loc":{"start":{"line":23,"column":31},"end":{"line":346,"column":1}}},"1":{"name":"(anonymous_7)","decl":{"start":{"line":38,"column":12},"end":{"line":38,"column":15}},"loc":{"start":{"line":38,"column":17},"end":{"line":40,"column":3}}},"2":{"name":"(anonymous_8)","decl":{"start":{"line":42,"column":12},"end":{"line":42,"column":15}},"loc":{"start":{"line":42,"column":17},"end":{"line":44,"column":3}}},"3":{"name":"(anonymous_9)","decl":{"start":{"line":46,"column":27},"end":{"line":46,"column":32}},"loc":{"start":{"line":46,"column":38},"end":{"line":56,"column":3}}},"4":{"name":"(anonymous_10)","decl":{"start":{"line":58,"column":23},"end":{"line":58,"column":26}},"loc":{"start":{"line":58,"column":28},"end":{"line":74,"column":3}}},"5":{"name":"(anonymous_11)","decl":{"start":{"line":62,"column":33},"end":{"line":62,"column":38}},"loc":{"start":{"line":63,"column":8},"end":{"line":65,"column":84}}},"6":{"name":"(anonymous_12)","decl":{"start":{"line":65,"column":24},"end":{"line":65,"column":27}},"loc":{"start":{"line":65,"column":31},"end":{"line":65,"column":83}}},"7":{"name":"(anonymous_13)","decl":{"start":{"line":70,"column":33},"end":{"line":70,"column":38}},"loc":{"start":{"line":70,"column":42},"end":{"line":70,"column":77}}},"8":{"name":"(anonymous_14)","decl":{"start":{"line":76,"column":28},"end":{"line":76,"column":33}},"loc":{"start":{"line":76,"column":39},"end":{"line":91,"column":3}}},"9":{"name":"(anonymous_15)","decl":{"start":{"line":79,"column":16},"end":{"line":79,"column":20}},"loc":{"start":{"line":79,"column":24},"end":{"line":79,"column":47}}},"10":{"name":"(anonymous_16)","decl":{"start":{"line":93,"column":26},"end":{"line":93,"column":31}},"loc":{"start":{"line":93,"column":52},"end":{"line":115,"column":3}}},"11":{"name":"(anonymous_17)","decl":{"start":{"line":97,"column":16},"end":{"line":97,"column":20}},"loc":{"start":{"line":97,"column":24},"end":{"line":110,"column":null}}},"12":{"name":"(anonymous_18)","decl":{"start":{"line":97,"column":33},"end":{"line":97,"column":38}},"loc":{"start":{"line":98,"column":8},"end":{"line":110,"column":17}}},"13":{"name":"(anonymous_19)","decl":{"start":{"line":117,"column":27},"end":{"line":117,"column":28}},"loc":{"start":{"line":117,"column":54},"end":{"line":126,"column":3}}},"14":{"name":"(anonymous_20)","decl":{"start":{"line":118,"column":35},"end":{"line":118,"column":36}},"loc":{"start":{"line":119,"column":6},"end":{"line":119,"column":34}}},"15":{"name":"(anonymous_21)","decl":{"start":{"line":122,"column":38},"end":{"line":122,"column":39}},"loc":{"start":{"line":122,"column":43},"end":{"line":122,"column":47}}},"16":{"name":"(anonymous_22)","decl":{"start":{"line":132,"column":29},"end":{"line":132,"column":30}},"loc":{"start":{"line":133,"column":12},"end":{"line":133,"column":26}}},"17":{"name":"(anonymous_23)","decl":{"start":{"line":155,"column":25},"end":{"line":155,"column":28}},"loc":{"start":{"line":155,"column":31},"end":{"line":155,"column":54}}},"18":{"name":"(anonymous_24)","decl":{"start":{"line":168,"column":22},"end":{"line":168,"column":23}},"loc":{"start":{"line":168,"column":29},"end":{"line":168,"column":58}}},"19":{"name":"(anonymous_25)","decl":{"start":{"line":202,"column":28},"end":{"line":202,"column":29}},"loc":{"start":{"line":202,"column":35},"end":{"line":202,"column":91}}},"20":{"name":"(anonymous_26)","decl":{"start":{"line":202,"column":47},"end":{"line":202,"column":51}},"loc":{"start":{"line":202,"column":56},"end":{"line":202,"column":89}}},"21":{"name":"(anonymous_27)","decl":{"start":{"line":210,"column":28},"end":{"line":210,"column":29}},"loc":{"start":{"line":210,"column":35},"end":{"line":210,"column":98}}},"22":{"name":"(anonymous_28)","decl":{"start":{"line":210,"column":47},"end":{"line":210,"column":51}},"loc":{"start":{"line":210,"column":56},"end":{"line":210,"column":96}}},"23":{"name":"(anonymous_29)","decl":{"start":{"line":219,"column":35},"end":{"line":219,"column":36}},"loc":{"start":{"line":219,"column":46},"end":{"line":219,"column":97}}},"24":{"name":"(anonymous_30)","decl":{"start":{"line":219,"column":58},"end":{"line":219,"column":62}},"loc":{"start":{"line":219,"column":67},"end":{"line":219,"column":95}}},"25":{"name":"(anonymous_31)","decl":{"start":{"line":237,"column":30},"end":{"line":237,"column":31}},"loc":{"start":{"line":237,"column":37},"end":{"line":237,"column":109}}},"26":{"name":"(anonymous_32)","decl":{"start":{"line":237,"column":49},"end":{"line":237,"column":53}},"loc":{"start":{"line":237,"column":58},"end":{"line":237,"column":107}}},"27":{"name":"(anonymous_33)","decl":{"start":{"line":249,"column":27},"end":{"line":249,"column":30}},"loc":{"start":{"line":249,"column":33},"end":{"line":249,"column":57}}},"28":{"name":"(anonymous_34)","decl":{"start":{"line":262,"column":28},"end":{"line":262,"column":29}},"loc":{"start":{"line":263,"column":10},"end":{"line":264,"column":null}}},"29":{"name":"(anonymous_35)","decl":{"start":{"line":290,"column":34},"end":{"line":290,"column":35}},"loc":{"start":{"line":291,"column":20},"end":{"line":291,"column":37}}},"30":{"name":"(anonymous_36)","decl":{"start":{"line":316,"column":29},"end":{"line":316,"column":32}},"loc":{"start":{"line":316,"column":35},"end":{"line":316,"column":60}}},"31":{"name":"(anonymous_37)","decl":{"start":{"line":318,"column":49},"end":{"line":318,"column":50}},"loc":{"start":{"line":318,"column":54},"end":{"line":318,"column":81}}},"32":{"name":"(anonymous_38)","decl":{"start":{"line":320,"column":40},"end":{"line":320,"column":41}},"loc":{"start":{"line":320,"column":45},"end":{"line":320,"column":72}}}},"branchMap":{"0":{"loc":{"start":{"line":61,"column":4},"end":{"line":67,"column":5}},"type":"if","locations":[{"start":{"line":61,"column":4},"end":{"line":67,"column":5}},{"start":{},"end":{}}]},"1":{"loc":{"start":{"line":63,"column":8},"end":{"line":65,"column":84}},"type":"binary-expr","locations":[{"start":{"line":63,"column":8},"end":{"line":63,"column":67}},{"start":{"line":64,"column":8},"end":{"line":64,"column":74}},{"start":{"line":65,"column":8},"end":{"line":65,"column":84}}]},"2":{"loc":{"start":{"line":69,"column":4},"end":{"line":71,"column":5}},"type":"if","locations":[{"start":{"line":69,"column":4},"end":{"line":71,"column":5}},{"start":{},"end":{}}]},"3":{"loc":{"start":{"line":98,"column":8},"end":{"line":110,"column":17}},"type":"cond-expr","locations":[{"start":{"line":99,"column":12},"end":{"line":109,"column":null}},{"start":{"line":110,"column":12},"end":{"line":110,"column":17}}]},"4":{"loc":{"start":{"line":128,"column":2},"end":{"line":145,"column":3}},"type":"if","locations":[{"start":{"line":128,"column":2},"end":{"line":145,"column":3}},{"start":{},"end":{}}]},"5":{"loc":{"start":{"line":187,"column":7},"end":{"line":257,"column":null}},"type":"binary-expr","locations":[{"start":{"line":187,"column":7},"end":{"line":187,"column":21}},{"start":{"line":188,"column":8},"end":{"line":256,"column":null}}]},"6":{"loc":{"start":{"line":320,"column":21},"end":{"line":320,"column":99}},"type":"cond-expr","locations":[{"start":{"line":320,"column":76},"end":{"line":320,"column":84}},{"start":{"line":320,"column":87},"end":{"line":320,"column":99}}]},"7":{"loc":{"start":{"line":332,"column":7},"end":{"line":342,"column":null}},"type":"binary-expr","locations":[{"start":{"line":332,"column":7},"end":{"line":332,"column":34}},{"start":{"line":332,"column":38},"end":{"line":332,"column":48}},{"start":{"line":333,"column":8},"end":{"line":341,"column":null}}]},"8":{"loc":{"start":{"line":337,"column":13},"end":{"line":339,"column":61}},"type":"cond-expr","locations":[{"start":{"line":338,"column":16},"end":{"line":338,"column":54}},{"start":{"line":339,"column":16},"end":{"line":339,"column":61}}]},"9":{"loc":{"start":{"line":337,"column":13},"end":{"line":337,"column":53}},"type":"binary-expr","locations":[{"start":{"line":337,"column":13},"end":{"line":337,"column":23}},{"start":{"line":337,"column":27},"end":{"line":337,"column":53}}]}},"s":{"0":1,"1":1,"2":1,"3":1,"4":1,"5":1,"6":1,"7":1,"8":1,"9":1,"10":1,"11":1,"12":26,"13":25,"14":25,"15":25,"16":25,"17":25,"18":25,"19":25,"20":7,"21":25,"22":13,"23":25,"24":7,"25":7,"26":7,"27":6,"28":0,"29":6,"30":25,"31":13,"32":13,"33":1,"34":2,"35":2,"36":13,"37":0,"38":0,"39":13,"40":25,"41":0,"42":0,"43":0,"44":0,"45":0,"46":0,"47":0,"48":25,"49":1,"50":1,"51":1,"52":1,"53":1,"54":0,"55":25,"56":8,"57":1,"58":2,"59":25,"60":14,"61":84,"62":11,"63":0,"64":1,"65":0,"66":0,"67":0,"68":0,"69":0,"70":0,"71":0,"72":0,"73":0,"74":8,"75":22,"76":1,"77":1,"78":1,"79":1},"f":{"0":26,"1":7,"2":13,"3":7,"4":13,"5":2,"6":2,"7":0,"8":0,"9":0,"10":1,"11":1,"12":1,"13":8,"14":1,"15":2,"16":84,"17":0,"18":1,"19":0,"20":0,"21":0,"22":0,"23":0,"24":0,"25":0,"26":0,"27":0,"28":8,"29":22,"30":1,"31":1,"32":1},"b":{"0":[1,12],"1":[2,1,1],"2":[0,13],"3":[1,0],"4":[14,11],"5":[11,0],"6":[0,8],"7":[11,5,5],"8":[0,5],"9":[5,5]}}
,"C:\\Users\\manik\\OneDrive\\Desktop\\Desktop\\skillshpere\\src\\components\\dashboard\\AnalyticsOverview.tsx": {"path":"C:\\Users\\manik\\OneDrive\\Desktop\\Desktop\\skillshpere\\src\\components\\dashboard\\AnalyticsOverview.tsx","statementMap":{"0":{"start":{"line":1,"column":0},"end":{"line":1,"column":39}},"1":{"start":{"line":2,"column":0},"end":{"line":2,"column":80}},"2":{"start":{"line":3,"column":0},"end":{"line":3,"column":52}},"3":{"start":{"line":4,"column":0},"end":{"line":4,"column":119}},"4":{"start":{"line":6,"column":33},"end":{"line":173,"column":1}},"5":{"start":{"line":7,"column":25},"end":{"line":15,"column":4}},"6":{"start":{"line":17,"column":21},"end":{"line":22,"column":4}},"7":{"start":{"line":24,"column":2},"end":{"line":172,"column":4}},"8":{"start":{"line":98,"column":16},"end":{"line":98,"column":37}},"9":{"start":{"line":135,"column":16},"end":{"line":135,"column":41}},"10":{"start":{"line":160,"column":10},"end":{"line":160,"column":35}},"11":{"start":{"line":6,"column":13},"end":{"line":6,"column":33}}},"fnMap":{"0":{"name":"(anonymous_0)","decl":{"start":{"line":6,"column":33},"end":{"line":6,"column":36}},"loc":{"start":{"line":6,"column":38},"end":{"line":173,"column":1}}},"1":{"name":"(anonymous_1)","decl":{"start":{"line":97,"column":30},"end":{"line":97,"column":31}},"loc":{"start":{"line":98,"column":16},"end":{"line":98,"column":37}}},"2":{"name":"(anonymous_2)","decl":{"start":{"line":134,"column":20},"end":{"line":134,"column":21}},"loc":{"start":{"line":135,"column":16},"end":{"line":135,"column":41}}},"3":{"name":"(anonymous_3)","decl":{"start":{"line":159,"column":14},"end":{"line":159,"column":15}},"loc":{"start":{"line":160,"column":10},"end":{"line":160,"column":35}}}},"branchMap":{},"s":{"0":0,"1":0,"2":0,"3":0,"4":0,"5":0,"6":0,"7":0,"8":0,"9":0,"10":0,"11":0},"f":{"0":0,"1":0,"2":0,"3":0},"b":{}}
,"C:\\Users\\manik\\OneDrive\\Desktop\\Desktop\\skillshpere\\src\\components\\dashboard\\DashboardHeader.tsx": {"path":"C:\\Users\\manik\\OneDrive\\Desktop\\Desktop\\skillshpere\\src\\components\\dashboard\\DashboardHeader.tsx","statementMap":{"0":{"start":{"line":1,"column":0},"end":{"line":1,"column":39}},"1":{"start":{"line":2,"column":0},"end":{"line":2,"column":48}},"2":{"start":{"line":3,"column":0},"end":{"line":3,"column":77}},"3":{"start":{"line":4,"column":0},"end":{"line":4,"column":52}},"4":{"start":{"line":11,"column":31},"end":{"line":99,"column":1}},"5":{"start":{"line":13,"column":19},"end":{"line":20,"column":4}},"6":{"start":{"line":22,"column":2},"end":{"line":98,"column":4}},"7":{"start":{"line":36,"column":56},"end":{"line":36,"column":60}},"8":{"start":{"line":75,"column":12},"end":{"line":76,"column":null}},"9":{"start":{"line":11,"column":13},"end":{"line":11,"column":31}}},"fnMap":{"0":{"name":"(anonymous_0)","decl":{"start":{"line":11,"column":31},"end":{"line":11,"column":32}},"loc":{"start":{"line":11,"column":66},"end":{"line":99,"column":1}}},"1":{"name":"(anonymous_1)","decl":{"start":{"line":36,"column":51},"end":{"line":36,"column":52}},"loc":{"start":{"line":36,"column":56},"end":{"line":36,"column":60}}},"2":{"name":"(anonymous_2)","decl":{"start":{"line":74,"column":16},"end":{"line":74,"column":17}},"loc":{"start":{"line":75,"column":12},"end":{"line":76,"column":null}}}},"branchMap":{"0":{"loc":{"start":{"line":13,"column":19},"end":{"line":20,"column":4}},"type":"binary-expr","locations":[{"start":{"line":13,"column":19},"end":{"line":13,"column":23}},{"start":{"line":13,"column":27},"end":{"line":20,"column":4}}]},"1":{"loc":{"start":{"line":89,"column":16},"end":{"line":89,"column":null}},"type":"cond-expr","locations":[{"start":{"line":89,"column":49},"end":{"line":89,"column":65}},{"start":{"line":89,"column":68},"end":{"line":89,"column":null}}]}},"s":{"0":0,"1":0,"2":0,"3":0,"4":0,"5":0,"6":0,"7":0,"8":0,"9":0},"f":{"0":0,"1":0,"2":0},"b":{"0":[0,0],"1":[0,0]}}
,"C:\\Users\\manik\\OneDrive\\Desktop\\Desktop\\skillshpere\\src\\components\\dashboard\\LearningPath.tsx": {"path":"C:\\Users\\manik\\OneDrive\\Desktop\\Desktop\\skillshpere\\src\\components\\dashboard\\LearningPath.tsx","statementMap":{"0":{"start":{"line":1,"column":0},"end":{"line":1,"column":39}},"1":{"start":{"line":2,"column":0},"end":{"line":2,"column":44}},"2":{"start":{"line":3,"column":0},"end":{"line":3,"column":84}},"3":{"start":{"line":4,"column":0},"end":{"line":4,"column":52}},"4":{"start":{"line":5,"column":0},"end":{"line":5,"column":56}},"5":{"start":{"line":6,"column":0},"end":{"line":6,"column":50}},"6":{"start":{"line":7,"column":0},"end":{"line":7,"column":116}},"7":{"start":{"line":8,"column":0},"end":{"line":8,"column":46}},"8":{"start":{"line":11,"column":28},"end":{"line":352,"column":1}},"9":{"start":{"line":12,"column":44},"end":{"line":12,"column":72}},"10":{"start":{"line":13,"column":40},"end":{"line":13,"column":75}},"11":{"start":{"line":14,"column":36},"end":{"line":14,"column":50}},"12":{"start":{"line":15,"column":42},"end":{"line":15,"column":71}},"13":{"start":{"line":17,"column":2},"end":{"line":19,"column":9}},"14":{"start":{"line":18,"column":4},"end":{"line":18,"column":25}},"15":{"start":{"line":21,"column":29},"end":{"line":35,"column":3}},"16":{"start":{"line":22,"column":4},"end":{"line":34,"column":5}},"17":{"start":{"line":23,"column":6},"end":{"line":23,"column":25}},"18":{"start":{"line":24,"column":20},"end":{"line":24,"column":71}},"19":{"start":{"line":25,"column":6},"end":{"line":25,"column":30}},"20":{"start":{"line":26,"column":6},"end":{"line":29,"column":7}},"21":{"start":{"line":27,"column":8},"end":{"line":27,"column":33}},"22":{"start":{"line":28,"column":8},"end":{"line":28,"column":37}},"23":{"start":{"line":31,"column":6},"end":{"line":31,"column":61}},"24":{"start":{"line":33,"column":6},"end":{"line":33,"column":26}},"25":{"start":{"line":37,"column":27},"end":{"line":43,"column":3}},"26":{"start":{"line":38,"column":17},"end":{"line":38,"column":57}},"27":{"start":{"line":38,"column":41},"end":{"line":38,"column":56}},"28":{"start":{"line":39,"column":4},"end":{"line":42,"column":5}},"29":{"start":{"line":40,"column":6},"end":{"line":40,"column":27}},"30":{"start":{"line":41,"column":6},"end":{"line":41,"column":30}},"31":{"start":{"line":45,"column":29},"end":{"line":55,"column":3}},"32":{"start":{"line":46,"column":4},"end":{"line":46,"column":29}},"33":{"start":{"line":46,"column":22},"end":{"line":46,"column":29}},"34":{"start":{"line":48,"column":4},"end":{"line":54,"column":5}},"35":{"start":{"line":49,"column":26},"end":{"line":49,"column":103}},"36":{"start":{"line":50,"column":6},"end":{"line":50,"column":34}},"37":{"start":{"line":51,"column":6},"end":{"line":51,"column":89}},"38":{"start":{"line":51,"column":31},"end":{"line":51,"column":87}},"39":{"start":{"line":51,"column":45},"end":{"line":51,"column":86}},"40":{"start":{"line":53,"column":6},"end":{"line":53,"column":60}},"41":{"start":{"line":57,"column":22},"end":{"line":72,"column":3}},"42":{"start":{"line":58,"column":4},"end":{"line":71,"column":5}},"43":{"start":{"line":60,"column":8},"end":{"line":60,"column":48}},"44":{"start":{"line":62,"column":8},"end":{"line":62,"column":46}},"45":{"start":{"line":64,"column":8},"end":{"line":64,"column":45}},"46":{"start":{"line":66,"column":8},"end":{"line":66,"column":50}},"47":{"start":{"line":68,"column":8},"end":{"line":68,"column":48}},"48":{"start":{"line":70,"column":8},"end":{"line":70,"column":48}},"49":{"start":{"line":74,"column":29},"end":{"line":85,"column":3}},"50":{"start":{"line":75,"column":4},"end":{"line":84,"column":5}},"51":{"start":{"line":77,"column":8},"end":{"line":77,"column":45}},"52":{"start":{"line":79,"column":8},"end":{"line":79,"column":47}},"53":{"start":{"line":81,"column":8},"end":{"line":81,"column":41}},"54":{"start":{"line":83,"column":8},"end":{"line":83,"column":43}},"55":{"start":{"line":87,"column":2},"end":{"line":112,"column":3}},"56":{"start":{"line":88,"column":4},"end":{"line":111,"column":6}},"57":{"start":{"line":114,"column":2},"end":{"line":351,"column":4}},"58":{"start":{"line":133,"column":14},"end":{"line":134,"column":null}},"59":{"start":{"line":143,"column":33},"end":{"line":143,"column":58}},"60":{"start":{"line":222,"column":55},"end":{"line":222,"column":66}},"61":{"start":{"line":238,"column":22},"end":{"line":238,"column":41}},"62":{"start":{"line":257,"column":22},"end":{"line":258,"column":null}},"63":{"start":{"line":307,"column":38},"end":{"line":307,"column":63}},"64":{"start":{"line":325,"column":45},"end":{"line":325,"column":72}},"65":{"start":{"line":11,"column":13},"end":{"line":11,"column":28}}},"fnMap":{"0":{"name":"(anonymous_0)","decl":{"start":{"line":11,"column":28},"end":{"line":11,"column":31}},"loc":{"start":{"line":11,"column":33},"end":{"line":352,"column":1}}},"1":{"name":"(anonymous_1)","decl":{"start":{"line":17,"column":12},"end":{"line":17,"column":15}},"loc":{"start":{"line":17,"column":17},"end":{"line":19,"column":3}}},"2":{"name":"(anonymous_2)","decl":{"start":{"line":21,"column":29},"end":{"line":21,"column":34}},"loc":{"start":{"line":21,"column":40},"end":{"line":35,"column":3}}},"3":{"name":"(anonymous_3)","decl":{"start":{"line":37,"column":27},"end":{"line":37,"column":28}},"loc":{"start":{"line":37,"column":46},"end":{"line":43,"column":3}}},"4":{"name":"(anonymous_4)","decl":{"start":{"line":38,"column":36},"end":{"line":38,"column":37}},"loc":{"start":{"line":38,"column":41},"end":{"line":38,"column":56}}},"5":{"name":"(anonymous_5)","decl":{"start":{"line":45,"column":29},"end":{"line":45,"column":34}},"loc":{"start":{"line":45,"column":54},"end":{"line":55,"column":3}}},"6":{"name":"(anonymous_6)","decl":{"start":{"line":51,"column":23},"end":{"lin
[...]
},"51":{"start":{"line":71,"column":21},"end":{"line":71,"column":57}},"52":{"start":{"line":72,"column":4},"end":{"line":72,"column":57}},"53":{"start":{"line":72,"column":21},"end":{"line":72,"column":57}},"54":{"start":{"line":73,"column":4},"end":{"line":73,"column":13}},"55":{"start":{"line":66,"column":13},"end":{"line":66,"column":22}},"56":{"start":{"line":78,"column":28},"end":{"line":81,"column":1}},"57":{"start":{"line":79,"column":21},"end":{"line":79,"column":49}},"58":{"start":{"line":80,"column":2},"end":{"line":80,"column":32}},"59":{"start":{"line":78,"column":13},"end":{"line":78,"column":28}},"60":{"start":{"line":83,"column":31},"end":{"line":87,"column":1}},"61":{"start":{"line":85,"column":24},"end":{"line":85,"column":79}},"62":{"start":{"line":86,"column":2},"end":{"line":86,"column":38}},"63":{"start":{"line":83,"column":13},"end":{"line":83,"column":31}},"64":{"start":{"line":90,"column":30},"end":{"line":109,"column":1}},"65":{"start":{"line":91,"column":2},"end":{"line":108,"column":3}},"66":{"start":{"line":95,"column":6},"end":{"line":95,"column":28}},"67":{"start":{"line":98,"column":6},"end":{"line":98,"column":30}},"68":{"start":{"line":101,"column":6},"end":{"line":101,"column":27}},"69":{"start":{"line":105,"column":6},"end":{"line":105,"column":32}},"70":{"start":{"line":107,"column":6},"end":{"line":107,"column":37}},"71":{"start":{"line":90,"column":13},"end":{"line":90,"column":30}},"72":{"start":{"line":111,"column":32},"end":{"line":130,"column":1}},"73":{"start":{"line":112,"column":2},"end":{"line":129,"column":3}},"74":{"start":{"line":116,"column":6},"end":{"line":116,"column":29}},"75":{"start":{"line":119,"column":6},"end":{"line":119,"column":31}},"76":{"start":{"line":122,"column":6},"end":{"line":122,"column":28}},"77":{"start":{"line":126,"column":6},"end":{"line":126,"column":33}},"78":{"start":{"line":128,"column":6},"end":{"line":128,"column":27}},"79":{"start":{"line":111,"column":13},"end":{"line":111,"column":32}},"80":{"start":{"line":133,"column":13},"end":{"line":166,"column":2}},"81":{"start":{"line":135,"column":4},"end":{"line":140,"column":5}},"82":{"start":{"line":136,"column":19},"end":{"line":136,"column":44}},"83":{"start":{"line":137,"column":6},"end":{"line":137,"column":60}},"84":{"start":{"line":139,"column":6},"end":{"line":139,"column":34}},"85":{"start":{"line":144,"column":4},"end":{"line":148,"column":5}},"86":{"start":{"line":145,"column":6},"end":{"line":145,"column":55}},"87":{"start":{"line":147,"column":6},"end":{"line":147,"column":53}},"88":{"start":{"line":152,"column":4},"end":{"line":156,"column":5}},"89":{"start":{"line":153,"column":6},"end":{"line":153,"column":35}},"90":{"start":{"line":155,"column":6},"end":{"line":155,"column":57}},"91":{"start":{"line":160,"column":4},"end":{"line":164,"column":5}},"92":{"start":{"line":161,"column":6},"end":{"line":161,"column":27}},"93":{"start":{"line":163,"column":6},"end":{"line":163,"column":51}},"94":{"start":{"line":169,"column":24},"end":{"line":179,"column":1}},"95":{"start":{"line":175,"column":2},"end":{"line":178,"column":4}},"96":{"start":{"line":176,"column":4},"end":{"line":176,"column":26}},"97":{"start":{"line":177,"column":4},"end":{"line":177,"column":52}},"98":{"start":{"line":177,"column":31},"end":{"line":177,"column":44}},"99":{"start":{"line":169,"column":13},"end":{"line":169,"column":24}},"100":{"start":{"line":182,"column":24},"end":{"line":195,"column":1}},"101":{"start":{"line":188,"column":2},"end":{"line":194,"column":4}},"102":{"start":{"line":189,"column":4},"end":{"line":193,"column":5}},"103":{"start":{"line":190,"column":6},"end":{"line":190,"column":20}},"104":{"start":{"line":191,"column":6},"end":{"line":191,"column":24}},"105":{"start":{"line":192,"column":6},"end":{"line":192,"column":52}},"106":{"start":{"line":192,"column":24},"end":{"line":192,"column":42}},"107":{"start":{"line":182,"column":13},"end":{"line":182,"column":24}},"108":{"start":{"line":198,"column":26},"end":{"line":200,"column":1}},"109":{"start":{"line":199,"column":2},"end":{"line":199,"column":49}},"110":{"start":{"line":198,"column":13},"end":{"line":198,"column":26}},"111":{"start":{"line":202,"column":29},"end":{"line":204,"column":1}},"112":{"start":{"line":203,"column":2},"end":{"line":203,"column":59}},"113":{"start":{"line":202,"column":13},"end":{"line":202,"column":29}},"114":{"start":{"line":207,"column":29},"end":{"line":210,"column":1}},"115":{"start":{"line":208,"column":20},"end":{"line":208,"column":63}},"116":{"start":{"line":209,"column":2},"end":{"line":209,"column":30}},"117":{"start":{"line":207,"column":13},"end":{"line":207,"column":29}},"118":{"start":{"line":212,"column":29},"end":{"line":216,"column":1}},"119":{"start":{"line":213,"column":14},"end":{"line":213,"column":43}},"120":{"start":{"line":214,"column":2},"end":{"line":214,"column":37}},"121":{"start":{"line":215,"column":2},"end":{"line":215,"column":54}},"122":{"start":{"line":212,"column":13},"end":{"line":212,"column":29}},"123":{"start":{"line":219,"column":18},"end":{"line":221,"column":1}},"124":{"start":{"line":220,"column":2},"end":{"line":220,"column":43}},"125":{"start":{"line":219,"column":13},"end":{"line":219,"column":18}},"126":{"start":{"line":224,"column":25},"end":{"line":238,"column":1}},"127":{"start":{"line":225,"column":2},"end":{"line":225,"column":58}},"128":{"start":{"line":225,"column":47},"end":{"line":225,"column":58}},"129":{"start":{"line":226,"column":2},"end":{"line":226,"column":74}},"130":{"start":{"line":226,"column":27},"end":{"line":226,"column":74}},"131":{"start":{"line":227,"column":2},"end":{"line":227,"column":84}},"132":{"start":{"line":227,"column":28},"end":{"line":227,"column":84}},"133":{"start":{"line":227,"column":51},"end":{"line":227,"column":66}},"134":{"start":{"line":228,"column":2},"end":{"line":236,"column":3}},"135":{"start":{"line":229,"column":22},"end":{"line":229,"column":29}},"136":{"start":{"line":230,"column":4},"end":{"line":234,"column":5}},"137":{"start":{"line":231,"column":6},"end":{"line":233,"column":7}},"138":{"start":{"line":232,"column":8},"end":{"line":232,"column":45}},"139":{"start":{"line":235,"column":4},"end":{"line":235,"column":21}},"140":{"start":{"line":237,"column":2},"end":{"line":237,"column":13}},"141":{"start":{"line":224,"column":13},"end":{"line":224,"column":25}}},"fnMap":{"0":{"name":"(anonymous_0)","decl":{"start":{"line":2,"column":26},"end":{"line":2,"column":27}},"loc":{"start":{"line":2,"column":58},"end":{"line":9,"column":1}}},"1":{"name":"(anonymous_1)","decl":{"start":{"line":11,"column":34},"end":{"line":11,"column":35}},"loc":{"start":{"line":11,"column":66},"end":{"line":22,"column":1}}},"2":{"name":"(anonymous_2)","decl":{"start":{"line":25,"column":26},"end":{"line":25,"column":27}},"loc":{"start":{"line":25,"column":50},"end":{"line":27,"column":1}}},"3":{"name":"(anonymous_3)","decl":{"start":{"line":29,"column":24},"end":{"line":29,"column":25}},"loc":{"start":{"line":29,"column":64},"end":{"line":32,"column":1}}},"4":{"name":"(anonymous_4)","decl":{"start":{"line":35,"column":28},"end":{"line":35,"column":29}},"loc":{"start":{"line":35,"column":52},"end":{"line":43,"column":1}}},"5":{"name":"(anonymous_5)","decl":{"start":{"line":45,"column":32},"end":{"line":45,"column":33}},"loc":{"start":{"line":45,"column":56},"end":{"line":47,"column":1}}},"6":{"name":"(anonymous_6)","decl":{"start":{"line":49,"column":30},"end":{"line":49,"column":31}},"loc":{"start":{"line":49,"column":75},"end":{"line":54,"column":1}}},"7":{"name":"(anonymous_7)","decl":{"start":{"line":57,"column":23},"end":{"line":57,"column":27}},"loc":{"start":{"line":57,"column":76},"end":{"line":64,"column":1}}},"8":{"name":"(anonymous_8)","decl":{"start":{"line":58,"column":22},"end":{"line":58,"column":23}},"loc":{"start":{"line":58,"column":39},"end":{"line":63,"column":3}}},"9":{"name":"(anonymous_9)","decl":{"start":{"line":66,"column":22},"end":{"line":66,"column":26}},"loc":{"start":{"line":66,"column":94},"end":{"line":75,"column":1}}},"10":{"name":"(anonymous_10)","decl":{"start":{"line":67,"column":25},"end":{"line":67,"column":26}},"loc":{"start":{"line":67,"column":34},"end":{"line":74,"column":3}}},"11":{"name":"(anonymous_11)","decl":{"start":{"line":78,"column":28},"end":{"line":78,"column":29}},"loc":{"start":{"line":78,"column":55},"end":{"line":81,"column":1}}},"12":{"name":"(anonymous_12)","decl":{"start":{"line":83,"column":31},"end":{"line":83,"column":32}},"loc":{"start":{"line":83,"column":61},"end":{"line":87,"column":1}}},"13":{"name":"(anonymous_13)","decl":{"start":{"line":90,"column":30},"end":{"line":90,"column":31}},"loc":{"start":{"line":90,"column":57},"end":{"line":109,"column":1}}},"14":{"name":"(anonymous_14)","decl":{"start":{"line":111,"column":32},"end":{"line":111,"column":33}},"loc":{"start":{"line":111,"column":59},"end":{"line":130,"column":1}}},"15":{"name":"(anonymous_15)","decl":{"start":{"line":134,"column":7},"end":{"line":134,"column":11}},"loc":{"start":{"line":134,"column":54},"end":{"line":141,"column":3}}},"16":{"name":"(anonymous_16)","decl":{"start":{"line":143,"column":7},"end":{"line":143,"column":11}},"loc":{"start":{"line":143,"column":42},"end":{"line":149,"column":3}}},"17":{"name":"(anonymous_17)","decl":{"start":{"line":151,"column":10},"end":{"line":151,"column":11}},"loc":{"start":{"line":151,"column":32},"end":{"line":157,"column":3}}},"18":{"name":"(anonymous_18)","decl":{"start":{"line":159,"column":9},"end":{"line":159,"column":18}},"loc":{"start":{"line":159,"column":20},"end":{"line":165,"column":3}}},"19":{"name":"(anonymous_19)","decl":{"start":{"line":169,"column":24},"end":{"line":169,"column":null}},"loc":{"start":{"line":172,"column":40},"end":{"line":179,"column":1}}},"20":{"name":"(anonymous_20)","decl":{"start":{"line":175,"column":9},"end":{"line":175,"column":10}},"loc":{"start":{"line":175,"column":36},"end":{"line":178,"column":3}}},"21":{"name":"(anonymous_21)","decl":{"start":{"line":177,"column":25},"end":{"line":177,"column":28}},"loc":{"start":{"line":177,"column":31},"end":{"line":177,"column":44}}},"22":{"name":"(anonymous_22)","decl":{"start":{"line":182,"column":24},"end":{"line":182,"column":null}},"loc":{"start":{"line":185,"column":40},"end":{"line":195,"column":1}}},"23":{"name":"(anonymous_23)","decl":{"start":{"line":188,"column":9},"end":{"line":188,"column":10}},"loc":{"start":{"line":188,"column":36},"end":{"line":194,"column":3}}},"24":{"name":"(anonymous_24)","decl":{"start":{"line":192,"column":17},"end":{"line":192,"column":20}},"loc":{"start":{"line":192,"column":24},"end":{"line":192,"column":42}}},"25":{"name":"(anonymous_25)","decl":{"start":{"line":198,"column":26},"end":{"line":198,"column":37}},"loc":{"start":{"line":198,"column":39},"end":{"line":200,"column":1}}},"26":{"name":"(anonymous_26)","decl":{"start":{"line":202,"column":29},"end":{"line":202,"column":30}},"loc":{"start":{"line":202,"column":66},"end":{"line":204,"column":1}}},"27":{"name":"(anonymous_27)","decl":{"start":{"line":207,"column":29},"end":{"line":207,"column":30}},"loc":{"start":{"line":207,"column":62},"end":{"line":210,"column":1}}},"28":{"name":"(anonymous_28)","decl":{"start":{"line":212,"column":29},"end":{"line":212,"column":30}},"loc":{"start":{"line":212,"column":68},"end":{"line":216,"column":1}}},"29":{"name":"(anonymous_29)","decl":{"start":{"line":219,"column":18},"end":{"line":219,"column":19}},"loc":{"start":{"line":219,"column":80},"end":{"line":221,"column":1}}},"30":{"name":"(anonymous_30)","decl":{"start":{"line":224,"column":25},"end":{"line":224,"column":29}},"loc":{"start":{"line":224,"column":42},"end":{"line":238,"column":1}}},"31":{"name":"(anonymous_31)","decl":{"start":{"line":227,"column":43},"end":{"line":227,"column":47}},"loc":{"start":{"line":227,"column":51},"end":{"line":227,"column":66}}}},"branchMap":{"0":{"loc":{"start":{"line":16,"column":2},"end":{"line":16,"column":44}},"type":"if","locations":[{"start":{"line":16,"column":2},"end":{"line":16,"column":44}},{"start":{},"end":{}}]},"1":{"loc":{"start":{"line":17,"column":2},"end":{"line":17,"column":83}},"type":"if","locations":[{"start":{"line":17,"column":2},"end":{"line":17,"column":83}},{"start":{},"end":{}}]},"2":{"loc":{"start":{"line":18,"column":2},"end":{"line":18,"column":84}},"type":"if","locations":[{"start":{"line":18,"column":2},"end":{"line":18,"column":84}},{"start":{},"end":{}}]},"3":{"loc":{"start":{"line":19,"column":2},"end":{"line":19,"column":86}},"type":"if","locations":[{"start":{"line":19,"column":2},"end":{"line":19,"column":86}},{"start":{},"end":{}}]},"4":{"loc":{"start":{"line":30,"column":2},"end":{"line":30,"column":39}},"type":"if","locations":[{"start":{"line":30,"column":2},"end":{"line":30,"column":39}},{"start":{},"end":{}}]},"5":{"loc":{"start":{"line":36,"column":2},"end":{"line":38,"column":3}},"type":"if","locations":[{"start":{"line":36,"column":2},"end":{"line":38,"column":3}},{"start":{},"end":{}}]},"6":{"loc":{"start":{"line":39,"column":2},"end":{"line":41,"column":3}},"type":"if","locations":[{"start":{"line":39,"column":2},"end":{"line":41,"column":3}},{"start":{},"end":{}}]},"7":{"loc":{"start":{"line":49,"column":47},"end":{"line":49,"column":63}},"type":"default-arg","locations":[{"start":{"line":49,"column":58},"end":{"line":49,"column":63}}]},"8":{"loc":{"start":{"line":60,"column":20},"end":{"line":60,"column":39}},"type":"binary-expr","locations":[{"start":{"line":60,"column":20},"end":{"line":60,"column":33}},{"start":{"line":60,"column":37},"end":{"line":60,"column":39}}]},"9":{"loc":{"start":{"line":66,"column":52},"end":{"line":66,"column":85}},"type":"default-arg","locations":[{"start":{"line":66,"column":80},"end":{"line":66,"column":85}}]},"10":{"loc":{"start":{"line":71,"column":4},"end":{"line":71,"column":57}},"type":"if","locations":[{"start":{"line":71,"column":4},"end":{"line":71,"column":57}},{"start":{},"end":{}}]},"11":{"loc":{"start":{"line":71,"column":28},"end":{"line":71,"column":56}},"type":"cond-expr","locations":[{"start":{"line":71,"column":50},"end":{"line":71,"column":52}},{"start":{"line":71,"column":55},"end":{"line":71,"column":56}}]},"12":{"loc":{"start":{"line":72,"column":4},"end":{"line":72,"column":57}},"type":"if","locations":[{"start":{"line":72,"column":4},"end":{"line":72,"column":57}},{"start":{},"end":{}}]},"13":{"loc":{"start":{"line":72,"column":28},"end":{"line":72,"column":56}},"type":"cond-expr","locations":[{"start":{"line":72,"column":50},"end":{"line":72,"column":51}},{"start":{"line":72,"column":54},"end":{"line":72,"column":56}}]},"14":{"loc":{"start":{"line":91,"column":2},"end":{"line":108,"column":3}},"type":"switch","locations":[{"start":{"line":92,"column":4},"end":{"line":92,"column":18}},{"start":{"line":93,"column":4},"end":{"line":93,"column":21}},{"start":{"line":94,"column":4},"end":{"line":95,"column":28}},{"start":{"line":96,"column":4},"end":{"line":96,"column":20}},{"start":{"line":97,"column":4},"end":{"line":98,"column":30}},{"start":{"line":99,"column":4},"end":{"line":99,"column":24}},{"start":{"line":100,"column":4},"end":{"line":101,"column":27}},{"start":{"line":102,"column":4},"end":{"line":102,"column":20}},{"start":{"line":103,"column":4},"end":{"line":103,"column":20}},{"start":{"line":104,"column":4},"end":{"line":105,"column":32}},{"start":{"line":106,"column":4},"end":{"line":107,"column":37}}]},"15":{"loc":{"start":{"line":112,"column":2},"end":{"line":129,"column":3}},"type":"switch","locations":[{"start":{"line":113,"column":4},"end":{"line":113,"column":18}},{"start":{"line":114,"column":4},"end":{"line":114,"column":21}},{"start":{"line":115,"column":4},"end":{"line":116,"column":29}},{"start":{"line":117,"column":4},"end":{"line":117,"column":20}},{"start":{"line":118,"column":4},"end":{"line":119,"column":31}},{"start":{"line":120,"column":4},"end":{"line":120,"column":24}},{"start":{"line":121,"column":4},"end":{"line":122,"column":28}},{"start":{"line":123,"column":4},"end":{"line":123,"column":20}},{"start":{"line":124,"column":4},"end":{"line":124,"column":20}},{"start":{"line":125,"column":4},"end":{"line":126,"column":33}},{"start":{"line":127,"column":4},"end":{"line":128,"column":27}}]},"16":{"loc":{"start":{"line":137,"column":13},"end":{"line":137,"column":59}},"type":"cond-expr","locations":[{"start":{"line":137,"column":20},"end":{"line":137,"column":36}},{"start":{"line":137,"column":39},"end":{"line":137,"column":59}}]},"17":{"loc":{"start":{"line":137,"column":39},"end":{"line":137,"column":59}},"type":"binary-expr","locations":[{"start":{"line":137,"column":39},"end":{"line":137,"column":51}},{"start":{"line":137,"column":55},"end":{"line":137,"column":59}}]},"18":{"loc":{"start":{"line":139,"column":13},"end":{"line":139,"column":33}},"type":"binary-expr","locations":[{"start":{"line":139,"column":13},"end":{"line":139,"column":25}},{"start":{"line":139,"column":29},"end":{"line":139,"column":33}}]},"19":{"loc":{"start":{"line":189,"column":4},"end":{"line":193,"column":5}},"type":"if","locations":[{"start":{"line":189,"column":4},"end":{"line":193,"column":5}},{"start":{},"end":{}}]},"20":{"loc":{"start":{"line":225,"column":2},"end":{"line":225,"column":58}},"type":"if","locations":[{"start":{"line":225,"column":2},"end":{"line":225,"column":58}},{"start":{},"end":{}}]},"21":{"loc":{"start":{"line":225,"column":6},"end":{"line":225,"column":45}},"type":"binary-expr","locations":[{"start":{"line":225,"column":6},"end":{"line":225,"column":18}},{"start":{"line":225,"column":22},"end":{"line":225,"column":45}}]},"22":{"loc":{"start":{"line":226,"column":2},"end":{"line":226,"column":74}},"type":"if","locations":[{"start":{"line":226,"column":2},"end":{"line":226,"column":74}},{"start":{},"end":{}}]},"23":{"loc":{"start":{"line":227,"column":2},"end":{"line":227,"column":84}},"type":"if","locations":[{"start":{"line":227,"column":2},"end":{"line":227,"column":84}},{"start":{},"end":{}}]},"24":{"loc":{"start":{"line":228,"column":2},"end":{"line":236,"column":3}},"type":"if","locations":[{"start":{"line":228,"column":2},"end":{"line":236,"column":3}},{"start":{},"end":{}}]},"25":{"loc":{"start":{"line":231,"column":6},"end":{"line":233,"column":7}},"type":"if","locations":[{"start":{"line":231,"column":6},"end":{"line":233,"column":7}},{"start":{},"end":{}}]}},"s":{"0":0,"1":0,"2":0,"3":0,"4":0,"5":0,"6":0,"7":0,"8":0,"9":0,"10":0,"11":0,"12":0,"13":0,"14":0,"15":0,"16":0,"17":0,"18":0,"19":0,"20":0,"21":0,"22":0,"23":0,"24":0,"25":0,"26":0,"27":0,"28":0,"29":0,"30":0,"31":0,"32":0,"33":0,"34":0,"35":0,"36":0,"37":0,"38":0,"39":0,"40":0,"41":0,"42":0,"43":0,"44":0,"45":0,"46":0,"47":0,"48":0,"49":0,"50":0,"51":0,"52":0,"53":0,"54":0,"55":0,"56":0,"57":0,"58":0,"59":0,"60":0,"61":0,"62":0,"63":0,"64":0,"65":0,"66":0,"67":0,"68":0,"69":0,"70":0,"71":0,"72":0,"73":0,"74":0,"75":0,"76":0,"77":0,"78":0,"79":0,"80":0,"81":0,"82":0,"83":0,"84":0,"85":0,"86":0,"87":0,"88":0,"89":0,"90":0,"91":0,"92":0,"93":0,"94":0,"95":0,"96":0,"97":0,"98":0,"99":0,"100":0,"101":0,"102":0,"103":0,"104":0,"105":0,"106":0,"107":0,"108":0,"109":0,"110":0,"111":0,"112":0,"113":0,"114":0,"115":0,"116":0,"117":0,"118":0,"119":0,"120":0,"121":0,"122":0,"123":0,"124":0,"125":0,"126":0,"127":0,"128":0,"129":0,"130":0,"131":0,"132":0,"133":0,"134":0,"135":0,"136":0,"137":0,"138":0,"139":0,"140":0,"141":0},"f":{"0":0,"1":0,"2":0,"3":0,"4":0,"5":0,"6":0,"7":0,"8":0,"9":0,"10":0,"11":0,"12":0,"13":0,"14":0,"15":0,"16":0,"17":0,"18":0,"19":0,"20":0,"21":0,"22":0,"23":0,"24":0,"25":0,"26":0,"27":0,"28":0,"29":0,"30":0,"31":0},"b":{"0":[0,0],"1":[0,0],"2":[0,0],"3":[0,0],"4":[0,0],"5":[0,0],"6":[0,0],"7":[0],"8":[0,0],"9":[0],"10":[0,0],"11":[0,0],"12":[0,0],"13":[0,0],"14":[0,0,0,0,0,0,0,0,0,0,0],"15":[0,0,0,0,0,0,0,0,0,0,0],"16":[0,0],"17":[0,0],"18":[0,0],"19":[0,0],"20":[0,0],"21":[0,0],"22":[0,0],"23":[0,0],"24":[0,0],"25":[0,0]}}
}
