TN:
SF:src\App.tsx
FN:21,(anonymous_1)
FNF:1
FNH:0
FNDA:0,(anonymous_1)
DA:1,0
DA:2,0
DA:3,0
DA:4,0
DA:5,0
DA:6,0
DA:7,0
DA:8,0
DA:9,0
DA:10,0
DA:11,0
DA:12,0
DA:13,0
DA:14,0
DA:15,0
DA:16,0
DA:17,0
DA:19,0
DA:21,0
DA:22,0
DA:64,0
LF:21
LH:0
BRF:0
BRH:0
end_of_record
TN:
SF:src\components\Footer.tsx
FN:3,(anonymous_0)
FN:39,(anonymous_1)
FN:57,(anonymous_2)
FN:67,(anonymous_3)
FNF:4
FNH:0
FNDA:0,(anonymous_0)
FNDA:0,(anonymous_1)
FNDA:0,(anonymous_2)
FNDA:0,(anonymous_3)
DA:1,0
DA:3,0
DA:4,0
DA:11,0
DA:40,0
DA:58,0
DA:68,0
LF:7
LH:0
BRF:0
BRH:0
end_of_record
TN:
SF:src\components\Hero.tsx
FN:6,(anonymous_0)
FNF:1
FNH:0
FNDA:0,(anonymous_0)
DA:1,0
DA:2,0
DA:3,0
DA:4,0
DA:6,0
DA:7,0
LF:6
LH:0
BRF:0
BRH:0
end_of_record
TN:
SF:src\components\Navigation.tsx
FN:8,(anonymous_0)
FN:53,(anonymous_1)
FN:118,(anonymous_2)
FN:136,(anonymous_3)
FN:140,(anonymous_4)
FN:156,(anonymous_5)
FN:164,(anonymous_6)
FN:175,(anonymous_7)
FN:180,(anonymous_8)
FNF:9
FNH:0
FNDA:0,(anonymous_0)
FNDA:0,(anonymous_1)
FNDA:0,(anonymous_2)
FNDA:0,(anonymous_3)
FNDA:0,(anonymous_4)
FNDA:0,(anonymous_5)
FNDA:0,(anonymous_6)
FNDA:0,(anonymous_7)
FNDA:0,(anonymous_8)
DA:1,0
DA:2,0
DA:3,0
DA:4,0
DA:5,0
DA:6,0
DA:8,0
DA:9,0
DA:10,0
DA:11,0
DA:13,0
DA:21,0
DA:23,0
DA:24,0
DA:27,0
DA:54,0
DA:118,0
DA:137,0
DA:140,0
DA:156,0
DA:165,0
DA:166,0
DA:175,0
DA:180,0
LF:24
LH:0
BRDA:21,0,0,0
BRDA:21,0,1,0
BRDA:23,1,0,0
BRDA:23,1,1,0
BRDA:63,2,0,0
BRDA:63,2,1,0
BRDA:81,3,0,0
BRDA:81,3,1,0
BRDA:121,4,0,0
BRDA:121,4,1,0
BRDA:127,5,0,0
BRDA:127,5,1,0
BRDA:142,6,0,0
BRDA:142,6,1,0
BRDA:154,7,0,0
BRDA:154,7,1,0
BRF:16
BRH:0
end_of_record
TN:
SF:src\components\ProtectedRoute.tsx
FN:10,(anonymous_1)
FNF:1
FNH:0
FNDA:0,(anonymous_1)
DA:1,0
DA:2,0
DA:3,0
DA:10,0
DA:11,0
DA:12,0
DA:14,0
DA:15,0
DA:25,0
DA:26,0
DA:29,0
DA:30,0
DA:33,0
LF:13
LH:0
BRDA:14,0,0,0
BRDA:14,0,1,0
BRDA:25,1,0,0
BRDA:25,1,1,0
BRDA:29,2,0,0
BRDA:29,2,1,0
BRF:6
BRH:0
end_of_record
TN:
SF:src\components\SkillCard.tsx
FN:13,(anonymous_6)
FN:16,(anonymous_7)
FN:33,(anonymous_8)
FN:34,(anonymous_9)
FNF:4
FNH:0
FNDA:0,(anonymous_6)
FNDA:0,(anonymous_7)
FNDA:0,(anonymous_8)
FNDA:0,(anonymous_9)
DA:1,0
DA:2,0
DA:3,0
DA:13,0
DA:14,0
DA:16,0
DA:17,0
DA:18,0
DA:19,0
DA:20,0
DA:22,0
DA:24,0
DA:28,0
DA:32,0
DA:33,0
DA:34,0
DA:38,0
DA:39,0
DA:45,0
DA:50,0
DA:55,0
DA:59,0
DA:67,0
DA:78,0
LF:24
LH:0
BRDA:13,0,0,0
BRDA:104,1,0,0
BRDA:104,1,1,0
BRDA:105,2,0,0
BRDA:105,2,1,0
BRF:5
BRH:0
end_of_record
TN:
SF:src\components\SkillGauge.tsx
FN:11,(anonymous_6)
FN:15,(anonymous_7)
FNF:2
FNH:0
FNDA:0,(anonymous_6)
FNDA:0,(anonymous_7)
DA:1,0
DA:2,0
DA:3,0
DA:11,0
DA:12,0
DA:13,0
DA:15,0
DA:16,0
DA:17,0
DA:20,0
DA:21,0
DA:22,0
DA:23,0
DA:24,0
DA:26,0
DA:29,0
DA:35,0
DA:42,0
DA:43,0
DA:49,0
DA:56,0
DA:57,0
DA:61,0
DA:65,0
DA:70,0
DA:71,0
DA:72,0
DA:74,0
DA:84,0
DA:93,0
LF:30
LH:0
BRDA:11,0,0,0
BRF:1
BRH:0
end_of_record
TN:
SF:src\components\SkillsSection.tsx
FN:4,(anonymous_0)
FN:74,(anonymous_1)
FNF:2
FNH:0
FNDA:0,(anonymous_0)
FNDA:0,(anonymous_1)
DA:1,0
DA:2,0
DA:4,0
DA:5,0
DA:32,0
DA:75,0
LF:6
LH:0
BRF:0
BRH:0
end_of_record
TN:
SF:src\components\ai\LearningRecommendations.tsx
FN:22,(anonymous_6)
FN:28,(anonymous_7)
FN:33,(anonymous_8)
FN:42,(anonymous_9)
FN:53,(anonymous_10)
FN:57,(anonymous_11)
FN:57,(anonymous_12)
FN:67,(anonymous_13)
FN:84,(anonymous_14)
FN:97,(anonymous_15)
FN:105,(anonymous_16)
FN:142,(anonymous_17)
FN:147,(anonymous_18)
FN:161,(anonymous_19)
FN:216,(anonymous_20)
FN:265,(anonymous_21)
FN:278,(anonymous_22)
FN:286,(anonymous_23)
FNF:18
FNH:13
FNDA:16,(anonymous_6)
FNDA:8,(anonymous_7)
FNDA:8,(anonymous_8)
FNDA:8,(anonymous_9)
FNDA:0,(anonymous_10)
FNDA:0,(anonymous_11)
FNDA:0,(anonymous_12)
FNDA:7,(anonymous_13)
FNDA:9,(anonymous_14)
FNDA:8,(anonymous_15)
FNDA:48,(anonymous_16)
FNDA:48,(anonymous_17)
FNDA:1,(anonymous_18)
FNDA:2,(anonymous_19)
FNDA:7,(anonymous_20)
FNDA:10,(anonymous_21)
FNDA:0,(anonymous_22)
FNDA:0,(anonymous_23)
DA:1,1
DA:2,1
DA:3,1
DA:4,1
DA:5,1
DA:6,1
DA:7,1
DA:19,1
DA:22,1
DA:23,16
DA:24,16
DA:25,16
DA:26,16
DA:28,16
DA:29,8
DA:30,8
DA:33,16
DA:34,8
DA:35,8
DA:36,7
DA:38,0
DA:42,16
DA:43,8
DA:44,8
DA:45,7
DA:47,0
DA:49,7
DA:53,16
DA:54,0
DA:55,0
DA:57,0
DA:58,0
DA:63,0
DA:67,16
DA:68,7
DA:70,4
DA:72,2
DA:74,1
DA:76,0
DA:78,0
DA:80,0
DA:84,16
DA:85,9
DA:87,2
DA:89,6
DA:91,1
DA:93,0
DA:97,16
DA:98,8
DA:101,16
DA:102,8
DA:106,48
DA:120,8
DA:143,48
DA:147,1
DA:162,2
DA:217,7
DA:266,10
DA:278,0
DA:286,0
LF:60
LH:47
BRDA:58,0,0,0
BRDA:58,0,1,0
BRDA:68,1,0,4
BRDA:68,1,1,2
BRDA:68,1,2,1
BRDA:68,1,3,0
BRDA:68,1,4,0
BRDA:68,1,5,0
BRDA:85,2,0,2
BRDA:85,2,1,6
BRDA:85,2,2,1
BRDA:85,2,3,0
BRDA:98,3,0,8
BRDA:98,3,1,2
BRDA:101,4,0,8
BRDA:101,4,1,8
BRDA:145,5,0,8
BRDA:145,5,1,40
BRDA:157,6,0,7
BRDA:157,6,1,1
BRDA:157,7,0,8
BRDA:157,7,1,1
BRDA:279,8,0,0
BRDA:279,8,1,7
BRDA:287,9,0,0
BRDA:287,9,1,7
BRDA:299,10,0,8
BRDA:299,10,1,2
BRDA:299,10,2,2
BRF:29
BRH:21
end_of_record
TN:
SF:src\components\analytics\LearningAnalytics.tsx
FN:22,(anonymous_6)
FN:27,(anonymous_7)
FN:31,(anonymous_8)
FN:43,(anonymous_9)
FN:50,(anonymous_10)
FN:60,(anonymous_11)
FN:191,(anonymous_12)
FN:221,(anonymous_13)
FN:256,(anonymous_14)
FN:305,(anonymous_15)
FNF:10
FNH:9
FNDA:34,(anonymous_6)
FNDA:8,(anonymous_7)
FNDA:8,(anonymous_8)
FNDA:24,(anonymous_9)
FNDA:24,(anonymous_10)
FNDA:32,(anonymous_11)
FNDA:4,(anonymous_12)
FNDA:8,(anonymous_13)
FNDA:8,(anonymous_14)
FNDA:0,(anonymous_15)
DA:1,1
DA:2,1
DA:3,1
DA:4,1
DA:5,1
DA:6,1
DA:7,1
DA:19,1
DA:22,1
DA:23,34
DA:24,33
DA:25,33
DA:27,33
DA:28,8
DA:31,33
DA:32,8
DA:33,8
DA:34,8
DA:35,7
DA:37,0
DA:39,7
DA:43,33
DA:44,24
DA:45,24
DA:46,20
DA:47,0
DA:50,33
DA:51,24
DA:52,24
DA:53,24
DA:56,33
DA:57,8
DA:61,32
DA:75,25
DA:76,1
DA:85,24
DA:192,4
DA:222,8
DA:257,8
DA:306,0
LF:40
LH:37
BRDA:44,0,0,0
BRDA:44,0,1,24
BRDA:45,1,0,4
BRDA:45,1,1,20
BRDA:46,2,0,20
BRDA:46,2,1,0
BRDA:51,3,0,0
BRDA:51,3,1,24
BRDA:52,4,0,0
BRDA:52,4,1,24
BRDA:56,5,0,8
BRDA:56,5,1,25
BRDA:75,6,0,1
BRDA:75,6,1,24
BRDA:227,7,0,0
BRDA:227,7,1,8
BRDA:227,8,0,0
BRDA:227,8,1,8
BRDA:261,9,0,4
BRDA:261,9,1,4
BRDA:261,10,0,4
BRDA:261,10,1,0
BRF:22
BRH:15
end_of_record
TN:
SF:src\components\collaboration\LiveSession.tsx
FN:30,(anonymous_6)
FN:45,(anonymous_7)
FN:49,(anonymous_8)
FN:61,(anonymous_9)
FN:64,(anonymous_10)
FN:79,(anonymous_11)
FN:82,(anonymous_12)
FN:92,(anonymous_13)
FN:103,(anonymous_14)
FN:118,(anonymous_15)
FN:137,(anonymous_16)
FN:169,(anonymous_17)
FN:204,(anonymous_18)
FN:209,(anonymous_19)
FN:301,(anonymous_20)
FN:323,(anonymous_21)
FN:323,(anonymous_22)
FN:331,(anonymous_23)
FN:331,(anonymous_24)
FN:341,(anonymous_25)
FN:341,(anonymous_26)
FN:351,(anonymous_27)
FN:351,(anonymous_28)
FN:361,(anonymous_29)
FN:361,(anonymous_30)
FN:379,(anonymous_31)
FN:379,(anonymous_32)
FN:388,(anonymous_33)
FN:401,(anonymous_34)
FN:448,(anonymous_35)
FN:452,(anonymous_36)
FN:467,(anonymous_37)
FNF:32
FNH:0
FNDA:0,(anonymous_6)
FNDA:0,(anonymous_7)
FNDA:0,(anonymous_8)
FNDA:0,(anonymous_9)
FNDA:0,(anonymous_10)
FNDA:0,(anonymous_11)
FNDA:0,(anonymous_12)
FNDA:0,(anonymous_13)
FNDA:0,(anonymous_14)
FNDA:0,(anonymous_15)
FNDA:0,(anonymous_16)
FNDA:0,(anonymous_17)
FNDA:0,(anonymous_18)
FNDA:0,(anonymous_19)
FNDA:0,(anonymous_20)
FNDA:0,(anonymous_21)
FNDA:0,(anonymous_22)
FNDA:0,(anonymous_23)
FNDA:0,(anonymous_24)
FNDA:0,(anonymous_25)
FNDA:0,(anonymous_26)
FNDA:0,(anonymous_27)
FNDA:0,(anonymous_28)
FNDA:0,(anonymous_29)
FNDA:0,(anonymous_30)
FNDA:0,(anonymous_31)
FNDA:0,(anonymous_32)
FNDA:0,(anonymous_33)
FNDA:0,(anonymous_34)
FNDA:0,(anonymous_35)
FNDA:0,(anonymous_36)
FNDA:0,(anonymous_37)
DA:1,0
DA:2,0
DA:3,0
DA:4,0
DA:5,0
DA:6,0
DA:7,0
DA:8,0
DA:9,0
DA:10,0
DA:27,0
DA:30,0
DA:31,0
DA:32,0
DA:33,0
DA:34,0
DA:35,0
DA:36,0
DA:45,0
DA:46,0
DA:49,0
DA:50,0
DA:51,0
DA:52,0
DA:53,0
DA:55,0
DA:57,0
DA:61,0
DA:62,0
DA:63,0
DA:64,0
DA:65,0
DA:66,0
DA:75,0
DA:79,0
DA:80,0
DA:81,0
DA:82,0
DA:83,0
DA:84,0
DA:85,0
DA:88,0
DA:92,0
DA:93,0
DA:94,0
DA:95,0
DA:96,0
DA:97,0
DA:99,0
DA:103,0
DA:104,0
DA:106,0
DA:108,0
DA:110,0
DA:112,0
DA:114,0
DA:118,0
DA:119,0
DA:121,0
DA:123,0
DA:125,0
DA:127,0
DA:129,0
DA:133,0
DA:134,0
DA:138,0
DA:152,0
DA:153,0
DA:169,0
DA:205,0
DA:209,0
DA:290,0
DA:301,0
DA:323,0
DA:331,0
DA:341,0
DA:351,0
DA:361,0
DA:379,0
DA:388,0
DA:402,0
DA:449,0
DA:452,0
DA:467,0
LF:84
LH:0
BRDA:83,0,0,0
BRDA:83,0,1,0
BRDA:104,1,0,0
BRDA:104,1,1,0
BRDA:104,1,2,0
BRDA:104,1,3,0
BRDA:104,1,4,0
BRDA:119,2,0,0
BRDA:119,2,1,0
BRDA:119,2,2,0
BRDA:119,2,3,0
BRDA:119,2,4,0
BRDA:133,3,0,0
BRDA:133,3,1,0
BRDA:152,4,0,0
BRDA:152,4,1,0
BRDA:152,5,0,0
BRDA:152,5,1,0
BRDA:218,6,0,0
BRDA:218,6,1,0
BRDA:308,7,0,0
BRDA:308,7,1,0
BRDA:456,8,0,0
BRDA:456,8,1,0
BRDA:471,9,0,0
BRDA:471,9,1,0
BRDA:483,10,0,0
BRDA:483,10,1,0
BRDA:483,10,2,0
BRF:29
BRH:0
end_of_record
TN:
SF:src\components\collaboration\StudyGroup.tsx
FN:23,(anonymous_6)
FN:38,(anonymous_7)
FN:42,(anonymous_8)
FN:46,(anonymous_9)
FN:58,(anonymous_10)
FN:62,(anonymous_11)
FN:65,(anonymous_12)
FN:70,(anonymous_13)
FN:76,(anonymous_14)
FN:79,(anonymous_15)
FN:93,(anonymous_16)
FN:97,(anonymous_17)
FN:97,(anonymous_18)
FN:117,(anonymous_19)
FN:118,(anonymous_20)
FN:122,(anonymous_21)
FN:132,(anonymous_22)
FN:155,(anonymous_23)
FN:168,(anonymous_24)
FN:202,(anonymous_25)
FN:202,(anonymous_26)
FN:210,(anonymous_27)
FN:210,(anonymous_28)
FN:219,(anonymous_29)
FN:219,(anonymous_30)
FN:237,(anonymous_31)
FN:237,(anonymous_32)
FN:249,(anonymous_33)
FN:262,(anonymous_34)
FN:290,(anonymous_35)
FN:316,(anonymous_36)
FN:318,(anonymous_37)
FN:320,(anonymous_38)
FNF:33
FNH:20
FNDA:26,(anonymous_6)
FNDA:7,(anonymous_7)
FNDA:13,(anonymous_8)
FNDA:7,(anonymous_9)
FNDA:13,(anonymous_10)
FNDA:2,(anonymous_11)
FNDA:2,(anonymous_12)
FNDA:0,(anonymous_13)
FNDA:0,(anonymous_14)
FNDA:0,(anonymous_15)
FNDA:1,(anonymous_16)
FNDA:1,(anonymous_17)
FNDA:1,(anonymous_18)
FNDA:8,(anonymous_19)
FNDA:1,(anonymous_20)
FNDA:2,(anonymous_21)
FNDA:84,(anonymous_22)
FNDA:0,(anonymous_23)
FNDA:1,(anonymous_24)
FNDA:0,(anonymous_25)
FNDA:0,(anonymous_26)
FNDA:0,(anonymous_27)
FNDA:0,(anonymous_28)
FNDA:0,(anonymous_29)
FNDA:0,(anonymous_30)
FNDA:0,(anonymous_31)
FNDA:0,(anonymous_32)
FNDA:0,(anonymous_33)
FNDA:8,(anonymous_34)
FNDA:22,(anonymous_35)
FNDA:1,(anonymous_36)
FNDA:1,(anonymous_37)
FNDA:1,(anonymous_38)
DA:1,1
DA:2,1
DA:3,1
DA:4,1
DA:5,1
DA:6,1
DA:7,1
DA:8,1
DA:9,1
DA:10,1
DA:20,1
DA:23,1
DA:24,26
DA:25,25
DA:26,25
DA:27,25
DA:28,25
DA:29,25
DA:30,25
DA:38,25
DA:39,7
DA:42,25
DA:43,13
DA:46,25
DA:47,7
DA:48,7
DA:49,7
DA:50,6
DA:52,0
DA:54,6
DA:58,25
DA:59,13
DA:61,13
DA:62,1
DA:63,2
DA:65,2
DA:69,13
DA:70,0
DA:73,13
DA:76,25
DA:77,0
DA:78,0
DA:79,0
DA:80,0
DA:81,0
DA:89,0
DA:93,25
DA:94,1
DA:95,1
DA:97,1
DA:98,1
DA:113,0
DA:117,25
DA:118,8
DA:119,1
DA:122,2
DA:128,25
DA:129,14
DA:133,84
DA:147,11
DA:155,0
DA:168,1
DA:202,0
DA:210,0
DA:219,0
DA:237,0
DA:249,0
DA:263,8
DA:291,22
DA:316,1
DA:318,1
DA:320,1
LF:72
LH:57
BRDA:61,0,0,1
BRDA:61,0,1,12
BRDA:63,1,0,2
BRDA:63,1,1,1
BRDA:63,1,2,1
BRDA:69,2,0,0
BRDA:69,2,1,13
BRDA:98,3,0,1
BRDA:98,3,1,0
BRDA:128,4,0,14
BRDA:128,4,1,11
BRDA:187,5,0,11
BRDA:187,5,1,0
BRDA:320,6,0,0
BRDA:320,6,1,8
BRDA:332,7,0,11
BRDA:332,7,1,5
BRDA:332,7,2,5
BRDA:337,8,0,0
BRDA:337,8,1,5
BRDA:337,9,0,5
BRDA:337,9,1,5
BRF:22
BRH:17
end_of_record
TN:
SF:src\components\dashboard\AnalyticsOverview.tsx
FN:6,(anonymous_0)
FN:97,(anonymous_1)
FN:134,(anonymous_2)
FN:159,(anonymous_3)
FNF:4
FNH:0
FNDA:0,(anonymous_0)
FNDA:0,(anonymous_1)
FNDA:0,(anonymous_2)
FNDA:0,(anonymous_3)
DA:1,0
DA:2,0
DA:3,0
DA:4,0
DA:6,0
DA:7,0
DA:17,0
DA:24,0
DA:98,0
DA:135,0
DA:160,0
LF:11
LH:0
BRF:0
BRH:0
end_of_record
TN:
SF:src\components\dashboard\DashboardHeader.tsx
FN:11,(anonymous_0)
FN:36,(anonymous_1)
FN:74,(anonymous_2)
FNF:3
FNH:0
FNDA:0,(anonymous_0)
FNDA:0,(anonymous_1)
FNDA:0,(anonymous_2)
DA:1,0
DA:2,0
DA:3,0
DA:4,0
DA:11,0
DA:13,0
DA:22,0
DA:36,0
DA:75,0
LF:9
LH:0
BRDA:13,0,0,0
BRDA:13,0,1,0
BRDA:89,1,0,0
BRDA:89,1,1,0
BRF:4
BRH:0
end_of_record
TN:
SF:src\components\dashboard\LearningPath.tsx
FN:11,(anonymous_0)
FN:17,(anonymous_1)
FN:21,(anonymous_2)
FN:37,(anonymous_3)
FN:38,(anonymous_4)
FN:45,(anonymous_5)
FN:51,(anonymous_6)
FN:51,(anonymous_7)
FN:57,(anonymous_8)
FN:74,(anonymous_9)
FN:132,(anonymous_10)
FN:143,(anonymous_11)
FN:222,(anonymous_12)
FN:237,(anonymous_13)
FN:256,(anonymous_14)
FN:306,(anonymous_15)
FN:325,(anonymous_16)
FNF:17
FNH:0
FNDA:0,(anonymous_0)
FNDA:0,(anonymous_1)
FNDA:0,(anonymous_2)
FNDA:0,(anonymous_3)
FNDA:0,(anonymous_4)
FNDA:0,(anonymous_5)
FNDA:0,(anonymous_6)
FNDA:0,(anonymous_7)
FNDA:0,(anonymous_8)
FNDA:0,(anonymous_9)
FNDA:0,(anonymous_10)
FNDA:0,(anonymous_11)
FNDA:0,(anonymous_12)
FNDA:0,(anonymous_13)
FNDA:0,(anonymous_14)
FNDA:0,(anonymous_15)
FNDA:0,(anonymous_16)
DA:1,0
DA:2,0
DA:3,0
DA:4,0
DA:5,0
DA:6,0
DA:7,0
DA:8,0
DA:11,0
DA:12,0
DA:13,0
DA:14,0
DA:15,0
DA:17,0
DA:18,0
DA:21,0
DA:22,0
DA:23,0
DA:24,0
DA:25,0
DA:26,0
DA:27,0
DA:28,0
DA:31,0
DA:33,0
DA:37,0
DA:38,0
DA:39,0
DA:40,0
DA:41,0
DA:45,0
DA:46,0
DA:48,0
DA:49,0
DA:50,0
DA:51,0
DA:53,0
DA:57,0
DA:58,0
DA:60,0
DA:62,0
DA:64,0
DA:66,0
DA:68,0
DA:70,0
DA:74,0
DA:75,0
DA:77,0
DA:79,0
DA:81,0
DA:83,0
DA:87,0
DA:88,0
DA:114,0
DA:133,0
DA:143,0
DA:222,0
DA:238,0
DA:257,0
DA:307,0
DA:325,0
LF:61
LH:0
BRDA:26,0,0,0
BRDA:26,0,1,0
BRDA:39,1,0,0
BRDA:39,1,1,0
BRDA:46,2,0,0
BRDA:46,2,1,0
BRDA:51,3,0,0
BRDA:51,3,1,0
BRDA:58,4,0,0
BRDA:58,4,1,0
BRDA:58,4,2,0
BRDA:58,4,3,0
BRDA:58,4,4,0
BRDA:58,4,5,0
BRDA:75,5,0,0
BRDA:75,5,1,0
BRDA:75,5,2,0
BRDA:75,5,3,0
BRDA:87,6,0,0
BRDA:87,6,1,0
BRDA:141,7,0,0
BRDA:141,7,1,0
BRDA:176,8,0,0
BRDA:176,8,1,0
BRDA:191,9,0,0
BRDA:191,9,1,0
BRDA:263,10,0,0
BRDA:263,10,1,0
BRDA:271,11,0,0
BRDA:271,11,1,0
BRDA:275,12,0,0
BRDA:275,12,1,0
BRDA:302,13,0,0
BRDA:302,13,1,0
BRDA:311,14,0,0
BRDA:311,14,1,0
BRDA:322,15,0,0
BRDA:322,15,1,0
BRF:38
BRH:0
end_of_record
TN:
SF:src\components\dashboard\MarketInsights.tsx
FN:10,(anonymous_0)
FN:16,(anonymous_1)
FN:17,(anonymous_2)
FN:43,(anonymous_3)
FN:182,(anonymous_4)
FN:245,(anonymous_5)
FN:298,(anonymous_6)
FNF:7
FNH:7
FNDA:13,(anonymous_0)
FNDA:7,(anonymous_1)
FNDA:7,(anonymous_2)
FNDA:28,(anonymous_3)
FNDA:2,(anonymous_4)
FNDA:4,(anonymous_5)
FNDA:2,(anonymous_6)
DA:1,1
DA:2,1
DA:3,1
DA:4,1
DA:6,1
DA:7,1
DA:8,1
DA:10,1
DA:11,13
DA:12,13
DA:13,13
DA:14,13
DA:16,13
DA:17,7
DA:18,7
DA:19,7
DA:20,7
DA:26,5
DA:27,5
DA:28,5
DA:30,1
DA:32,6
DA:36,7
DA:39,13
DA:40,7
DA:44,28
DA:58,6
DA:183,2
DA:246,4
DA:299,2
LF:30
LH:30
BRDA:39,0,0,7
BRDA:39,0,1,6
BRDA:255,1,0,4
BRDA:255,1,1,3
BRF:4
BRH:4
end_of_record
TN:
SF:src\components\dashboard\RecentActivity.tsx
FN:8,(anonymous_0)
FN:103,(anonymous_1)
FN:129,(anonymous_2)
FN:171,(anonymous_3)
FN:234,(anonymous_4)
FN:274,(anonymous_5)
FNF:6
FNH:0
FNDA:0,(anonymous_0)
FNDA:0,(anonymous_1)
FNDA:0,(anonymous_2)
FNDA:0,(anonymous_3)
FNDA:0,(anonymous_4)
FNDA:0,(anonymous_5)
DA:1,0
DA:2,0
DA:3,0
DA:4,0
DA:6,0
DA:8,0
DA:9,0
DA:72,0
DA:103,0
DA:104,0
DA:105,0
DA:112,0
DA:130,0
DA:172,0
DA:235,0
DA:275,0
LF:16
LH:0
BRDA:178,0,0,0
BRDA:178,0,1,0
BRDA:184,1,0,0
BRDA:184,1,1,0
BRDA:188,2,0,0
BRDA:188,2,1,0
BRDA:202,3,0,0
BRDA:202,3,1,0
BRDA:209,4,0,0
BRDA:209,4,1,0
BRF:10
BRH:0
end_of_record
TN:
SF:src\components\dashboard\SkillAssessment.tsx
FN:31,(anonymous_0)
FN:42,(anonymous_1)
FN:43,(anonymous_2)
FN:58,(anonymous_3)
FN:61,(anonymous_4)
FN:62,(anonymous_5)
FN:68,(anonymous_6)
FN:71,(anonymous_7)
FN:80,(anonymous_8)
FN:81,(anonymous_9)
FN:87,(anonymous_10)
FN:89,(anonymous_11)
FN:93,(anonymous_12)
FN:95,(anonymous_13)
FN:99,(anonymous_14)
FN:115,(anonymous_15)
FN:121,(anonymous_16)
FN:195,(anonymous_17)
FN:205,(anonymous_18)
FN:233,(anonymous_19)
FN:331,(anonymous_20)
FN:333,(anonymous_21)
FN:347,(anonymous_22)
FN:365,(anonymous_23)
FN:376,(anonymous_24)
FN:428,(anonymous_25)
FN:435,(anonymous_26)
FNF:27
FNH:25
FNDA:38,(anonymous_0)
FNDA:8,(anonymous_1)
FNDA:8,(anonymous_2)
FNDA:19,(anonymous_3)
FNDA:1,(anonymous_4)
FNDA:1,(anonymous_5)
FNDA:19,(anonymous_6)
FNDA:7,(anonymous_7)
FNDA:5,(anonymous_8)
FNDA:5,(anonymous_9)
FNDA:3,(anonymous_10)
FNDA:3,(anonymous_11)
FNDA:1,(anonymous_12)
FNDA:1,(anonymous_13)
FNDA:3,(anonymous_14)
FNDA:17,(anonymous_15)
FNDA:17,(anonymous_16)
FNDA:6,(anonymous_17)
FNDA:1,(anonymous_18)
FNDA:3,(anonymous_19)
FNDA:4,(anonymous_20)
FNDA:52,(anonymous_21)
FNDA:1,(anonymous_22)
FNDA:0,(anonymous_23)
FNDA:0,(anonymous_24)
FNDA:9,(anonymous_25)
FNDA:7,(anonymous_26)
DA:1,1
DA:2,1
DA:3,1
DA:4,1
DA:5,1
DA:6,1
DA:7,1
DA:8,1
DA:10,1
DA:11,1
DA:23,1
DA:31,1
DA:32,38
DA:33,37
DA:34,37
DA:35,37
DA:36,37
DA:37,37
DA:38,37
DA:39,37
DA:40,37
DA:42,37
DA:43,8
DA:44,8
DA:45,8
DA:46,8
DA:47,8
DA:49,0
DA:51,8
DA:55,8
DA:58,37
DA:60,19
DA:61,8
DA:62,1
DA:63,1
DA:64,0
DA:68,19
DA:71,37
DA:72,7
DA:73,7
DA:74,7
DA:75,7
DA:76,7
DA:77,7
DA:80,37
DA:81,5
DA:87,37
DA:88,3
DA:89,3
DA:93,37
DA:94,1
DA:95,1
DA:99,37
DA:100,3
DA:102,3
DA:103,3
DA:104,3
DA:105,3
DA:108,3
DA:109,3
DA:111,0
DA:115,37
DA:116,17
DA:117,17
DA:118,17
DA:121,37
DA:122,17
DA:123,17
DA:126,37
DA:127,8
DA:141,29
DA:142,3
DA:196,6
DA:206,1
DA:207,1
DA:234,3
DA:274,26
DA:275,17
DA:276,17
DA:278,17
DA:331,4
DA:334,52
DA:347,1
DA:365,0
DA:376,0
DA:412,9
DA:429,9
DA:435,7
LF:88
LH:83
BRDA:60,0,0,8
BRDA:60,0,1,11
BRDA:60,1,0,19
BRDA:60,1,1,8
BRDA:63,2,0,0
BRDA:63,2,1,1
BRDA:88,3,0,3
BRDA:88,3,1,0
BRDA:88,4,0,3
BRDA:88,4,1,3
BRDA:94,5,0,1
BRDA:94,5,1,0
BRDA:100,6,0,0
BRDA:100,6,1,3
BRDA:122,7,0,0
BRDA:122,7,1,17
BRDA:126,8,0,8
BRDA:126,8,1,29
BRDA:141,9,0,3
BRDA:141,9,1,26
BRDA:166,10,0,0
BRDA:166,10,1,3
BRDA:166,11,0,3
BRDA:166,11,1,0
BRDA:218,12,0,3
BRDA:218,12,1,3
BRDA:244,13,0,3
BRDA:244,13,1,0
BRDA:244,14,0,0
BRDA:244,14,1,0
BRDA:274,15,0,17
BRDA:274,15,1,9
BRDA:274,16,0,26
BRDA:274,16,1,17
BRDA:276,17,0,0
BRDA:276,17,1,17
BRDA:328,18,0,17
BRDA:328,18,1,13
BRDA:328,18,2,13
BRDA:330,19,0,13
BRDA:330,19,1,8
BRDA:344,20,0,17
BRDA:344,20,1,2
BRDA:346,21,0,2
BRDA:346,21,1,1
BRDA:360,22,0,17
BRDA:360,22,1,1
BRDA:364,23,0,1
BRDA:364,23,1,1
BRDA:371,24,0,17
BRDA:371,24,1,1
BRDA:375,25,0,1
BRDA:375,25,1,1
BRDA:394,26,0,11
BRDA:394,26,1,6
BRF:55
BRH:44
end_of_record
TN:
SF:src\components\dashboard\SkillProgress.tsx
FN:9,(anonymous_0)
FN:97,(anonymous_1)
FN:99,(anonymous_2)
FN:108,(anonymous_3)
FN:134,(anonymous_4)
FN:139,(anonymous_5)
FN:152,(anonymous_6)
FNF:7
FNH:0
FNDA:0,(anonymous_0)
FNDA:0,(anonymous_1)
FNDA:0,(anonymous_2)
FNDA:0,(anonymous_3)
FNDA:0,(anonymous_4)
FNDA:0,(anonymous_5)
FNDA:0,(anonymous_6)
DA:1,0
DA:2,0
DA:3,0
DA:4,0
DA:5,0
DA:6,0
DA:7,0
DA:9,0
DA:10,0
DA:12,0
DA:20,0
DA:95,0
DA:97,0
DA:99,0
DA:100,0
DA:101,0
DA:102,0
DA:103,0
DA:104,0
DA:108,0
DA:109,0
DA:110,0
DA:111,0
DA:112,0
DA:113,0
DA:117,0
DA:135,0
DA:139,0
DA:153,0
LF:29
LH:0
BRDA:95,0,0,0
BRDA:95,0,1,0
BRDA:100,1,0,0
BRDA:100,1,1,0
BRDA:100,1,2,0
BRDA:100,1,3,0
BRDA:109,2,0,0
BRDA:109,2,1,0
BRDA:109,2,2,0
BRDA:109,2,3,0
BRDA:137,3,0,0
BRDA:137,3,1,0
BRF:12
BRH:0
end_of_record
TN:
SF:src\components\gamification\Achievements.tsx
FN:22,(anonymous_6)
FN:28,(anonymous_7)
FN:33,(anonymous_8)
FN:42,(anonymous_9)
FN:53,(anonymous_10)
FN:68,(anonymous_11)
FN:85,(anonymous_12)
FN:89,(anonymous_13)
FN:90,(anonymous_14)
FN:96,(anonymous_15)
FN:174,(anonymous_16)
FN:179,(anonymous_17)
FN:224,(anonymous_18)
FN:268,(anonymous_19)
FNF:14
FNH:14
FNDA:16,(anonymous_6)
FNDA:8,(anonymous_7)
FNDA:8,(anonymous_8)
FNDA:8,(anonymous_9)
FNDA:9,(anonymous_10)
FNDA:9,(anonymous_11)
FNDA:10,(anonymous_12)
FNDA:10,(anonymous_13)
FNDA:10,(anonymous_14)
FNDA:48,(anonymous_15)
FNDA:48,(anonymous_16)
FNDA:1,(anonymous_17)
FNDA:9,(anonymous_18)
FNDA:2,(anonymous_19)
DA:1,1
DA:2,1
DA:3,1
DA:4,1
DA:5,1
DA:7,1
DA:19,1
DA:22,1
DA:23,16
DA:24,16
DA:25,16
DA:26,16
DA:28,16
DA:29,8
DA:30,8
DA:33,16
DA:34,8
DA:35,8
DA:36,7
DA:38,0
DA:42,16
DA:43,8
DA:44,8
DA:45,7
DA:47,0
DA:49,7
DA:53,16
DA:54,9
DA:56,0
DA:58,1
DA:60,2
DA:62,3
DA:64,3
DA:68,16
DA:69,9
DA:71,3
DA:73,2
DA:75,2
DA:77,0
DA:79,2
DA:81,0
DA:85,16
DA:86,10
DA:89,16
DA:90,16
DA:92,16
DA:93,8
DA:97,48
DA:111,8
DA:175,48
DA:179,1
DA:225,9
DA:269,2
LF:53
LH:48
BRDA:54,0,0,0
BRDA:54,0,1,1
BRDA:54,0,2,2
BRDA:54,0,3,3
BRDA:54,0,4,3
BRDA:69,1,0,3
BRDA:69,1,1,2
BRDA:69,1,2,2
BRDA:69,1,3,0
BRDA:69,1,4,2
BRDA:69,1,5,0
BRDA:86,2,0,10
BRDA:86,2,1,2
BRDA:90,3,0,10
BRDA:90,3,1,4
BRDA:92,4,0,8
BRDA:92,4,1,8
BRDA:125,5,0,8
BRDA:125,5,1,8
BRDA:177,6,0,8
BRDA:177,6,1,40
BRDA:232,7,0,5
BRDA:232,7,1,4
BRDA:259,8,0,9
BRDA:259,8,1,5
BRDA:271,9,0,0
BRDA:271,9,1,2
BRDA:288,10,0,8
BRDA:288,10,1,2
BRDA:293,11,0,2
BRDA:293,11,1,0
BRF:31
BRH:26
end_of_record
TN:
SF:src\components\ui\accordion.tsx
FN:12,(anonymous_6)
FN:24,(anonymous_7)
FN:44,(anonymous_8)
FNF:3
FNH:0
FNDA:0,(anonymous_6)
FNDA:0,(anonymous_7)
FNDA:0,(anonymous_8)
DA:1,0
DA:2,0
DA:3,0
DA:5,0
DA:7,0
DA:9,0
DA:13,0
DA:19,0
DA:21,0
DA:25,0
DA:39,0
DA:41,0
DA:45,0
DA:54,0
DA:56,0
LF:15
LH:0
BRF:0
BRH:0
end_of_record
TN:
SF:src\components\ui\alert-dialog.tsx
FN:16,(anonymous_6)
FN:31,(anonymous_7)
FN:46,(anonymous_8)
FN:60,(anonymous_9)
FN:77,(anonymous_10)
FN:89,(anonymous_11)
FN:102,(anonymous_12)
FN:114,(anonymous_13)
FNF:8
FNH:0
FNDA:0,(anonymous_6)
FNDA:0,(anonymous_7)
FNDA:0,(anonymous_8)
FNDA:0,(anonymous_9)
FNDA:0,(anonymous_10)
FNDA:0,(anonymous_11)
FNDA:0,(anonymous_12)
FNDA:0,(anonymous_13)
DA:1,0
DA:2,0
DA:4,0
DA:5,0
DA:7,0
DA:9,0
DA:11,0
DA:13,0
DA:17,0
DA:26,0
DA:28,0
DA:32,0
DA:44,0
DA:46,0
DA:50,0
DA:58,0
DA:60,0
DA:64,0
DA:72,0
DA:74,0
DA:78,0
DA:84,0
DA:86,0
DA:90,0
DA:96,0
DA:99,0
DA:103,0
DA:109,0
DA:111,0
DA:115,0
DA:125,0
DA:128,0
DA:129,0
DA:130,0
DA:131,0
DA:132,0
DA:133,0
DA:134,0
DA:135,0
DA:136,0
DA:137,0
DA:138,0
LF:42
LH:0
BRF:0
BRH:0
end_of_record
TN:
SF:src\components\ui\alert.tsx
FN:25,(anonymous_6)
FN:38,(anonymous_7)
FN:50,(anonymous_8)
FNF:3
FNH:0
FNDA:0,(anonymous_6)
FNDA:0,(anonymous_7)
FNDA:0,(anonymous_8)
DA:1,0
DA:2,0
DA:4,0
DA:6,0
DA:22,0
DA:26,0
DA:33,0
DA:35,0
DA:39,0
DA:45,0
DA:47,0
DA:51,0
DA:57,0
DA:59,0
LF:14
LH:0
BRF:0
BRH:0
end_of_record
TN:
SF:src\components\ui\aspect-ratio.tsx
FNF:0
FNH:0
DA:1,0
DA:3,0
DA:5,0
LF:3
LH:0
BRF:0
BRH:0
end_of_record
TN:
SF:src\components\ui\avatar.tsx
FN:9,(anonymous_6)
FN:24,(anonymous_7)
FN:36,(anonymous_8)
FNF:3
FNH:3
FNDA:1,(anonymous_6)
FNDA:1,(anonymous_7)
FNDA:1,(anonymous_8)
DA:1,1
DA:2,1
DA:4,1
DA:6,1
DA:10,1
DA:19,1
DA:21,1
DA:25,1
DA:31,1
DA:33,1
DA:37,1
DA:46,1
DA:48,1
LF:13
LH:13
BRF:0
BRH:0
end_of_record
TN:
SF:src\components\ui\badge.tsx
FN:30,Badge
FNF:1
FNH:1
FNDA:145,Badge
DA:1,6
DA:2,6
DA:4,6
DA:6,6
DA:31,145
DA:36,6
LF:6
LH:6
BRF:0
BRH:0
end_of_record
TN:
SF:src\components\ui\breadcrumb.tsx
FN:12,(anonymous_6)
FN:18,(anonymous_7)
FN:33,(anonymous_8)
FN:47,(anonymous_9)
FN:63,(anonymous_10)
FN:75,(anonymous_11)
FN:91,(anonymous_12)
FNF:7
FNH:0
FNDA:0,(anonymous_6)
FNDA:0,(anonymous_7)
FNDA:0,(anonymous_8)
FNDA:0,(anonymous_9)
FNDA:0,(anonymous_10)
FNDA:0,(anonymous_11)
FNDA:0,(anonymous_12)
DA:1,0
DA:2,0
DA:3,0
DA:5,0
DA:7,0
DA:12,0
DA:13,0
DA:15,0
DA:19,0
DA:28,0
DA:30,0
DA:34,0
DA:40,0
DA:42,0
DA:48,0
DA:50,0
DA:58,0
DA:60,0
DA:64,0
DA:73,0
DA:75,0
DA:80,0
DA:89,0
DA:91,0
DA:95,0
DA:105,0
DA:108,0
DA:109,0
DA:110,0
DA:111,0
DA:112,0
DA:113,0
DA:114,0
LF:33
LH:0
BRDA:48,0,0,0
BRDA:48,0,1,0
BRDA:86,1,0,0
BRDA:86,1,1,0
BRF:4
BRH:0
end_of_record
TN:
SF:src\components\ui\button.tsx
FN:43,(anonymous_6)
FNF:1
FNH:1
FNDA:154,(anonymous_6)
DA:1,3
DA:2,3
DA:3,3
DA:5,3
DA:7,3
DA:42,3
DA:44,154
DA:45,154
DA:54,3
DA:56,3
LF:10
LH:10
BRDA:43,0,0,154
BRDA:44,1,0,0
BRDA:44,1,1,154
BRF:3
BRH:2
end_of_record
TN:
SF:src\components\ui\calendar.tsx
FN:10,Calendar
FN:55,(anonymous_7)
FN:56,(anonymous_8)
FNF:3
FNH:0
FNDA:0,Calendar
FNDA:0,(anonymous_7)
FNDA:0,(anonymous_8)
DA:1,0
DA:2,0
DA:3,0
DA:5,0
DA:6,0
DA:16,0
DA:55,0
DA:56,0
DA:62,0
DA:64,0
LF:10
LH:0
BRDA:13,0,0,0
BRF:1
BRH:0
end_of_record
TN:
SF:src\components\ui\card.tsx
FN:8,(anonymous_6)
FN:23,(anonymous_7)
FN:35,(anonymous_8)
FN:50,(anonymous_9)
FN:62,(anonymous_10)
FN:70,(anonymous_11)
FNF:6
FNH:4
FNDA:397,(anonymous_6)
FNDA:84,(anonymous_7)
FNDA:84,(anonymous_8)
FNDA:0,(anonymous_9)
FNDA:397,(anonymous_10)
FNDA:0,(anonymous_11)
DA:1,6
DA:3,6
DA:5,6
DA:9,397
DA:18,6
DA:20,6
DA:24,84
DA:30,6
DA:32,6
DA:36,84
DA:45,6
DA:47,6
DA:51,0
DA:57,6
DA:59,6
DA:63,397
DA:65,6
DA:67,6
DA:71,0
DA:77,6
DA:79,6
LF:21
LH:19
BRF:0
BRH:0
end_of_record
TN:
SF:src\components\ui\carousel.tsx
FN:33,useCarousel
FN:47,(anonymous_8)
FN:69,(anonymous_9)
FN:78,(anonymous_10)
FN:82,(anonymous_11)
FN:87,(anonymous_12)
FN:99,(anonymous_13)
FN:107,(anonymous_14)
FN:116,(anonymous_15)
FN:154,(anonymous_16)
FN:176,(anonymous_17)
FN:198,(anonymous_18)
FN:227,(anonymous_19)
FNF:13
FNH:0
FNDA:0,useCarousel
FNDA:0,(anonymous_8)
FNDA:0,(anonymous_9)
FNDA:0,(anonymous_10)
FNDA:0,(anonymous_11)
FNDA:0,(anonymous_12)
FNDA:0,(anonymous_13)
FNDA:0,(anonymous_14)
FNDA:0,(anonymous_15)
FNDA:0,(anonymous_16)
FNDA:0,(anonymous_17)
FNDA:0,(anonymous_18)
FNDA:0,(anonymous_19)
DA:1,0
DA:2,0
DA:5,0
DA:7,0
DA:8,0
DA:31,0
DA:34,0
DA:36,0
DA:37,0
DA:40,0
DA:43,0
DA:59,0
DA:66,0
DA:67,0
DA:69,0
DA:70,0
DA:71,0
DA:74,0
DA:75,0
DA:78,0
DA:79,0
DA:82,0
DA:83,0
DA:86,0
DA:88,0
DA:89,0
DA:90,0
DA:91,0
DA:92,0
DA:93,0
DA:99,0
DA:100,0
DA:101,0
DA:104,0
DA:107,0
DA:108,0
DA:109,0
DA:112,0
DA:113,0
DA:114,0
DA:116,0
DA:117,0
DA:121,0
DA:149,0
DA:151,0
DA:155,0
DA:157,0
DA:171,0
DA:173,0
DA:177,0
DA:179,0
DA:193,0
DA:195,0
DA:199,0
DA:201,0
DA:222,0
DA:224,0
DA:228,0
DA:230,0
DA:251,0
DA:255,0
DA:256,0
DA:257,0
DA:258,0
DA:259,0
LF:65
LH:0
BRDA:36,0,0,0
BRDA:36,0,1,0
BRDA:49,1,0,0
BRDA:62,2,0,0
BRDA:62,2,1,0
BRDA:70,3,0,0
BRDA:70,3,1,0
BRDA:88,4,0,0
BRDA:88,4,1,0
BRDA:91,5,0,0
BRDA:91,5,1,0
BRDA:100,6,0,0
BRDA:100,6,1,0
BRDA:100,7,0,0
BRDA:100,7,1,0
BRDA:108,8,0,0
BRDA:108,8,1,0
BRDA:128,9,0,0
BRDA:128,9,1,0
BRDA:128,10,0,0
BRDA:128,10,1,0
BRDA:163,11,0,0
BRDA:163,11,1,0
BRDA:186,12,0,0
BRDA:186,12,1,0
BRDA:198,13,0,0
BRDA:198,14,0,0
BRDA:208,15,0,0
BRDA:208,15,1,0
BRDA:227,16,0,0
BRDA:227,17,0,0
BRDA:237,18,0,0
BRDA:237,18,1,0
BRF:33
BRH:0
end_of_record
TN:
SF:src\components\ui\chart.tsx
FN:25,useChart
FN:43,(anonymous_7)
FN:68,(anonymous_8)
FN:70,(anonymous_9)
FN:82,(anonymous_10)
FN:85,(anonymous_11)
FN:114,(anonymous_12)
FN:134,(anonymous_13)
FN:186,(anonymous_14)
FN:267,(anonymous_15)
FN:286,(anonymous_16)
FN:318,getPayloadConfigFromPayload
FNF:12
FNH:0
FNDA:0,useChart
FNDA:0,(anonymous_7)
FNDA:0,(anonymous_8)
FNDA:0,(anonymous_9)
FNDA:0,(anonymous_10)
FNDA:0,(anonymous_11)
FNDA:0,(anonymous_12)
FNDA:0,(anonymous_13)
FNDA:0,(anonymous_14)
FNDA:0,(anonymous_15)
FNDA:0,(anonymous_16)
FNDA:0,getPayloadConfigFromPayload
DA:1,0
DA:2,0
DA:4,0
DA:7,0
DA:23,0
DA:26,0
DA:28,0
DA:29,0
DA:32,0
DA:35,0
DA:44,0
DA:45,0
DA:47,0
DA:66,0
DA:68,0
DA:69,0
DA:70,0
DA:73,0
DA:74,0
DA:77,0
DA:82,0
DA:87,0
DA:89,0
DA:101,0
DA:103,0
DA:132,0
DA:134,0
DA:135,0
DA:136,0
DA:139,0
DA:140,0
DA:141,0
DA:143,0
DA:147,0
DA:148,0
DA:155,0
DA:156,0
DA:159,0
DA:170,0
DA:171,0
DA:174,0
DA:176,0
DA:187,0
DA:188,0
DA:189,0
DA:191,0
DA:255,0
DA:257,0
DA:259,0
DA:271,0
DA:273,0
DA:274,0
DA:277,0
DA:287,0
DA:288,0
DA:290,0
DA:315,0
DA:323,0
DA:324,0
DA:328,0
DA:334,0
DA:336,0
DA:340,0
DA:341,0
DA:346,0
DA:351,0
DA:357,0
DA:358,0
DA:359,0
DA:360,0
DA:361,0
DA:362,0
LF:72
LH:0
BRDA:28,0,0,0
BRDA:28,0,1,0
BRDA:45,1,0,0
BRDA:45,1,1,0
BRDA:70,2,0,0
BRDA:70,2,1,0
BRDA:73,3,0,0
BRDA:73,3,1,0
BRDA:87,4,0,0
BRDA:87,4,1,0
BRDA:89,5,0,0
BRDA:89,5,1,0
BRDA:119,6,0,0
BRDA:120,7,0,0
BRDA:121,8,0,0
BRDA:135,9,0,0
BRDA:135,9,1,0
BRDA:135,10,0,0
BRDA:135,10,1,0
BRDA:140,11,0,0
BRDA:140,11,1,0
BRDA:140,11,2,0
BRDA:140,11,3,0
BRDA:143,12,0,0
BRDA:143,12,1,0
BRDA:143,13,0,0
BRDA:143,13,1,0
BRDA:144,14,0,0
BRDA:144,14,1,0
BRDA:147,15,0,0
BRDA:147,15,1,0
BRDA:155,16,0,0
BRDA:155,16,1,0
BRDA:170,17,0,0
BRDA:170,17,1,0
BRDA:170,18,0,0
BRDA:170,18,1,0
BRDA:174,19,0,0
BRDA:174,19,1,0
BRDA:184,20,0,0
BRDA:184,20,1,0
BRDA:187,21,0,0
BRDA:187,21,1,0
BRDA:187,21,2,0
BRDA:187,21,3,0
BRDA:189,22,0,0
BRDA:189,22,1,0
BRDA:189,22,2,0
BRDA:196,23,0,0
BRDA:196,23,1,0
BRDA:199,24,0,0
BRDA:199,24,1,0
BRDA:199,25,0,0
BRDA:199,25,1,0
BRDA:199,25,2,0
BRDA:203,26,0,0
BRDA:203,26,1,0
BRDA:206,27,0,0
BRDA:206,27,1,0
BRDA:215,28,0,0
BRDA:215,28,1,0
BRDA:230,29,0,0
BRDA:230,29,1,0
BRDA:234,30,0,0
BRDA:234,30,1,0
BRDA:236,31,0,0
BRDA:236,31,1,0
BRDA:239,32,0,0
BRDA:239,32,1,0
BRDA:268,33,0,0
BRDA:268,34,0,0
BRDA:273,35,0,0
BRDA:273,35,1,0
BRDA:282,36,0,0
BRDA:282,36,1,0
BRDA:287,37,0,0
BRDA:287,37,1,0
BRDA:287,37,2,0
BRDA:297,38,0,0
BRDA:297,38,1,0
BRDA:297,39,0,0
BRDA:297,39,1,0
BRDA:323,40,0,0
BRDA:323,40,1,0
BRDA:323,41,0,0
BRDA:323,41,1,0
BRDA:328,42,0,0
BRDA:328,42,1,0
BRDA:328,43,0,0
BRDA:328,43,1,0
BRDA:328,43,2,0
BRDA:336,44,0,0
BRDA:336,44,1,0
BRDA:337,45,0,0
BRDA:337,45,1,0
BRDA:341,46,0,0
BRDA:341,46,1,0
BRDA:342,47,0,0
BRDA:342,47,1,0
BRDA:342,47,2,0
BRDA:351,48,0,0
BRDA:351,48,1,0
BRF:102
BRH:0
end_of_record
TN:
SF:src\components\ui\checkbox.tsx
FN:10,(anonymous_6)
FNF:1
FNH:0
FNDA:0,(anonymous_6)
DA:1,0
DA:2,0
DA:3,0
DA:5,0
DA:7,0
DA:11,0
DA:26,0
DA:28,0
LF:8
LH:0
BRF:0
BRH:0
end_of_record
TN:
SF:src\components\ui\collapsible.tsx
FNF:0
FNH:0
DA:1,0
DA:3,0
DA:5,0
DA:7,0
DA:9,0
LF:5
LH:0
BRF:0
BRH:0
end_of_record
TN:
SF:src\components\ui\command.tsx
FN:12,(anonymous_6)
FN:26,(anonymous_7)
FN:41,(anonymous_8)
FN:60,(anonymous_9)
FN:73,(anonymous_10)
FN:86,(anonymous_11)
FN:102,(anonymous_12)
FN:114,(anonymous_13)
FN:127,(anonymous_14)
FNF:9
FNH:0
FNDA:0,(anonymous_6)
FNDA:0,(anonymous_7)
FNDA:0,(anonymous_8)
FNDA:0,(anonymous_9)
FNDA:0,(anonymous_10)
FNDA:0,(anonymous_11)
FNDA:0,(anonymous_12)
FNDA:0,(anonymous_13)
FNDA:0,(anonymous_14)
DA:1,0
DA:3,0
DA:4,0
DA:6,0
DA:7,0
DA:9,0
DA:13,0
DA:22,0
DA:26,0
DA:27,0
DA:38,0
DA:42,0
DA:55,0
DA:57,0
DA:61,0
DA:68,0
DA:70,0
DA:74,0
DA:81,0
DA:83,0
DA:87,0
DA:97,0
DA:99,0
DA:103,0
DA:109,0
DA:111,0
DA:115,0
DA:125,0
DA:127,0
DA:131,0
DA:141,0
DA:144,0
DA:145,0
DA:146,0
DA:147,0
DA:148,0
DA:149,0
DA:150,0
DA:151,0
DA:152,0
LF:40
LH:0
BRF:0
BRH:0
end_of_record
TN:
SF:src\components\ui\context-menu.tsx
FN:24,(anonymous_6)
FN:43,(anonymous_7)
FN:58,(anonymous_8)
FN:77,(anonymous_9)
FN:93,(anonymous_10)
FN:117,(anonymous_11)
FN:141,(anonymous_12)
FN:157,(anonymous_13)
FN:166,(anonymous_14)
FNF:9
FNH:0
FNDA:0,(anonymous_6)
FNDA:0,(anonymous_7)
FNDA:0,(anonymous_8)
FNDA:0,(anonymous_9)
FNDA:0,(anonymous_10)
FNDA:0,(anonymous_11)
FNDA:0,(anonymous_12)
FNDA:0,(anonymous_13)
FNDA:0,(anonymous_14)
DA:1,0
DA:2,0
DA:3,0
DA:5,0
DA:7,0
DA:9,0
DA:11,0
DA:13,0
DA:15,0
DA:17,0
DA:19,0
DA:25,0
DA:38,0
DA:40,0
DA:44,0
DA:53,0
DA:55,0
DA:59,0
DA:70,0
DA:72,0
DA:78,0
DA:88,0
DA:90,0
DA:94,0
DA:111,0
DA:114,0
DA:118,0
DA:134,0
DA:136,0
DA:142,0
DA:152,0
DA:154,0
DA:158,0
DA:164,0
DA:166,0
DA:170,0
DA:180,0
DA:183,0
DA:184,0
DA:185,0
DA:186,0
DA:187,0
DA:188,0
DA:189,0
DA:190,0
DA:191,0
DA:192,0
DA:193,0
DA:194,0
DA:195,0
DA:196,0
DA:197,0
LF:52
LH:0
BRDA:29,0,0,0
BRDA:29,0,1,0
BRDA:82,1,0,0
BRDA:82,1,1,0
BRDA:146,2,0,0
BRDA:146,2,1,0
BRF:6
BRH:0
end_of_record
TN:
SF:src\components\ui\dialog.tsx
FN:18,(anonymous_6)
FN:33,(anonymous_7)
FN:54,(anonymous_8)
FN:68,(anonymous_9)
FN:85,(anonymous_10)
FN:100,(anonymous_11)
FNF:6
FNH:0
FNDA:0,(anonymous_6)
FNDA:0,(anonymous_7)
FNDA:0,(anonymous_8)
FNDA:0,(anonymous_9)
FNDA:0,(anonymous_10)
FNDA:0,(anonymous_11)
DA:1,0
DA:2,0
DA:3,0
DA:5,0
DA:7,0
DA:9,0
DA:11,0
DA:13,0
DA:15,0
DA:19,0
DA:28,0
DA:30,0
DA:34,0
DA:52,0
DA:54,0
DA:58,0
DA:66,0
DA:68,0
DA:72,0
DA:80,0
DA:82,0
DA:86,0
DA:95,0
DA:97,0
DA:101,0
DA:107,0
DA:110,0
DA:111,0
DA:112,0
DA:113,0
DA:114,0
DA:115,0
DA:116,0
DA:117,0
DA:118,0
DA:119,0
LF:36
LH:0
BRF:0
BRH:0
end_of_record
TN:
SF:src\components\ui\drawer.tsx
FN:6,(anonymous_6)
FN:26,(anonymous_7)
FN:38,(anonymous_8)
FN:56,(anonymous_9)
FN:67,(anonymous_10)
FN:81,(anonymous_11)
FN:96,(anonymous_12)
FNF:7
FNH:0
FNDA:0,(anonymous_6)
FNDA:0,(anonymous_7)
FNDA:0,(anonymous_8)
FNDA:0,(anonymous_9)
FNDA:0,(anonymous_10)
FNDA:0,(anonymous_11)
FNDA:0,(anonymous_12)
DA:1,0
DA:2,0
DA:4,0
DA:6,0
DA:10,0
DA:15,0
DA:17,0
DA:19,0
DA:21,0
DA:23,0
DA:27,0
DA:33,0
DA:35,0
DA:39,0
DA:54,0
DA:56,0
DA:60,0
DA:65,0
DA:67,0
DA:71,0
DA:76,0
DA:78,0
DA:82,0
DA:91,0
DA:93,0
DA:97,0
DA:103,0
DA:106,0
DA:107,0
DA:108,0
DA:109,0
DA:110,0
DA:111,0
DA:112,0
DA:113,0
DA:114,0
DA:115,0
LF:37
LH:0
BRDA:7,0,0,0
BRF:1
BRH:0
end_of_record
TN:
SF:src\components\ui\dropdown-menu.tsx
FN:24,(anonymous_6)
FN:44,(anonymous_7)
FN:60,(anonymous_8)
FN:80,(anonymous_9)
FN:96,(anonymous_10)
FN:120,(anonymous_11)
FN:144,(anonymous_12)
FN:160,(anonymous_13)
FN:169,(anonymous_14)
FNF:9
FNH:0
FNDA:0,(anonymous_6)
FNDA:0,(anonymous_7)
FNDA:0,(anonymous_8)
FNDA:0,(anonymous_9)
FNDA:0,(anonymous_10)
FNDA:0,(anonymous_11)
FNDA:0,(anonymous_12)
FNDA:0,(anonymous_13)
FNDA:0,(anonymous_14)
DA:1,0
DA:2,0
DA:3,0
DA:5,0
DA:7,0
DA:9,0
DA:11,0
DA:13,0
DA:15,0
DA:17,0
DA:19,0
DA:25,0
DA:38,0
DA:41,0
DA:45,0
DA:54,0
DA:57,0
DA:61,0
DA:73,0
DA:75,0
DA:81,0
DA:91,0
DA:93,0
DA:97,0
DA:114,0
DA:117,0
DA:121,0
DA:137,0
DA:139,0
DA:145,0
DA:155,0
DA:157,0
DA:161,0
DA:167,0
DA:169,0
DA:173,0
DA:180,0
DA:183,0
DA:184,0
DA:185,0
DA:186,0
DA:187,0
DA:188,0
DA:189,0
DA:190,0
DA:191,0
DA:192,0
DA:193,0
DA:194,0
DA:195,0
DA:196,0
DA:197,0
LF:52
LH:0
BRDA:29,0,0,0
BRDA:29,0,1,0
BRDA:60,1,0,0
BRDA:85,2,0,0
BRDA:85,2,1,0
BRDA:149,3,0,0
BRDA:149,3,1,0
BRF:7
BRH:0
end_of_record
TN:
SF:src\components\ui\form.tsx
FN:29,(anonymous_6)
FN:42,(anonymous_7)
FN:76,(anonymous_8)
FN:90,(anonymous_9)
FN:107,(anonymous_10)
FN:129,(anonymous_11)
FN:146,(anonymous_12)
FNF:7
FNH:0
FNDA:0,(anonymous_6)
FNDA:0,(anonymous_7)
FNDA:0,(anonymous_8)
FNDA:0,(anonymous_9)
FNDA:0,(anonymous_10)
FNDA:0,(anonymous_11)
FNDA:0,(anonymous_12)
DA:1,0
DA:3,0
DA:4,0
DA:13,0
DA:14,0
DA:16,0
DA:25,0
DA:29,0
DA:35,0
DA:42,0
DA:43,0
DA:44,0
DA:45,0
DA:47,0
DA:49,0
DA:50,0
DA:53,0
DA:55,0
DA:69,0
DA:73,0
DA:77,0
DA:79,0
DA:85,0
DA:87,0
DA:91,0
DA:93,0
DA:102,0
DA:104,0
DA:108,0
DA:110,0
DA:124,0
DA:126,0
DA:130,0
DA:132,0
DA:141,0
DA:143,0
DA:147,0
DA:148,0
DA:150,0
DA:151,0
DA:154,0
DA:165,0
DA:168,0
DA:169,0
DA:170,0
DA:171,0
DA:172,0
DA:173,0
DA:174,0
DA:175,0
LF:50
LH:0
BRDA:49,0,0,0
BRDA:49,0,1,0
BRDA:96,1,0,0
BRDA:96,1,1,0
BRDA:115,2,0,0
BRDA:115,2,1,0
BRDA:148,3,0,0
BRDA:148,3,1,0
BRDA:150,4,0,0
BRDA:150,4,1,0
BRF:10
BRH:0
end_of_record
TN:
SF:src\components\ui\hover-card.tsx
FN:13,(anonymous_6)
FNF:1
FNH:0
FNDA:0,(anonymous_6)
DA:1,0
DA:2,0
DA:4,0
DA:6,0
DA:8,0
DA:10,0
DA:14,0
DA:25,0
DA:27,0
LF:9
LH:0
BRDA:13,0,0,0
BRDA:13,1,0,0
BRF:2
BRH:0
end_of_record
TN:
SF:src\components\ui\input-otp.tsx
FN:10,(anonymous_6)
FN:26,(anonymous_7)
FN:34,(anonymous_8)
FN:62,(anonymous_9)
FNF:4
FNH:0
FNDA:0,(anonymous_6)
FNDA:0,(anonymous_7)
FNDA:0,(anonymous_8)
FNDA:0,(anonymous_9)
DA:1,0
DA:2,0
DA:3,0
DA:5,0
DA:7,0
DA:11,0
DA:21,0
DA:23,0
DA:27,0
DA:29,0
DA:31,0
DA:35,0
DA:36,0
DA:38,0
DA:57,0
DA:59,0
DA:63,0
DA:67,0
DA:69,0
LF:19
LH:0
BRDA:43,0,0,0
BRDA:43,0,1,0
BRDA:49,1,0,0
BRDA:49,1,1,0
BRF:4
BRH:0
end_of_record
TN:
SF:src\components\ui\input.tsx
FN:6,(anonymous_6)
FNF:1
FNH:1
FNDA:11,(anonymous_6)
DA:1,1
DA:3,1
DA:5,1
DA:7,11
DA:20,1
DA:22,1
LF:6
LH:6
BRF:0
BRH:0
end_of_record
TN:
SF:src\components\ui\label.tsx
FN:15,(anonymous_6)
FNF:1
FNH:1
FNDA:56,(anonymous_6)
DA:1,1
DA:2,1
DA:3,1
DA:5,1
DA:7,1
DA:11,1
DA:16,56
DA:22,1
DA:24,1
LF:9
LH:9
BRF:0
BRH:0
end_of_record
TN:
SF:src\components\ui\menubar.tsx
FN:20,(anonymous_6)
FN:35,(anonymous_7)
FN:52,(anonymous_8)
FN:71,(anonymous_9)
FN:87,(anonymous_10)
FN:113,(anonymous_11)
FN:129,(anonymous_12)
FN:152,(anonymous_13)
FN:176,(anonymous_14)
FN:192,(anonymous_15)
FN:201,(anonymous_16)
FNF:11
FNH:0
FNDA:0,(anonymous_6)
FNDA:0,(anonymous_7)
FNDA:0,(anonymous_8)
FNDA:0,(anonymous_9)
FNDA:0,(anonymous_10)
FNDA:0,(anonymous_11)
FNDA:0,(anonymous_12)
FNDA:0,(anonymous_13)
FNDA:0,(anonymous_14)
FNDA:0,(anonymous_15)
FNDA:0,(anonymous_16)
DA:1,0
DA:2,0
DA:3,0
DA:5,0
DA:7,0
DA:9,0
DA:11,0
DA:13,0
DA:15,0
DA:17,0
DA:21,0
DA:30,0
DA:32,0
DA:36,0
DA:45,0
DA:47,0
DA:53,0
DA:66,0
DA:68,0
DA:72,0
DA:81,0
DA:83,0
DA:91,0
DA:106,0
DA:108,0
DA:114,0
DA:124,0
DA:126,0
DA:130,0
DA:147,0
DA:149,0
DA:153,0
DA:169,0
DA:171,0
DA:177,0
DA:187,0
DA:189,0
DA:193,0
DA:199,0
DA:201,0
DA:205,0
DA:215,0
DA:218,0
DA:219,0
DA:220,0
DA:221,0
DA:222,0
DA:223,0
DA:224,0
DA:225,0
DA:226,0
DA:227,0
DA:228,0
DA:229,0
DA:230,0
DA:231,0
DA:232,0
DA:233,0
LF:58
LH:0
BRDA:57,0,0,0
BRDA:57,0,1,0
BRDA:88,1,0,0
BRDA:88,2,0,0
BRDA:88,3,0,0
BRDA:118,4,0,0
BRDA:118,4,1,0
BRDA:181,5,0,0
BRDA:181,5,1,0
BRF:9
BRH:0
end_of_record
TN:
SF:src\components\ui\navigation-menu.tsx
FN:11,(anonymous_6)
FN:29,(anonymous_7)
FN:50,(anonymous_8)
FN:68,(anonymous_9)
FN:85,(anonymous_10)
FN:103,(anonymous_11)
FNF:6
FNH:0
FNDA:0,(anonymous_6)
FNDA:0,(anonymous_7)
FNDA:0,(anonymous_8)
FNDA:0,(anonymous_9)
FNDA:0,(anonymous_10)
FNDA:0,(anonymous_11)
DA:1,0
DA:2,0
DA:3,0
DA:4,0
DA:6,0
DA:8,0
DA:12,0
DA:24,0
DA:26,0
DA:30,0
DA:39,0
DA:41,0
DA:43,0
DA:47,0
DA:51,0
DA:63,0
DA:65,0
DA:69,0
DA:78,0
DA:80,0
DA:82,0
DA:86,0
DA:97,0
DA:100,0
DA:104,0
DA:115,0
DA:119,0
DA:120,0
DA:121,0
DA:122,0
DA:123,0
DA:124,0
DA:125,0
DA:126,0
DA:127,0
LF:35
LH:0
BRF:0
BRH:0
end_of_record
TN:
SF:src\components\ui\pagination.tsx
FN:7,(anonymous_6)
FN:20,(anonymous_7)
FN:32,(anonymous_8)
FN:42,(anonymous_9)
FN:62,(anonymous_10)
FN:78,(anonymous_11)
FN:94,(anonymous_12)
FNF:7
FNH:0
FNDA:0,(anonymous_6)
FNDA:0,(anonymous_7)
FNDA:0,(anonymous_8)
FNDA:0,(anonymous_9)
FNDA:0,(anonymous_10)
FNDA:0,(anonymous_11)
FNDA:0,(anonymous_12)
DA:1,0
DA:2,0
DA:4,0
DA:5,0
DA:7,0
DA:8,0
DA:15,0
DA:17,0
DA:21,0
DA:27,0
DA:29,0
DA:33,0
DA:35,0
DA:42,0
DA:48,0
DA:60,0
DA:62,0
DA:66,0
DA:76,0
DA:78,0
DA:82,0
DA:92,0
DA:94,0
DA:98,0
DA:107,0
DA:110,0
DA:111,0
DA:112,0
DA:113,0
DA:114,0
DA:115,0
DA:116,0
LF:32
LH:0
BRDA:45,0,0,0
BRDA:49,1,0,0
BRDA:49,1,1,0
BRDA:52,2,0,0
BRDA:52,2,1,0
BRF:5
BRH:0
end_of_record
TN:
SF:src\components\ui\popover.tsx
FN:13,(anonymous_6)
FNF:1
FNH:0
FNDA:0,(anonymous_6)
DA:1,0
DA:2,0
DA:4,0
DA:6,0
DA:8,0
DA:10,0
DA:14,0
DA:27,0
DA:29,0
LF:9
LH:0
BRDA:13,0,0,0
BRDA:13,1,0,0
BRF:2
BRH:0
end_of_record
TN:
SF:src\components\ui\progress.tsx
FN:9,(anonymous_6)
FNF:1
FNH:1
FNDA:47,(anonymous_6)
DA:1,5
DA:2,5
DA:4,5
DA:6,5
DA:10,47
DA:24,5
DA:26,5
LF:7
LH:7
BRDA:20,0,0,47
BRDA:20,0,1,1
BRF:2
BRH:2
end_of_record
TN:
SF:src\components\ui\radio-group.tsx
FN:10,(anonymous_6)
FN:24,(anonymous_7)
FNF:2
FNH:2
FNDA:15,(anonymous_6)
FNDA:56,(anonymous_7)
DA:1,1
DA:2,1
DA:3,1
DA:5,1
DA:7,1
DA:11,15
DA:19,1
DA:21,1
DA:25,56
DA:40,1
DA:42,1
LF:11
LH:11
BRF:0
BRH:0
end_of_record
TN:
SF:src\components\ui\resizable.tsx
FN:6,(anonymous_6)
FN:21,(anonymous_7)
FNF:2
FNH:0
FNDA:0,(anonymous_6)
FNDA:0,(anonymous_7)
DA:1,0
DA:2,0
DA:4,0
DA:6,0
DA:10,0
DA:19,0
DA:21,0
DA:28,0
DA:43,0
LF:9
LH:0
BRDA:35,0,0,0
BRDA:35,0,1,0
BRF:2
BRH:0
end_of_record
TN:
SF:src\components\ui\scroll-area.tsx
FN:9,(anonymous_6)
FN:27,(anonymous_7)
FNF:2
FNH:0
FNDA:0,(anonymous_6)
FNDA:0,(anonymous_7)
DA:1,0
DA:2,0
DA:4,0
DA:6,0
DA:10,0
DA:22,0
DA:24,0
DA:28,0
DA:44,0
DA:46,0
LF:10
LH:0
BRDA:27,0,0,0
BRDA:33,1,0,0
BRDA:33,1,1,0
BRDA:35,2,0,0
BRDA:35,2,1,0
BRF:5
BRH:0
end_of_record
TN:
SF:src\components\ui\select.tsx
FN:16,(anonymous_6)
FN:36,(anonymous_7)
FN:53,(anonymous_8)
FN:71,(anonymous_9)
FN:103,(anonymous_10)
FN:115,(anonymous_11)
FN:138,(anonymous_12)
FNF:7
FNH:5
FNDA:11,(anonymous_6)
FNDA:11,(anonymous_7)
FNDA:11,(anonymous_8)
FNDA:11,(anonymous_9)
FNDA:0,(anonymous_10)
FNDA:55,(anonymous_11)
FNDA:0,(anonymous_12)
DA:1,2
DA:2,2
DA:3,2
DA:5,2
DA:7,2
DA:9,2
DA:11,2
DA:13,2
DA:17,11
DA:31,2
DA:33,2
DA:37,11
DA:48,2
DA:50,2
DA:54,11
DA:65,2
DA:68,2
DA:72,11
DA:98,2
DA:100,2
DA:104,0
DA:110,2
DA:112,2
DA:116,55
DA:133,2
DA:135,2
DA:139,0
DA:145,2
DA:148,2
DA:149,2
DA:150,2
DA:151,2
DA:152,2
DA:153,2
DA:154,2
DA:155,2
DA:156,2
DA:157,2
LF:38
LH:36
BRDA:71,0,0,11
BRDA:77,1,0,11
BRDA:77,1,1,11
BRDA:88,2,0,11
BRDA:88,2,1,11
BRF:5
BRH:5
end_of_record
TN:
SF:src\components\ui\separator.tsx
FN:10,(anonymous_6)
FNF:1
FNH:0
FNDA:0,(anonymous_6)
DA:1,0
DA:2,0
DA:4,0
DA:6,0
DA:14,0
DA:27,0
DA:29,0
LF:7
LH:0
BRDA:11,0,0,0
BRDA:11,1,0,0
BRDA:20,2,0,0
BRDA:20,2,1,0
BRF:4
BRH:0
end_of_record
TN:
SF:src\components\ui\sheet.tsx
FN:19,(anonymous_6)
FN:57,(anonymous_7)
FN:75,(anonymous_8)
FN:89,(anonymous_9)
FN:106,(anonymous_10)
FN:118,(anonymous_11)
FNF:6
FNH:0
FNDA:0,(anonymous_6)
FNDA:0,(anonymous_7)
FNDA:0,(anonymous_8)
FNDA:0,(anonymous_9)
FNDA:0,(anonymous_10)
FNDA:0,(anonymous_11)
DA:1,0
DA:2,0
DA:3,0
DA:4,0
DA:6,0
DA:8,0
DA:10,0
DA:12,0
DA:14,0
DA:16,0
DA:20,0
DA:29,0
DA:31,0
DA:54,0
DA:58,0
DA:73,0
DA:75,0
DA:79,0
DA:87,0
DA:89,0
DA:93,0
DA:101,0
DA:103,0
DA:107,0
DA:113,0
DA:115,0
DA:119,0
DA:125,0
DA:128,0
DA:129,0
LF:30
LH:0
BRDA:57,0,0,0
BRF:1
BRH:0
end_of_record
TN:
SF:src\components\ui\sidebar.tsx
FN:39,useSidebar
FN:56,(anonymous_7)
FN:76,(anonymous_8)
FN:91,(anonymous_9)
FN:93,(anonymous_10)
FN:94,(anonymous_11)
FN:98,(anonymous_12)
FN:99,(anonymous_13)
FN:110,(anonymous_14)
FN:118,(anonymous_15)
FN:165,(anonymous_16)
FN:263,(anonymous_17)
FN:273,(anonymous_18)
FN:289,(anonymous_19)
FN:318,(anonymous_20)
FN:336,(anonymous_21)
FN:354,(anonymous_22)
FN:369,(anonymous_23)
FN:384,(anonymous_24)
FN:399,(anonymous_25)
FN:417,(anonymous_26)
FN:432,(anonymous_27)
FN:453,(anonymous_28)
FN:476,(anonymous_29)
FN:489,(anonymous_30)
FN:502,(anonymous_31)
FN:542,(anonymous_32)
FN:599,(anonymous_33)
FN:627,(anonymous_34)
FN:650,(anonymous_35)
FN:652,(anonymous_36)
FN:686,(anonymous_37)
FN:703,(anonymous_38)
FN:713,(anonymous_39)
FNF:34
FNH:0
FNDA:0,useSidebar
FNDA:0,(anonymous_7)
FNDA:0,(anonymous_8)
FNDA:0,(anonymous_9)
FNDA:0,(anonymous_10)
FNDA:0,(anonymous_11)
FNDA:0,(anonymous_12)
FNDA:0,(anonymous_13)
FNDA:0,(anonymous_14)
FNDA:0,(anonymous_15)
FNDA:0,(anonymous_16)
FNDA:0,(anonymous_17)
FNDA:0,(anonymous_18)
FNDA:0,(anonymous_19)
FNDA:0,(anonymous_20)
FNDA:0,(anonymous_21)
FNDA:0,(anonymous_22)
FNDA:0,(anonymous_23)
FNDA:0,(anonymous_24)
FNDA:0,(anonymous_25)
FNDA:0,(anonymous_26)
FNDA:0,(anonymous_27)
FNDA:0,(anonymous_28)
FNDA:0,(anonymous_29)
FNDA:0,(anonymous_30)
FNDA:0,(anonymous_31)
FNDA:0,(anonymous_32)
FNDA:0,(anonymous_33)
FNDA:0,(anonymous_34)
FNDA:0,(anonymous_35)
FNDA:0,(anonymous_36)
FNDA:0,(anonymous_37)
FNDA:0,(anonymous_38)
FNDA:0,(anonymous_39)
DA:1,0
DA:2,0
DA:3,0
DA:4,0
DA:6,0
DA:7,0
DA:8,0
DA:9,0
DA:10,0
DA:11,0
DA:12,0
DA:13,0
DA:20,0
DA:21,0
DA:22,0
DA:23,0
DA:24,0
DA:25,0
DA:37,0
DA:40,0
DA:41,0
DA:42,0
DA:45,0
DA:48,0
DA:68,0
DA:69,0
DA:73,0
DA:74,0
DA:75,0
DA:77,0
DA:78,0
DA:79,0
DA:81,0
DA:85,0
DA:91,0
DA:92,0
DA:93,0
DA:94,0
DA:98,0
DA:99,0
DA:100,0
DA:104,0
DA:105,0
DA:109,0
DA:110,0
DA:115,0
DA:117,0
DA:118,0
DA:130,0
DA:155,0
DA:157,0
DA:176,0
DA:178,0
DA:179,0
DA:193,0
DA:194,0
DA:213,0
DA:258,0
DA:260,0
DA:264,0
DA:266,0
DA:274,0
DA:275,0
DA:284,0
DA:286,0
DA:290,0
DA:292,0
DA:313,0
DA:315,0
DA:319,0
DA:331,0
DA:333,0
DA:337,0
DA:349,0
DA:351,0
DA:355,0
DA:364,0
DA:366,0
DA:370,0
DA:379,0
DA:381,0
DA:385,0
DA:394,0
DA:396,0
DA:400,0
DA:412,0
DA:414,0
DA:418,0
DA:427,0
DA:429,0
DA:433,0
DA:435,0
DA:448,0
DA:450,0
DA:454,0
DA:456,0
DA:471,0
DA:473,0
DA:477,0
DA:484,0
DA:486,0
DA:490,0
DA:497,0
DA:499,0
DA:503,0
DA:510,0
DA:512,0
DA:534,0
DA:554,0
DA:555,0
DA:558,0
DA:568,0
DA:569,0
DA:572,0
DA:573,0
DA:578,0
DA:591,0
DA:593,0
DA:600,0
DA:602,0
DA:622,0
DA:624,0
DA:628,0
DA:643,0
DA:645,0
DA:652,0
DA:653,0
DA:656,0
DA:681,0
DA:683,0
DA:687,0
DA:698,0
DA:700,0
DA:703,0
DA:704,0
DA:706,0
DA:714,0
DA:716,0
DA:734,0
DA:737,0
DA:738,0
DA:739,0
DA:740,0
DA:741,0
DA:742,0
DA:743,0
DA:744,0
DA:745,0
DA:746,0
DA:747,0
DA:748,0
DA:749,0
DA:750,0
DA:751,0
DA:752,0
DA:753,0
DA:754,0
DA:755,0
DA:756,0
DA:757,0
DA:758,0
DA:759,0
DA:760,0
LF:163
LH:0
BRDA:41,0,0,0
BRDA:41,0,1,0
BRDA:58,1,0,0
BRDA:74,2,0,0
BRDA:74,2,1,0
BRDA:77,3,0,0
BRDA:77,3,1,0
BRDA:78,4,0,0
BRDA:78,4,1,0
BRDA:92,5,0,0
BRDA:92,5,1,0
BRDA:100,6,0,0
BRDA:100,6,1,0
BRDA:101,7,0,0
BRDA:101,7,1,0
BRDA:101,7,2,0
BRDA:115,8,0,0
BRDA:115,8,1,0
BRDA:167,9,0,0
BRDA:168,10,0,0
BRDA:169,11,0,0
BRDA:178,12,0,0
BRDA:178,12,1,0
BRDA:193,13,0,0
BRDA:193,13,1,0
BRDA:218,14,0,0
BRDA:218,14,1,0
BRDA:228,15,0,0
BRDA:228,15,1,0
BRDA:228,16,0,0
BRDA:228,16,1,0
BRDA:236,17,0,0
BRDA:236,17,1,0
BRDA:240,18,0,0
BRDA:240,18,1,0
BRDA:240,19,0,0
BRDA:240,19,1,0
BRDA:432,20,0,0
BRDA:433,21,0,0
BRDA:433,21,1,0
BRDA:453,22,0,0
BRDA:454,23,0,0
BRDA:454,23,1,0
BRDA:544,24,0,0
BRDA:545,25,0,0
BRDA:546,26,0,0
BRDA:547,27,0,0
BRDA:554,28,0,0
BRDA:554,28,1,0
BRDA:568,29,0,0
BRDA:568,29,1,0
BRDA:572,30,0,0
BRDA:572,30,1,0
BRDA:584,31,0,0
BRDA:584,31,1,0
BRDA:599,32,0,0
BRDA:599,33,0,0
BRDA:600,34,0,0
BRDA:600,34,1,0
BRDA:614,35,0,0
BRDA:614,35,1,0
BRDA:650,36,0,0
BRDA:663,37,0,0
BRDA:663,37,1,0
BRDA:713,38,0,0
BRDA:713,39,0,0
BRDA:714,40,0,0
BRDA:714,40,1,0
BRDA:725,41,0,0
BRDA:725,41,1,0
BRDA:726,42,0,0
BRDA:726,42,1,0
BRF:72
BRH:0
end_of_record
TN:
SF:src\components\ui\skeleton.tsx
FN:3,Skeleton
FNF:1
FNH:0
FNDA:0,Skeleton
DA:1,0
DA:7,0
DA:15,0
LF:3
LH:0
BRF:0
BRH:0
end_of_record
TN:
SF:src\components\ui\slider.tsx
FN:9,(anonymous_6)
FNF:1
FNH:0
FNDA:0,(anonymous_6)
DA:1,0
DA:2,0
DA:4,0
DA:6,0
DA:10,0
DA:24,0
DA:26,0
LF:7
LH:0
BRF:0
BRH:0
end_of_record
TN:
SF:src\components\ui\sonner.tsx
FN:29,(anonymous_0)
FN:6,(anonymous_1)
FNF:2
FNH:0
FNDA:0,(anonymous_0)
FNDA:0,(anonymous_1)
DA:1,0
DA:2,0
DA:6,0
DA:7,0
DA:9,0
DA:29,0
LF:6
LH:0
BRDA:7,0,0,0
BRF:1
BRH:0
end_of_record
TN:
SF:src\components\ui\switch.tsx
FN:9,(anonymous_6)
FNF:1
FNH:0
FNDA:0,(anonymous_6)
DA:1,0
DA:2,0
DA:4,0
DA:6,0
DA:10,0
DA:25,0
DA:27,0
LF:7
LH:0
BRF:0
BRH:0
end_of_record
TN:
SF:src\components\ui\table.tsx
FN:8,(anonymous_6)
FN:22,(anonymous_7)
FN:30,(anonymous_8)
FN:42,(anonymous_9)
FN:57,(anonymous_10)
FN:72,(anonymous_11)
FN:87,(anonymous_12)
FN:99,(anonymous_13)
FNF:8
FNH:0
FNDA:0,(anonymous_6)
FNDA:0,(anonymous_7)
FNDA:0,(anonymous_8)
FNDA:0,(anonymous_9)
FNDA:0,(anonymous_10)
FNDA:0,(anonymous_11)
FNDA:0,(anonymous_12)
FNDA:0,(anonymous_13)
DA:1,0
DA:3,0
DA:5,0
DA:9,0
DA:17,0
DA:19,0
DA:23,0
DA:25,0
DA:27,0
DA:31,0
DA:37,0
DA:39,0
DA:43,0
DA:52,0
DA:54,0
DA:58,0
DA:67,0
DA:69,0
DA:73,0
DA:82,0
DA:84,0
DA:88,0
DA:94,0
DA:96,0
DA:100,0
DA:106,0
DA:109,0
DA:110,0
DA:111,0
DA:112,0
DA:113,0
DA:114,0
DA:115,0
DA:116,0
LF:34
LH:0
BRF:0
BRH:0
end_of_record
TN:
SF:src\components\ui\tabs.tsx
FN:11,(anonymous_6)
FN:26,(anonymous_7)
FN:41,(anonymous_8)
FNF:3
FNH:0
FNDA:0,(anonymous_6)
FNDA:0,(anonymous_7)
FNDA:0,(anonymous_8)
DA:1,0
DA:2,0
DA:4,0
DA:6,0
DA:8,0
DA:12,0
DA:21,0
DA:23,0
DA:27,0
DA:36,0
DA:38,0
DA:42,0
DA:51,0
DA:53,0
LF:14
LH:0
BRF:0
BRH:0
end_of_record
TN:
SF:src\components\ui\textarea.tsx
FN:9,(anonymous_6)
FNF:1
FNH:1
FNDA:2,(anonymous_6)
DA:1,2
DA:3,2
DA:8,2
DA:10,2
DA:22,2
DA:24,2
LF:6
LH:6
BRF:0
BRH:0
end_of_record
TN:
SF:src\components\ui\toast.tsx
FN:13,(anonymous_6)
FN:45,(anonymous_7)
FN:59,(anonymous_8)
FN:74,(anonymous_9)
FN:92,(anonymous_10)
FN:104,(anonymous_11)
FNF:6
FNH:0
FNDA:0,(anonymous_6)
FNDA:0,(anonymous_7)
FNDA:0,(anonymous_8)
FNDA:0,(anonymous_9)
FNDA:0,(anonymous_10)
FNDA:0,(anonymous_11)
DA:1,0
DA:2,0
DA:3,0
DA:4,0
DA:6,0
DA:8,0
DA:10,0
DA:14,0
DA:23,0
DA:25,0
DA:41,0
DA:46,0
DA:54,0
DA:56,0
DA:60,0
DA:69,0
DA:71,0
DA:75,0
DA:87,0
DA:89,0
DA:93,0
DA:99,0
DA:101,0
DA:105,0
DA:111,0
DA:120,0
DA:121,0
DA:122,0
DA:123,0
DA:124,0
DA:125,0
DA:126,0
LF:32
LH:0
BRF:0
BRH:0
end_of_record
TN:
SF:src\components\ui\toaster.tsx
FN:11,Toaster
FN:16,(anonymous_1)
FNF:2
FNH:0
FNDA:0,Toaster
FNDA:0,(anonymous_1)
DA:1,0
DA:2,0
DA:11,0
DA:12,0
DA:14,0
DA:17,0
LF:6
LH:0
BRDA:20,0,0,0
BRDA:20,0,1,0
BRDA:21,1,0,0
BRDA:21,1,1,0
BRF:4
BRH:0
end_of_record
TN:
SF:src\components\ui\toggle-group.tsx
FN:19,(anonymous_6)
FN:37,(anonymous_7)
FNF:2
FNH:0
FNDA:0,(anonymous_6)
FNDA:0,(anonymous_7)
DA:1,0
DA:2,0
DA:5,0
DA:6,0
DA:8,0
DA:15,0
DA:20,0
DA:31,0
DA:33,0
DA:38,0
DA:40,0
DA:57,0
DA:59,0
LF:13
LH:0
BRDA:45,0,0,0
BRDA:45,0,1,0
BRDA:46,1,0,0
BRDA:46,1,1,0
BRF:4
BRH:0
end_of_record
TN:
SF:src\components\ui\toggle.tsx
FN:33,(anonymous_6)
FNF:1
FNH:0
FNDA:0,(anonymous_6)
DA:1,0
DA:2,0
DA:3,0
DA:5,0
DA:7,0
DA:29,0
DA:34,0
DA:41,0
DA:43,0
LF:9
LH:0
BRF:0
BRH:0
end_of_record
TN:
SF:src\components\ui\tooltip.tsx
FN:15,(anonymous_6)
FNF:1
FNH:0
FNDA:0,(anonymous_6)
DA:1,0
DA:2,0
DA:4,0
DA:6,0
DA:8,0
DA:10,0
DA:12,0
DA:16,0
DA:26,0
DA:28,0
LF:10
LH:0
BRDA:15,0,0,0
BRF:1
BRH:0
end_of_record
TN:
SF:src\components\ui\use-toast.ts
FN:3,(anonymous_0)
FN:3,(anonymous_1)
FNF:2
FNH:0
FNDA:0,(anonymous_0)
FNDA:0,(anonymous_1)
DA:1,0
DA:3,0
LF:2
LH:0
BRF:0
BRH:0
end_of_record
TN:
SF:src\contexts\AuthContext.tsx
FN:54,(anonymous_6)
FN:61,(anonymous_7)
FN:68,(anonymous_8)
FN:111,(anonymous_9)
FN:125,(anonymous_10)
FN:159,(anonymous_11)
FN:164,(anonymous_12)
FN:186,(anonymous_13)
FNF:8
FNH:0
FNDA:0,(anonymous_6)
FNDA:0,(anonymous_7)
FNDA:0,(anonymous_8)
FNDA:0,(anonymous_9)
FNDA:0,(anonymous_10)
FNDA:0,(anonymous_11)
FNDA:0,(anonymous_12)
FNDA:0,(anonymous_13)
DA:1,0
DA:48,0
DA:54,0
DA:55,0
DA:56,0
DA:57,0
DA:59,0
DA:61,0
DA:62,0
DA:63,0
DA:64,0
DA:65,0
DA:68,0
DA:71,0
DA:72,0
DA:74,0
DA:90,0
DA:92,0
DA:94,0
DA:95,0
DA:96,0
DA:99,0
DA:101,0
DA:102,0
DA:103,0
DA:105,0
DA:107,0
DA:111,0
DA:112,0
DA:113,0
DA:114,0
DA:115,0
DA:118,0
DA:119,0
DA:120,0
DA:121,0
DA:125,0
DA:128,0
DA:144,0
DA:145,0
DA:147,0
DA:149,0
DA:150,0
DA:151,0
DA:153,0
DA:155,0
DA:159,0
DA:160,0
DA:161,0
DA:164,0
DA:165,0
DA:168,0
DA:179,0
DA:186,0
DA:187,0
DA:188,0
DA:189,0
DA:191,0
LF:58
LH:0
BRDA:71,0,0,0
BRDA:71,0,1,0
BRDA:71,1,0,0
BRDA:71,1,1,0
BRDA:101,2,0,0
BRDA:101,2,1,0
BRDA:102,3,0,0
BRDA:102,3,1,0
BRDA:118,4,0,0
BRDA:118,4,1,0
BRDA:134,5,0,0
BRDA:134,5,1,0
BRDA:149,6,0,0
BRDA:149,6,1,0
BRDA:150,7,0,0
BRDA:150,7,1,0
BRDA:188,8,0,0
BRDA:188,8,1,0
BRF:18
BRH:0
end_of_record
TN:
SF:src\hooks\use-mobile.tsx
FN:5,useIsMobile
FN:8,(anonymous_7)
FN:10,(anonymous_8)
FN:15,(anonymous_9)
FNF:4
FNH:0
FNDA:0,useIsMobile
FNDA:0,(anonymous_7)
FNDA:0,(anonymous_8)
FNDA:0,(anonymous_9)
DA:1,0
DA:3,0
DA:5,0
DA:6,0
DA:8,0
DA:9,0
DA:10,0
DA:11,0
DA:13,0
DA:14,0
DA:15,0
DA:18,0
LF:12
LH:0
BRF:0
BRH:0
end_of_record
TN:
SF:src\hooks\use-toast.ts
FN:27,genId
FN:58,(anonymous_7)
FN:63,(anonymous_8)
FN:74,(anonymous_9)
FN:85,(anonymous_10)
FN:98,(anonymous_11)
FN:105,(anonymous_12)
FN:124,(anonymous_13)
FN:133,dispatch
FN:135,(anonymous_15)
FN:142,toast
FN:145,(anonymous_17)
FN:150,(anonymous_18)
FN:158,(anonymous_19)
FN:171,useToast
FN:174,(anonymous_21)
FN:176,(anonymous_22)
FN:187,(anonymous_23)
FNF:18
FNH:0
FNDA:0,genId
FNDA:0,(anonymous_7)
FNDA:0,(anonymous_8)
FNDA:0,(anonymous_9)
FNDA:0,(anonymous_10)
FNDA:0,(anonymous_11)
FNDA:0,(anonymous_12)
FNDA:0,(anonymous_13)
FNDA:0,dispatch
FNDA:0,(anonymous_15)
FNDA:0,toast
FNDA:0,(anonymous_17)
FNDA:0,(anonymous_18)
FNDA:0,(anonymous_19)
FNDA:0,useToast
FNDA:0,(anonymous_21)
FNDA:0,(anonymous_22)
FNDA:0,(anonymous_23)
DA:1,0
DA:8,0
DA:9,0
DA:18,0
DA:25,0
DA:28,0
DA:29,0
DA:56,0
DA:58,0
DA:59,0
DA:60,0
DA:63,0
DA:64,0
DA:65,0
DA:71,0
DA:74,0
DA:75,0
DA:77,0
DA:83,0
DA:86,0
DA:91,0
DA:95,0
DA:96,0
DA:98,0
DA:99,0
DA:103,0
DA:106,0
DA:116,0
DA:117,0
DA:122,0
DA:124,0
DA:129,0
DA:131,0
DA:134,0
DA:135,0
DA:136,0
DA:143,0
DA:145,0
DA:146,0
DA:150,0
DA:152,0
DA:159,0
DA:164,0
DA:172,0
DA:174,0
DA:175,0
DA:176,0
DA:177,0
DA:178,0
DA:179,0
DA:184,0
DA:187,0
DA:191,0
LF:53
LH:0
BRDA:59,0,0,0
BRDA:59,0,1,0
BRDA:75,1,0,0
BRDA:75,1,1,0
BRDA:75,1,2,0
BRDA:75,1,3,0
BRDA:86,2,0,0
BRDA:86,2,1,0
BRDA:95,3,0,0
BRDA:95,3,1,0
BRDA:106,4,0,0
BRDA:106,4,1,0
BRDA:106,5,0,0
BRDA:106,5,1,0
BRDA:116,6,0,0
BRDA:116,6,1,0
BRDA:159,7,0,0
BRDA:159,7,1,0
BRDA:178,8,0,0
BRDA:178,8,1,0
BRF:20
BRH:0
end_of_record
TN:
SF:src\lib\utils.ts
FN:4,cn
FNF:1
FNH:1
FNDA:1561,cn
DA:1,6
DA:2,6
DA:4,6
DA:5,1561
LF:4
LH:4
BRF:0
BRH:0
end_of_record
TN:
SF:src\pages\Contact.tsx
FN:14,(anonymous_0)
FN:17,(anonymous_1)
FN:22,(anonymous_2)
FN:127,(anonymous_3)
FN:255,(anonymous_4)
FN:365,(anonymous_5)
FNF:6
FNH:0
FNDA:0,(anonymous_0)
FNDA:0,(anonymous_1)
FNDA:0,(anonymous_2)
FNDA:0,(anonymous_3)
FNDA:0,(anonymous_4)
FNDA:0,(anonymous_5)
DA:1,0
DA:2,0
DA:3,0
DA:4,0
DA:5,0
DA:6,0
DA:7,0
DA:8,0
DA:9,0
DA:10,0
DA:11,0
DA:12,0
DA:14,0
DA:15,0
DA:17,0
DA:18,0
DA:19,0
DA:22,0
DA:23,0
DA:28,0
DA:55,0
DA:76,0
DA:128,0
DA:256,0
DA:366,0
DA:389,0
LF:26
LH:0
BRDA:222,0,0,0
BRDA:222,0,1,0
BRF:2
BRH:0
end_of_record
TN:
SF:src\pages\Dashboard.tsx
FN:28,(anonymous_0)
FN:89,(anonymous_1)
FN:96,(anonymous_2)
FN:99,(anonymous_3)
FNF:4
FNH:0
FNDA:0,(anonymous_0)
FNDA:0,(anonymous_1)
FNDA:0,(anonymous_2)
FNDA:0,(anonymous_3)
DA:1,0
DA:2,0
DA:3,0
DA:4,0
DA:5,0
DA:6,0
DA:7,0
DA:8,0
DA:9,0
DA:10,0
DA:11,0
DA:12,0
DA:13,0
DA:28,0
DA:29,0
DA:30,0
DA:32,0
DA:89,0
DA:91,0
DA:97,0
DA:99,0
DA:125,0
LF:22
LH:0
BRDA:101,0,0,0
BRDA:101,0,1,0
BRF:2
BRH:0
end_of_record
TN:
SF:src\pages\Features.tsx
FN:22,(anonymous_0)
FN:158,(anonymous_1)
FN:179,(anonymous_2)
FN:213,(anonymous_3)
FNF:4
FNH:0
FNDA:0,(anonymous_0)
FNDA:0,(anonymous_1)
FNDA:0,(anonymous_2)
FNDA:0,(anonymous_3)
DA:1,0
DA:2,0
DA:3,0
DA:4,0
DA:5,0
DA:7,0
DA:22,0
DA:23,0
DA:74,0
DA:107,0
DA:159,0
DA:180,0
DA:214,0
DA:263,0
LF:14
LH:0
BRF:0
BRH:0
end_of_record
TN:
SF:src\pages\Index.tsx
FN:6,(anonymous_0)
FNF:1
FNH:0
FNDA:0,(anonymous_0)
DA:1,0
DA:2,0
DA:3,0
DA:4,0
DA:6,0
DA:7,0
DA:17,0
LF:7
LH:0
BRF:0
BRH:0
end_of_record
TN:
SF:src\pages\Login.tsx
FN:12,(anonymous_0)
FN:20,(anonymous_1)
FN:28,(anonymous_2)
FN:33,(anonymous_3)
FN:39,(anonymous_4)
FN:142,(anonymous_5)
FN:156,(anonymous_6)
FNF:7
FNH:0
FNDA:0,(anonymous_0)
FNDA:0,(anonymous_1)
FNDA:0,(anonymous_2)
FNDA:0,(anonymous_3)
FNDA:0,(anonymous_4)
FNDA:0,(anonymous_5)
FNDA:0,(anonymous_6)
DA:1,0
DA:2,0
DA:3,0
DA:4,0
DA:5,0
DA:6,0
DA:7,0
DA:8,0
DA:9,0
DA:10,0
DA:12,0
DA:13,0
DA:14,0
DA:15,0
DA:16,0
DA:17,0
DA:20,0
DA:21,0
DA:22,0
DA:23,0
DA:28,0
DA:29,0
DA:33,0
DA:34,0
DA:35,0
DA:39,0
DA:40,0
DA:42,0
DA:44,0
DA:49,0
DA:50,0
DA:54,0
DA:58,0
DA:142,0
DA:156,0
DA:235,0
LF:36
LH:0
BRDA:21,0,0,0
BRDA:21,0,1,0
BRDA:22,1,0,0
BRDA:22,1,1,0
BRDA:34,2,0,0
BRDA:34,2,1,0
BRDA:101,3,0,0
BRDA:101,3,1,0
BRDA:134,4,0,0
BRDA:134,4,1,0
BRDA:146,5,0,0
BRDA:146,5,1,0
BRDA:171,6,0,0
BRDA:171,6,1,0
BRF:14
BRH:0
end_of_record
TN:
SF:src\pages\NotFound.tsx
FN:4,(anonymous_0)
FN:7,(anonymous_1)
FNF:2
FNH:0
FNDA:0,(anonymous_0)
FNDA:0,(anonymous_1)
DA:1,0
DA:2,0
DA:4,0
DA:5,0
DA:7,0
DA:8,0
DA:14,0
DA:27,0
LF:8
LH:0
BRF:0
BRH:0
end_of_record
TN:
SF:src\pages\Pricing.tsx
FN:11,(anonymous_0)
FN:72,(anonymous_1)
FN:76,(anonymous_2)
FN:158,(anonymous_3)
FN:214,(anonymous_4)
FN:281,(anonymous_5)
FNF:6
FNH:0
FNDA:0,(anonymous_0)
FNDA:0,(anonymous_1)
FNDA:0,(anonymous_2)
FNDA:0,(anonymous_3)
FNDA:0,(anonymous_4)
FNDA:0,(anonymous_5)
DA:1,0
DA:2,0
DA:3,0
DA:4,0
DA:5,0
DA:6,0
DA:7,0
DA:8,0
DA:9,0
DA:11,0
DA:12,0
DA:14,0
DA:72,0
DA:73,0
DA:76,0
DA:77,0
DA:78,0
DA:79,0
DA:80,0
DA:83,0
DA:159,0
DA:215,0
DA:282,0
DA:330,0
LF:24
LH:0
BRDA:73,0,0,0
BRDA:73,0,1,0
BRDA:77,1,0,0
BRDA:77,1,1,0
BRDA:132,2,0,0
BRDA:132,2,1,0
BRDA:139,3,0,0
BRDA:139,3,1,0
BRDA:142,4,0,0
BRDA:142,4,1,0
BRDA:166,5,0,0
BRDA:166,5,1,0
BRDA:176,6,0,0
BRDA:176,6,1,0
BRDA:199,7,0,0
BRDA:199,7,1,0
BRDA:201,8,0,0
BRDA:201,8,1,0
BRDA:205,9,0,0
BRDA:205,9,1,0
BRDA:205,9,2,0
BRDA:225,10,0,0
BRDA:225,10,1,0
BRDA:230,11,0,0
BRDA:230,11,1,0
BRF:25
BRH:0
end_of_record
TN:
SF:src\pages\Profile.tsx
FN:18,(anonymous_0)
FN:112,(anonymous_1)
FN:328,(anonymous_2)
FNF:3
FNH:0
FNDA:0,(anonymous_0)
FNDA:0,(anonymous_1)
FNDA:0,(anonymous_2)
DA:1,0
DA:2,0
DA:3,0
DA:4,0
DA:5,0
DA:6,0
DA:7,0
DA:8,0
DA:9,0
DA:10,0
DA:11,0
DA:12,0
DA:13,0
DA:14,0
DA:15,0
DA:16,0
DA:18,0
DA:19,0
DA:20,0
DA:21,0
DA:24,0
DA:37,0
DA:38,0
DA:40,0
DA:112,0
DA:329,0
DA:386,0
LF:27
LH:0
BRDA:24,0,0,0
BRDA:24,0,1,0
BRDA:38,1,0,0
BRDA:38,1,1,0
BRDA:38,2,0,0
BRDA:38,2,1,0
BRDA:71,3,0,0
BRDA:71,3,1,0
BRDA:97,4,0,0
BRDA:97,4,1,0
BRDA:116,5,0,0
BRDA:116,5,1,0
BRDA:118,6,0,0
BRDA:118,6,1,0
BRDA:220,7,0,0
BRDA:220,7,1,0
BRDA:269,8,0,0
BRDA:269,8,1,0
BRF:18
BRH:0
end_of_record
TN:
SF:src\pages\Register.tsx
FN:26,(anonymous_0)
FN:37,(anonymous_1)
FN:45,(anonymous_2)
FN:49,(anonymous_3)
FN:50,(anonymous_4)
FN:53,(anonymous_5)
FN:57,(anonymous_6)
FN:90,(anonymous_7)
FN:125,(anonymous_8)
FN:131,(anonymous_9)
FN:173,(anonymous_10)
FN:240,(anonymous_11)
FN:260,(anonymous_12)
FN:282,(anonymous_13)
FN:321,(anonymous_14)
FN:341,(anonymous_15)
FN:345,(anonymous_16)
FN:370,(anonymous_17)
FN:374,(anonymous_18)
FN:404,(anonymous_19)
FN:420,(anonymous_20)
FN:429,(anonymous_21)
FN:449,(anonymous_22)
FNF:23
FNH:0
FNDA:0,(anonymous_0)
FNDA:0,(anonymous_1)
FNDA:0,(anonymous_2)
FNDA:0,(anonymous_3)
FNDA:0,(anonymous_4)
FNDA:0,(anonymous_5)
FNDA:0,(anonymous_6)
FNDA:0,(anonymous_7)
FNDA:0,(anonymous_8)
FNDA:0,(anonymous_9)
FNDA:0,(anonymous_10)
FNDA:0,(anonymous_11)
FNDA:0,(anonymous_12)
FNDA:0,(anonymous_13)
FNDA:0,(anonymous_14)
FNDA:0,(anonymous_15)
FNDA:0,(anonymous_16)
FNDA:0,(anonymous_17)
FNDA:0,(anonymous_18)
FNDA:0,(anonymous_19)
FNDA:0,(anonymous_20)
FNDA:0,(anonymous_21)
FNDA:0,(anonymous_22)
DA:1,0
DA:2,0
DA:3,0
DA:4,0
DA:5,0
DA:6,0
DA:7,0
DA:8,0
DA:9,0
DA:10,0
DA:11,0
DA:26,0
DA:27,0
DA:28,0
DA:29,0
DA:30,0
DA:31,0
DA:32,0
DA:33,0
DA:34,0
DA:37,0
DA:38,0
DA:39,0
DA:40,0
DA:45,0
DA:46,0
DA:49,0
DA:50,0
DA:52,0
DA:53,0
DA:57,0
DA:58,0
DA:60,0
DA:61,0
DA:62,0
DA:63,0
DA:64,0
DA:65,0
DA:69,0
DA:70,0
DA:71,0
DA:72,0
DA:73,0
DA:75,0
DA:76,0
DA:77,0
DA:81,0
DA:83,0
DA:86,0
DA:87,0
DA:90,0
DA:91,0
DA:93,0
DA:94,0
DA:97,0
DA:98,0
DA:99,0
DA:100,0
DA:112,0
DA:113,0
DA:114,0
DA:117,0
DA:121,0
DA:125,0
DA:126,0
DA:127,0
DA:131,0
DA:132,0
DA:135,0
DA:174,0
DA:240,0
DA:260,0
DA:282,0
DA:321,0
DA:341,0
DA:345,0
DA:370,0
DA:374,0
DA:404,0
DA:420,0
DA:429,0
DA:449,0
DA:561,0
LF:83
LH:0
BRDA:38,0,0,0
BRDA:38,0,1,0
BRDA:39,1,0,0
BRDA:39,1,1,0
BRDA:52,2,0,0
BRDA:52,2,1,0
BRDA:60,3,0,0
BRDA:60,3,1,0
BRDA:61,4,0,0
BRDA:61,4,1,0
BRDA:62,5,0,0
BRDA:62,5,1,0
BRDA:63,6,0,0
BRDA:63,6,1,0
BRDA:64,7,0,0
BRDA:64,7,1,0
BRDA:69,8,0,0
BRDA:69,8,1,0
BRDA:70,9,0,0
BRDA:70,9,1,0
BRDA:71,10,0,0
BRDA:71,10,1,0
BRDA:72,11,0,0
BRDA:72,11,1,0
BRDA:75,12,0,0
BRDA:75,12,1,0
BRDA:76,13,0,0
BRDA:76,13,1,0
BRDA:81,14,0,0
BRDA:81,14,1,0
BRDA:97,15,0,0
BRDA:97,15,1,0
BRDA:101,16,0,0
BRDA:101,16,1,0
BRDA:102,17,0,0
BRDA:102,17,1,0
BRDA:103,18,0,0
BRDA:103,18,1,0
BRDA:104,19,0,0
BRDA:104,19,1,0
BRDA:105,20,0,0
BRDA:105,20,1,0
BRDA:126,21,0,0
BRDA:126,21,1,0
BRDA:176,22,0,0
BRDA:176,22,1,0
BRDA:182,23,0,0
BRDA:182,23,1,0
BRDA:184,24,0,0
BRDA:184,24,1,0
BRDA:196,25,0,0
BRDA:196,25,1,0
BRDA:197,26,0,0
BRDA:197,26,1,0
BRDA:198,27,0,0
BRDA:198,27,1,0
BRDA:201,28,0,0
BRDA:201,28,1,0
BRDA:202,29,0,0
BRDA:202,29,1,0
BRDA:203,30,0,0
BRDA:203,30,1,0
BRDA:209,31,0,0
BRDA:209,31,1,0
BRDA:219,32,0,0
BRDA:219,32,1,0
BRDA:236,33,0,0
BRDA:236,33,1,0
BRDA:239,34,0,0
BRDA:239,34,1,0
BRDA:243,35,0,0
BRDA:243,35,1,0
BRDA:256,36,0,0
BRDA:256,36,1,0
BRDA:259,37,0,0
BRDA:259,37,1,0
BRDA:263,38,0,0
BRDA:263,38,1,0
BRDA:278,39,0,0
BRDA:278,39,1,0
BRDA:281,40,0,0
BRDA:281,40,1,0
BRDA:285,41,0,0
BRDA:285,41,1,0
BRDA:303,42,0,0
BRDA:303,42,1,0
BRDA:317,43,0,0
BRDA:317,43,1,0
BRDA:320,44,0,0
BRDA:320,44,1,0
BRDA:323,45,0,0
BRDA:323,45,1,0
BRDA:335,46,0,0
BRDA:335,46,1,0
BRDA:337,47,0,0
BRDA:337,47,1,0
BRDA:340,48,0,0
BRDA:340,48,1,0
BRDA:349,49,0,0
BRDA:349,49,1,0
BRDA:352,50,0,0
BRDA:352,50,1,0
BRDA:364,51,0,0
BRDA:364,51,1,0
BRDA:366,52,0,0
BRDA:366,52,1,0
BRDA:369,53,0,0
BRDA:369,53,1,0
BRDA:378,54,0,0
BRDA:378,54,1,0
BRDA:381,55,0,0
BRDA:381,55,1,0
BRDA:388,56,0,0
BRDA:388,56,1,0
BRDA:403,57,0,0
BRDA:403,57,1,0
BRDA:419,58,0,0
BRDA:419,58,1,0
BRDA:428,59,0,0
BRDA:428,59,1,0
BRDA:448,60,0,0
BRDA:448,60,1,0
BRDA:483,61,0,0
BRDA:483,61,1,0
BRDA:494,62,0,0
BRDA:494,62,1,0
BRDA:509,63,0,0
BRDA:509,63,1,0
BRDA:522,64,0,0
BRDA:522,64,1,0
BRDA:533,65,0,0
BRDA:533,65,1,0
BRF:132
BRH:0
end_of_record
TN:
SF:src\pages\Test.tsx
FN:3,(anonymous_1)
FNF:1
FNH:0
FNDA:0,(anonymous_1)
DA:1,0
DA:3,0
DA:4,0
DA:14,0
LF:4
LH:0
BRF:0
BRH:0
end_of_record
TN:
SF:src\services\ai.ts
FN:17,(anonymous_0)
FN:90,(anonymous_1)
FN:115,(anonymous_2)
FN:158,(anonymous_3)
FN:201,(anonymous_4)
FN:236,(anonymous_5)
FN:263,(anonymous_6)
FN:311,(anonymous_7)
FN:321,(anonymous_8)
FN:367,(anonymous_9)
FNF:10
FNH:0
FNDA:0,(anonymous_0)
FNDA:0,(anonymous_1)
FNDA:0,(anonymous_2)
FNDA:0,(anonymous_3)
FNDA:0,(anonymous_4)
FNDA:0,(anonymous_5)
FNDA:0,(anonymous_6)
FNDA:0,(anonymous_7)
FNDA:0,(anonymous_8)
FNDA:0,(anonymous_9)
DA:1,0
DA:15,0
DA:18,0
DA:19,0
DA:23,0
DA:25,0
DA:27,0
DA:91,0
DA:92,0
DA:93,0
DA:95,0
DA:97,0
DA:116,0
DA:117,0
DA:118,0
DA:120,0
DA:122,0
DA:159,0
DA:160,0
DA:164,0
DA:166,0
DA:168,0
DA:202,0
DA:203,0
DA:207,0
DA:209,0
DA:211,0
DA:237,0
DA:238,0
DA:239,0
DA:241,0
DA:243,0
DA:264,0
DA:265,0
DA:266,0
DA:268,0
DA:270,0
DA:312,0
DA:313,0
DA:315,0
DA:322,0
DA:323,0
DA:327,0
DA:329,0
DA:331,0
DA:368,0
DA:369,0
DA:373,0
DA:375,0
DA:377,0
LF:50
LH:0
BRF:0
BRH:0
end_of_record
TN:
SF:src\services\analytics.ts
FN:22,(anonymous_0)
FN:126,(anonymous_1)
FN:138,(anonymous_2)
FN:175,(anonymous_3)
FN:213,(anonymous_4)
FN:230,(anonymous_5)
FN:276,(anonymous_6)
FN:302,(anonymous_7)
FN:341,(anonymous_8)
FNF:9
FNH:0
FNDA:0,(anonymous_0)
FNDA:0,(anonymous_1)
FNDA:0,(anonymous_2)
FNDA:0,(anonymous_3)
FNDA:0,(anonymous_4)
FNDA:0,(anonymous_5)
FNDA:0,(anonymous_6)
FNDA:0,(anonymous_7)
FNDA:0,(anonymous_8)
DA:1,0
DA:20,0
DA:23,0
DA:24,0
DA:25,0
DA:27,0
DA:29,0
DA:127,0
DA:128,0
DA:133,0
DA:139,0
DA:140,0
DA:141,0
DA:143,0
DA:145,0
DA:176,0
DA:177,0
DA:178,0
DA:180,0
DA:182,0
DA:214,0
DA:215,0
DA:216,0
DA:218,0
DA:220,0
DA:231,0
DA:232,0
DA:233,0
DA:235,0
DA:237,0
DA:277,0
DA:278,0
DA:282,0
DA:284,0
DA:286,0
DA:303,0
DA:304,0
DA:308,0
DA:310,0
DA:312,0
DA:342,0
DA:343,0
DA:347,0
DA:349,0
DA:351,0
LF:45
LH:0
BRF:0
BRH:0
end_of_record
TN:
SF:src\services\auth.ts
FN:42,(anonymous_0)
FN:47,(anonymous_1)
FN:52,(anonymous_2)
FN:57,(anonymous_3)
FN:62,(anonymous_4)
FN:67,(anonymous_5)
FN:73,(anonymous_6)
FN:78,(anonymous_7)
FN:81,(anonymous_8)
FN:112,(anonymous_9)
FN:115,(anonymous_10)
FN:146,(anonymous_11)
FN:152,(anonymous_12)
FN:157,(anonymous_13)
FN:162,(anonymous_14)
FN:165,(anonymous_15)
FN:186,(anonymous_16)
FN:189,(anonymous_17)
FNF:18
FNH:0
FNDA:0,(anonymous_0)
FNDA:0,(anonymous_1)
FNDA:0,(anonymous_2)
FNDA:0,(anonymous_3)
FNDA:0,(anonymous_4)
FNDA:0,(anonymous_5)
FNDA:0,(anonymous_6)
FNDA:0,(anonymous_7)
FNDA:0,(anonymous_8)
FNDA:0,(anonymous_9)
FNDA:0,(anonymous_10)
FNDA:0,(anonymous_11)
FNDA:0,(anonymous_12)
FNDA:0,(anonymous_13)
FNDA:0,(anonymous_14)
FNDA:0,(anonymous_15)
FNDA:0,(anonymous_16)
FNDA:0,(anonymous_17)
DA:43,0
DA:44,0
DA:48,0
DA:53,0
DA:58,0
DA:63,0
DA:68,0
DA:69,0
DA:74,0
DA:79,0
DA:81,0
DA:84,0
DA:100,0
DA:102,0
DA:103,0
DA:105,0
DA:107,0
DA:113,0
DA:115,0
DA:118,0
DA:134,0
DA:136,0
DA:137,0
DA:139,0
DA:141,0
DA:147,0
DA:148,0
DA:153,0
DA:158,0
DA:163,0
DA:165,0
DA:167,0
DA:168,0
DA:169,0
DA:172,0
DA:178,0
DA:179,0
DA:181,0
DA:187,0
DA:189,0
DA:191,0
DA:192,0
DA:194,0
DA:196,0
DA:201,0
LF:45
LH:0
BRDA:69,0,0,0
BRDA:69,0,1,0
BRDA:124,1,0,0
BRDA:124,1,1,0
BRDA:158,2,0,0
BRDA:158,2,1,0
BRDA:168,3,0,0
BRDA:168,3,1,0
BRF:8
BRH:0
end_of_record
TN:
SF:src\services\collaboration.ts
FN:15,(anonymous_0)
FN:45,(anonymous_1)
FN:54,(anonymous_2)
FN:63,(anonymous_3)
FN:129,(anonymous_4)
FN:152,(anonymous_5)
FN:161,(anonymous_6)
FN:170,(anonymous_7)
FN:216,(anonymous_8)
FN:244,(anonymous_9)
FN:257,(anonymous_10)
FN:266,(anonymous_11)
FN:289,(anonymous_12)
FN:301,(anonymous_13)
FNF:14
FNH:0
FNDA:0,(anonymous_0)
FNDA:0,(anonymous_1)
FNDA:0,(anonymous_2)
FNDA:0,(anonymous_3)
FNDA:0,(anonymous_4)
FNDA:0,(anonymous_5)
FNDA:0,(anonymous_6)
FNDA:0,(anonymous_7)
FNDA:0,(anonymous_8)
FNDA:0,(anonymous_9)
FNDA:0,(anonymous_10)
FNDA:0,(anonymous_11)
FNDA:0,(anonymous_12)
FNDA:0,(anonymous_13)
DA:1,0
DA:13,0
DA:16,0
DA:17,0
DA:18,0
DA:20,0
DA:22,0
DA:46,0
DA:47,0
DA:49,0
DA:55,0
DA:56,0
DA:58,0
DA:64,0
DA:65,0
DA:66,0
DA:67,0
DA:68,0
DA:70,0
DA:71,0
DA:73,0
DA:75,0
DA:130,0
DA:131,0
DA:132,0
DA:134,0
DA:136,0
DA:153,0
DA:154,0
DA:156,0
DA:162,0
DA:163,0
DA:165,0
DA:171,0
DA:172,0
DA:173,0
DA:175,0
DA:177,0
DA:217,0
DA:218,0
DA:219,0
DA:221,0
DA:223,0
DA:245,0
DA:246,0
DA:252,0
DA:258,0
DA:259,0
DA:261,0
DA:267,0
DA:268,0
DA:269,0
DA:271,0
DA:273,0
DA:290,0
DA:291,0
DA:296,0
DA:302,0
DA:303,0
DA:304,0
DA:306,0
DA:308,0
LF:62
LH:0
BRDA:24,0,0,0
BRDA:24,0,1,0
BRDA:25,1,0,0
BRDA:25,1,1,0
BRDA:26,2,0,0
BRDA:26,2,1,0
BRDA:37,3,0,0
BRDA:37,3,1,0
BRDA:66,4,0,0
BRDA:66,4,1,0
BRDA:67,5,0,0
BRDA:67,5,1,0
BRDA:68,6,0,0
BRDA:68,6,1,0
BRDA:138,7,0,0
BRDA:138,7,1,0
BRDA:142,8,0,0
BRDA:142,8,1,0
BRDA:143,9,0,0
BRDA:143,9,1,0
BRDA:144,10,0,0
BRDA:144,10,1,0
BRDA:146,11,0,0
BRDA:146,11,1,0
BRDA:147,12,0,0
BRDA:147,12,1,0
BRF:26
BRH:0
end_of_record
TN:
SF:src\services\gamification.ts
FN:16,(anonymous_0)
FN:87,(anonymous_1)
FN:96,(anonymous_2)
FN:119,(anonymous_3)
FN:195,(anonymous_4)
FN:206,(anonymous_5)
FN:219,(anonymous_6)
FN:286,(anonymous_7)
FN:295,(anonymous_8)
FN:322,(anonymous_9)
FN:347,(anonymous_10)
FNF:11
FNH:0
FNDA:0,(anonymous_0)
FNDA:0,(anonymous_1)
FNDA:0,(anonymous_2)
FNDA:0,(anonymous_3)
FNDA:0,(anonymous_4)
FNDA:0,(anonymous_5)
FNDA:0,(anonymous_6)
FNDA:0,(anonymous_7)
FNDA:0,(anonymous_8)
FNDA:0,(anonymous_9)
FNDA:0,(anonymous_10)
DA:1,0
DA:14,0
DA:17,0
DA:18,0
DA:19,0
DA:21,0
DA:23,0
DA:88,0
DA:89,0
DA:91,0
DA:97,0
DA:98,0
DA:99,0
DA:101,0
DA:103,0
DA:120,0
DA:121,0
DA:122,0
DA:124,0
DA:126,0
DA:196,0
DA:197,0
DA:198,0
DA:200,0
DA:202,0
DA:207,0
DA:208,0
DA:213,0
DA:220,0
DA:221,0
DA:222,0
DA:224,0
DA:226,0
DA:287,0
DA:288,0
DA:290,0
DA:296,0
DA:297,0
DA:298,0
DA:300,0
DA:302,0
DA:323,0
DA:324,0
DA:325,0
DA:327,0
DA:329,0
DA:348,0
DA:349,0
DA:350,0
DA:352,0
DA:354,0
LF:51
LH:0
BRF:0
BRH:0
end_of_record
TN:
SF:src\services\marketData.ts
FN:69,(anonymous_0)
FN:118,(anonymous_1)
FN:192,(anonymous_2)
FN:265,(anonymous_3)
FNF:4
FNH:4
FNDA:2,(anonymous_0)
FNDA:4,(anonymous_1)
FNDA:3,(anonymous_2)
FNDA:2,(anonymous_3)
DA:1,1
DA:67,1
DA:70,2
DA:71,2
DA:72,1
DA:74,1
DA:76,1
DA:119,4
DA:120,4
DA:121,4
DA:122,4
DA:124,4
DA:125,3
DA:127,2
DA:129,2
DA:193,3
DA:194,3
DA:195,2
DA:197,2
DA:199,2
DA:266,2
DA:267,2
DA:273,1
DA:285,1
DA:286,1
LF:25
LH:25
BRDA:121,0,0,1
BRDA:121,0,1,3
BRDA:122,1,0,1
BRDA:122,1,1,3
BRF:4
BRH:4
end_of_record
TN:
SF:src\services\skills.ts
FN:85,(anonymous_0)
FN:115,(anonymous_1)
FN:172,(anonymous_2)
FN:236,(anonymous_3)
FN:293,(anonymous_4)
FNF:5
FNH:5
FNDA:2,(anonymous_0)
FNDA:3,(anonymous_1)
FNDA:2,(anonymous_2)
FNDA:2,(anonymous_3)
FNDA:2,(anonymous_4)
DA:1,1
DA:83,1
DA:86,2
DA:87,2
DA:88,1
DA:90,1
DA:92,1
DA:93,1
DA:95,1
DA:116,3
DA:117,3
DA:118,2
DA:120,2
DA:122,2
DA:177,2
DA:178,2
DA:179,1
DA:181,1
DA:183,1
DA:246,2
DA:247,2
DA:248,1
DA:250,1
DA:252,1
DA:254,1
DA:294,2
DA:295,2
DA:296,1
DA:298,1
DA:300,1
LF:30
LH:30
BRDA:93,0,0,0
BRDA:93,0,1,1
BRDA:93,1,0,0
BRDA:93,1,1,1
BRDA:93,2,0,1
BRDA:93,2,1,0
BRF:6
BRH:3
end_of_record
TN:
SF:src\store\userStore.ts
FN:24,(anonymous_0)
FN:32,(anonymous_1)
FN:40,(anonymous_2)
FN:44,(anonymous_3)
FN:48,(anonymous_4)
FN:60,(anonymous_5)
FN:73,(anonymous_6)
FNF:7
FNH:0
FNDA:0,(anonymous_0)
FNDA:0,(anonymous_1)
FNDA:0,(anonymous_2)
FNDA:0,(anonymous_3)
FNDA:0,(anonymous_4)
FNDA:0,(anonymous_5)
FNDA:0,(anonymous_6)
DA:1,0
DA:2,0
DA:22,0
DA:24,0
DA:33,0
DA:41,0
DA:45,0
DA:50,0
DA:51,0
DA:53,0
DA:61,0
DA:62,0
DA:63,0
DA:64,0
DA:67,0
DA:73,0
LF:16
LH:0
BRDA:62,0,0,0
BRDA:62,0,1,0
BRF:2
BRH:0
end_of_record
TN:
SF:src\utils\api.ts
FN:13,(anonymous_1)
FN:20,(anonymous_2)
FN:27,(anonymous_3)
FN:28,(anonymous_4)
FN:42,(anonymous_5)
FN:44,(anonymous_6)
FN:46,(anonymous_7)
FN:47,(anonymous_8)
FN:48,(anonymous_9)
FN:49,(anonymous_10)
FN:51,(anonymous_11)
FN:53,(anonymous_12)
FN:55,(anonymous_13)
FN:57,(anonymous_14)
FN:59,(anonymous_15)
FN:64,(anonymous_16)
FN:66,(anonymous_17)
FN:72,(anonymous_18)
FN:74,(anonymous_19)
FN:80,(anonymous_20)
FN:82,(anonymous_21)
FN:85,(anonymous_22)
FN:91,(anonymous_23)
FN:93,(anonymous_24)
FN:97,(anonymous_25)
FN:99,(anonymous_26)
FN:101,(anonymous_27)
FN:103,(anonymous_28)
FN:107,(anonymous_29)
FN:109,(anonymous_30)
FN:111,(anonymous_31)
FN:113,(anonymous_32)
FN:117,(anonymous_33)
FN:119,(anonymous_34)
FN:125,(anonymous_35)
FN:127,(anonymous_36)
FN:129,(anonymous_37)
FN:133,(anonymous_38)
FN:135,(anonymous_39)
FN:137,(anonymous_40)
FN:141,(anonymous_41)
FN:143,(anonymous_42)
FN:147,(anonymous_43)
FN:149,(anonymous_44)
FN:155,(anonymous_45)
FN:157,(anonymous_46)
FN:159,(anonymous_47)
FN:163,(anonymous_48)
FN:165,(anonymous_49)
FN:169,(anonymous_50)
FN:171,(anonymous_51)
FN:175,(anonymous_52)
FN:177,(anonymous_53)
FN:183,(anonymous_54)
FN:185,(anonymous_55)
FN:187,(anonymous_56)
FN:191,(anonymous_57)
FN:193,(anonymous_58)
FN:195,(anonymous_59)
FN:199,(anonymous_60)
FN:201,(anonymous_61)
FN:203,(anonymous_62)
FN:207,(anonymous_63)
FN:209,(anonymous_64)
FN:215,(anonymous_65)
FN:228,(anonymous_66)
FN:232,(anonymous_67)
FN:236,(anonymous_68)
FNF:68
FNH:0
FNDA:0,(anonymous_1)
FNDA:0,(anonymous_2)
FNDA:0,(anonymous_3)
FNDA:0,(anonymous_4)
FNDA:0,(anonymous_5)
FNDA:0,(anonymous_6)
FNDA:0,(anonymous_7)
FNDA:0,(anonymous_8)
FNDA:0,(anonymous_9)
FNDA:0,(anonymous_10)
FNDA:0,(anonymous_11)
FNDA:0,(anonymous_12)
FNDA:0,(anonymous_13)
FNDA:0,(anonymous_14)
FNDA:0,(anonymous_15)
FNDA:0,(anonymous_16)
FNDA:0,(anonymous_17)
FNDA:0,(anonymous_18)
FNDA:0,(anonymous_19)
FNDA:0,(anonymous_20)
FNDA:0,(anonymous_21)
FNDA:0,(anonymous_22)
FNDA:0,(anonymous_23)
FNDA:0,(anonymous_24)
FNDA:0,(anonymous_25)
FNDA:0,(anonymous_26)
FNDA:0,(anonymous_27)
FNDA:0,(anonymous_28)
FNDA:0,(anonymous_29)
FNDA:0,(anonymous_30)
FNDA:0,(anonymous_31)
FNDA:0,(anonymous_32)
FNDA:0,(anonymous_33)
FNDA:0,(anonymous_34)
FNDA:0,(anonymous_35)
FNDA:0,(anonymous_36)
FNDA:0,(anonymous_37)
FNDA:0,(anonymous_38)
FNDA:0,(anonymous_39)
FNDA:0,(anonymous_40)
FNDA:0,(anonymous_41)
FNDA:0,(anonymous_42)
FNDA:0,(anonymous_43)
FNDA:0,(anonymous_44)
FNDA:0,(anonymous_45)
FNDA:0,(anonymous_46)
FNDA:0,(anonymous_47)
FNDA:0,(anonymous_48)
FNDA:0,(anonymous_49)
FNDA:0,(anonymous_50)
FNDA:0,(anonymous_51)
FNDA:0,(anonymous_52)
FNDA:0,(anonymous_53)
FNDA:0,(anonymous_54)
FNDA:0,(anonymous_55)
FNDA:0,(anonymous_56)
FNDA:0,(anonymous_57)
FNDA:0,(anonymous_58)
FNDA:0,(anonymous_59)
FNDA:0,(anonymous_60)
FNDA:0,(anonymous_61)
FNDA:0,(anonymous_62)
FNDA:0,(anonymous_63)
FNDA:0,(anonymous_64)
FNDA:0,(anonymous_65)
FNDA:0,(anonymous_66)
FNDA:0,(anonymous_67)
FNDA:0,(anonymous_68)
DA:1,0
DA:3,0
DA:12,0
DA:14,0
DA:15,0
DA:16,0
DA:18,0
DA:21,0
DA:26,0
DA:27,0
DA:29,0
DA:30,0
DA:31,0
DA:32,0
DA:34,0
DA:38,0
DA:40,0
DA:43,0
DA:45,0
DA:46,0
DA:47,0
DA:48,0
DA:50,0
DA:51,0
DA:54,0
DA:56,0
DA:58,0
DA:60,0
DA:65,0
DA:67,0
DA:68,0
DA:69,0
DA:70,0
DA:73,0
DA:75,0
DA:81,0
DA:83,0
DA:84,0
DA:85,0
DA:86,0
DA:89,0
DA:92,0
DA:94,0
DA:98,0
DA:100,0
DA:102,0
DA:104,0
DA:108,0
DA:110,0
DA:112,0
DA:114,0
DA:118,0
DA:120,0
DA:126,0
DA:128,0
DA:130,0
DA:134,0
DA:136,0
DA:138,0
DA:142,0
DA:144,0
DA:148,0
DA:150,0
DA:156,0
DA:158,0
DA:160,0
DA:164,0
DA:166,0
DA:170,0
DA:172,0
DA:176,0
DA:178,0
DA:184,0
DA:186,0
DA:188,0
DA:192,0
DA:194,0
DA:196,0
DA:200,0
DA:202,0
DA:204,0
DA:208,0
DA:210,0
DA:215,0
DA:216,0
DA:217,0
DA:220,0
DA:221,0
DA:224,0
DA:228,0
DA:229,0
DA:230,0
DA:232,0
DA:233,0
DA:236,0
DA:237,0
DA:240,0
LF:97
LH:0
BRDA:4,0,0,0
BRDA:4,0,1,0
BRDA:15,1,0,0
BRDA:15,1,1,0
BRDA:29,2,0,0
BRDA:29,2,1,0
BRDA:68,3,0,0
BRDA:68,3,1,0
BRDA:69,4,0,0
BRDA:69,4,1,0
BRDA:84,5,0,0
BRDA:84,5,1,0
BRDA:86,6,0,0
BRDA:86,6,1,0
BRDA:216,7,0,0
BRDA:216,7,1,0
BRDA:220,8,0,0
BRDA:220,8,1,0
BRF:18
BRH:0
end_of_record
TN:
SF:src\utils\helpers.ts
FN:2,(anonymous_0)
FN:11,(anonymous_1)
FN:25,(anonymous_2)
FN:29,(anonymous_3)
FN:35,(anonymous_4)
FN:45,(anonymous_5)
FN:49,(anonymous_6)
FN:57,(anonymous_7)
FN:58,(anonymous_8)
FN:66,(anonymous_9)
FN:67,(anonymous_10)
FN:78,(anonymous_11)
FN:83,(anonymous_12)
FN:90,(anonymous_13)
FN:111,(anonymous_14)
FN:134,(anonymous_15)
FN:143,(anonymous_16)
FN:151,(anonymous_17)
FN:159,(anonymous_18)
FN:169,(anonymous_19)
FN:175,(anonymous_20)
FN:177,(anonymous_21)
FN:182,(anonymous_22)
FN:188,(anonymous_23)
FN:192,(anonymous_24)
FN:198,(anonymous_25)
FN:202,(anonymous_26)
FN:207,(anonymous_27)
FN:212,(anonymous_28)
FN:219,(anonymous_29)
FN:224,(anonymous_30)
FN:227,(anonymous_31)
FNF:32
FNH:0
FNDA:0,(anonymous_0)
FNDA:0,(anonymous_1)
FNDA:0,(anonymous_2)
FNDA:0,(anonymous_3)
FNDA:0,(anonymous_4)
FNDA:0,(anonymous_5)
FNDA:0,(anonymous_6)
FNDA:0,(anonymous_7)
FNDA:0,(anonymous_8)
FNDA:0,(anonymous_9)
FNDA:0,(anonymous_10)
FNDA:0,(anonymous_11)
FNDA:0,(anonymous_12)
FNDA:0,(anonymous_13)
FNDA:0,(anonymous_14)
FNDA:0,(anonymous_15)
FNDA:0,(anonymous_16)
FNDA:0,(anonymous_17)
FNDA:0,(anonymous_18)
FNDA:0,(anonymous_19)
FNDA:0,(anonymous_20)
FNDA:0,(anonymous_21)
FNDA:0,(anonymous_22)
FNDA:0,(anonymous_23)
FNDA:0,(anonymous_24)
FNDA:0,(anonymous_25)
FNDA:0,(anonymous_26)
FNDA:0,(anonymous_27)
FNDA:0,(anonymous_28)
FNDA:0,(anonymous_29)
FNDA:0,(anonymous_30)
FNDA:0,(anonymous_31)
DA:2,0
DA:3,0
DA:4,0
DA:11,0
DA:12,0
DA:13,0
DA:14,0
DA:16,0
DA:17,0
DA:18,0
DA:19,0
DA:21,0
DA:25,0
DA:26,0
DA:29,0
DA:30,0
DA:31,0
DA:35,0
DA:36,0
DA:37,0
DA:39,0
DA:40,0
DA:42,0
DA:45,0
DA:46,0
DA:49,0
DA:50,0
DA:57,0
DA:58,0
DA:59,0
DA:60,0
DA:61,0
DA:62,0
DA:66,0
DA:67,0
DA:68,0
DA:69,0
DA:71,0
DA:72,0
DA:73,0
DA:78,0
DA:79,0
DA:80,0
DA:83,0
DA:85,0
DA:86,0
DA:90,0
DA:91,0
DA:95,0
DA:98,0
DA:101,0
DA:105,0
DA:107,0
DA:111,0
DA:112,0
DA:116,0
DA:119,0
DA:122,0
DA:126,0
DA:128,0
DA:133,0
DA:135,0
DA:136,0
DA:137,0
DA:139,0
DA:144,0
DA:145,0
DA:147,0
DA:152,0
DA:153,0
DA:155,0
DA:160,0
DA:161,0
DA:163,0
DA:169,0
DA:175,0
DA:176,0
DA:177,0
DA:182,0
DA:188,0
DA:189,0
DA:190,0
DA:191,0
DA:192,0
DA:198,0
DA:199,0
DA:202,0
DA:203,0
DA:207,0
DA:208,0
DA:209,0
DA:212,0
DA:213,0
DA:214,0
DA:215,0
DA:219,0
DA:220,0
DA:224,0
DA:225,0
DA:226,0
DA:227,0
DA:228,0
DA:229,0
DA:230,0
DA:231,0
DA:232,0
DA:235,0
DA:237,0
LF:108
LH:0
BRDA:16,0,0,0
BRDA:16,0,1,0
BRDA:17,1,0,0
BRDA:17,1,1,0
BRDA:18,2,0,0
BRDA:18,2,1,0
BRDA:19,3,0,0
BRDA:19,3,1,0
BRDA:30,4,0,0
BRDA:30,4,1,0
BRDA:36,5,0,0
BRDA:36,5,1,0
BRDA:39,6,0,0
BRDA:39,6,1,0
BRDA:49,7,0,0
BRDA:60,8,0,0
BRDA:60,8,1,0
BRDA:66,9,0,0
BRDA:71,10,0,0
BRDA:71,10,1,0
BRDA:71,11,0,0
BRDA:71,11,1,0
BRDA:72,12,0,0
BRDA:72,12,1,0
BRDA:72,13,0,0
BRDA:72,13,1,0
BRDA:91,14,0,0
BRDA:91,14,1,0
BRDA:91,14,2,0
BRDA:91,14,3,0
BRDA:91,14,4,0
BRDA:91,14,5,0
BRDA:91,14,6,0
BRDA:91,14,7,0
BRDA:91,14,8,0
BRDA:91,14,9,0
BRDA:91,14,10,0
BRDA:112,15,0,0
BRDA:112,15,1,0
BRDA:112,15,2,0
BRDA:112,15,3,0
BRDA:112,15,4,0
BRDA:112,15,5,0
BRDA:112,15,6,0
BRDA:112,15,7,0
BRDA:112,15,8,0
BRDA:112,15,9,0
BRDA:112,15,10,0
BRDA:137,16,0,0
BRDA:137,16,1,0
BRDA:137,17,0,0
BRDA:137,17,1,0
BRDA:139,18,0,0
BRDA:139,18,1,0
BRDA:189,19,0,0
BRDA:189,19,1,0
BRDA:225,20,0,0
BRDA:225,20,1,0
BRDA:225,21,0,0
BRDA:225,21,1,0
BRDA:226,22,0,0
BRDA:226,22,1,0
BRDA:227,23,0,0
BRDA:227,23,1,0
BRDA:228,24,0,0
BRDA:228,24,1,0
BRDA:231,25,0,0
BRDA:231,25,1,0
BRF:68
BRH:0
end_of_record
